#
# A fatal error has been detected by the Java Runtime Environment:
#
#  SIGILL (0x4) at pc=0x00007fffc574028e, pid=18879, tid=0x000000000000080b
#
# JRE version: Java(TM) SE Runtime Environment (8.0_112-b16) (build 1.8.0_112-b16)
# Java VM: Java HotSpot(TM) 64-Bit Server VM (25.112-b16 mixed mode bsd-amd64 compressed oops)
# Problematic frame:
# C  [AppKit+0x3a528e]  -[NSApplication _crashOnException:]+0x6d
#
# Failed to write core dump. Core dumps have been disabled. To enable core dumping, try "ulimit -c unlimited" before starting Java again
#
# If you would like to submit a bug report, please visit:
#   http://bugreport.java.com/bugreport/crash.jsp
# The crash happened outside the Java Virtual Machine in native code.
# See problematic frame for where to report the bug.
#

---------------  T H R E A D  ---------------

Current thread (0x00007fc2148b1000):  JavaThread "AppKit Thread" daemon [_thread_in_native, id=2059, stack(0x00007fff52b32000,0x00007fff53332000)]

siginfo: si_signo: 4 (SIGILL), si_code: 1 (ILL_ILLOPC), si_addr: 0x00007fffc574028e

Registers:
RAX=0x00007fc21434ac00, RBX=0x00007fc2188b69a0, RCX=0x0000000000000001, RDX=0x0000000000000000
RSP=0x00007fff5332d370, RBP=0x00007fff5332d380, RSI=0x00000000000012fb, RDI=0x00007fc2135d7ec0
R8 =0x0000000008000100, R9 =0x0000000000000000, R10=0x00007fffe1f92fb8, R11=0x000000000014c1ff
R12=0x000000000000002d, R13=0x00007fffc5f18ff5, R14=0x00007fffdbe9cb40, R15=0x00007fffe1f93f80
RIP=0x00007fffc574028e, EFLAGS=0x0000000000010202, ERR=0x0000000000000000
  TRAPNO=0x0000000000000006

Top of Stack: (sp=0x00007fff5332d370)
0x00007fff5332d370:   00007fc2137a8010 00007fffc5f189f2
0x00007fff5332d380:   00007fff5332d4b0 00007fffc58105ad
0x00007fff5332d390:   00007fc21362f0a0 00007fffc5f18df1
0x00007fff5332d3a0:   00007fc21362d120 00007fc213772620
0x00007fff5332d3b0:   00007fc2188b69a0 00007fc2137ad610
0x00007fff5332d3c0:   ffffffffffffffff 00007fff5332d400
0x00007fff5332d3d0:   00007fff5332d3d8 000000000000002d
0x00007fff5332d3e0:   0000000000000000 0000000000000000
0x00007fff5332d3f0:   0000000000000000 0000000000000000
0x00007fff5332d400:   00007fc213797490 00007fc2137af550
0x00007fff5332d410:   00007fc2137af5d0 00007fc21376d820
0x00007fff5332d420:   00007fc21376d890 00007fc21376d920
0x00007fff5332d430:   00007fc2137790d0 00007fc213779140
0x00007fff5332d440:   00007fc2137791b0 00007fc213792dd0
0x00007fff5332d450:   00007fc21376f020 00007fc213779220
0x00007fff5332d460:   00007fc21377bb70 00007fc213797370
0x00007fff5332d470:   00007fc2137973e0 00007fc2137af4b0
0x00007fff5332d480:   91c3eab7fce500ad 00007fff5332d4b0
0x00007fff5332d490:   00007fc2188c96a0 00007fff5332d4c0
0x00007fff5332d4a0:   00007fc2188b69a0 00007fc21362d120
0x00007fff5332d4b0:   00007fff5332d500 00007fffc57401fc
0x00007fff5332d4c0:   6300000000040000 00007fff5332d4c0
0x00007fff5332d4d0:   91c3eab7fce500ad 00007fff5332d510
0x00007fff5332d4e0:   00007fff5332d510 0000000000000000
0x00007fff5332d4f0:   00007fff5332d500 00007fc2188b69a0
0x00007fff5332d500:   00007fff5332d530 00007fffc5808dd3
0x00007fff5332d510:   00007fff5332d8c0 0000000000000000
0x00007fff5332d520:   0000000000000001 00007fc213450360
0x00007fff5332d530:   00007fff5332d840 00007fffc6cc3e9d
0x00007fff5332d540:   00007fc213450360 00007fffc6cc3aea
0x00007fff5332d550:   00007fff5332d590 00007fc2188012b8
0x00007fff5332d560:   0000000000000000 0000000000000002 

Instructions: (pc=0x00007fffc574028e)
0x00007fffc574026e:   48 89 c7 ff 15 f9 9d fe 1b 48 8b 35 b2 5b 27 1c
0x00007fffc574027e:   48 89 c7 ff 15 e9 9d fe 1b 48 89 05 9a b1 2d 1c
0x00007fffc574028e:   0f 0b 48 89 c7 e8 7c 5c 72 00 31 ff 31 f6 31 c0
0x00007fffc574029e:   e8 e3 c3 e2 ff e8 90 5c 72 00 48 89 c3 e8 7c 5c 

Register to memory mapping:

RAX=0x00007fc21434ac00 is an unknown value
RBX=0x00007fc2188b69a0 is an unknown value
RCX=0x0000000000000001 is an unknown value
RDX=0x0000000000000000 is an unknown value
RSP=0x00007fff5332d370 is pointing into the stack for thread: 0x00007fc2148b1000
RBP=0x00007fff5332d380 is pointing into the stack for thread: 0x00007fc2148b1000
RSI=0x00000000000012fb is an unknown value
RDI=0x00007fc2135d7ec0 is an unknown value
R8 =0x0000000008000100 is an unknown value
R9 =0x0000000000000000 is an unknown value
R10=0x00007fffe1f92fb8: OBJC_CLASS_$___NSCFString+0 in /System/Library/Frameworks/CoreFoundation.framework/Versions/A/CoreFoundation at 0x00007fffc76c3000
R11=0x000000000014c1ff is an unknown value
R12=0x000000000000002d is an unknown value
R13=0x00007fffc5f18ff5: __NSStyleNameIndexTable+0x6d308 in /System/Library/Frameworks/AppKit.framework/Versions/C/AppKit at 0x00007fffc539b000
R14=0x00007fffdbe9cb40: objc_msgSend+0 in /usr/lib/libobjc.A.dylib at 0x00007fffdbe96000
R15=0x00007fffe1f93f80: OBJC_CLASS_$_NSDictionary+0 in /System/Library/Frameworks/CoreFoundation.framework/Versions/A/CoreFoundation at 0x00007fffc76c3000


Stack: [0x00007fff52b32000,0x00007fff53332000],  sp=0x00007fff5332d370,  free space=8172k
Native frames: (J=compiled Java code, j=interpreted, Vv=VM code, C=native code)
C  [AppKit+0x3a528e]  -[NSApplication _crashOnException:]+0x6d
C  [AppKit+0x4755ad]  -[NSApplication _showException:]+0x2e8
C  [AppKit+0x3a51fc]  -[NSApplication reportException:]+0x167
C  [AppKit+0x46ddd3]  uncaughtErrorProc+0x9e
C  [HIToolbox+0x8e9d]  _ZL23DispatchEventToHandlersP14EventTargetRecP14OpaqueEventRefP14HandlerCallRec+0x474
C  [HIToolbox+0x8346]  _ZL30SendEventToEventTargetInternalP14OpaqueEventRefP20OpaqueEventTargetRefP14HandlerCallRec+0x1ac
C  [HIToolbox+0x818f]  SendEventToEventTargetWithOptions+0x2b
C  [HIToolbox+0x5ef86]  SendTSMEvent_WithCompletionHandler+0x198
C  [HIToolbox+0x212378]  __SendTextInputEvent_WithCompletionHandler_block_invoke+0x248
C  [HIToolbox+0x210689]  SendTextInputEvent_WithCompletionHandler+0x482
C  [HIToolbox+0x281829]  -[IMKInputSession _postEvent:completionHandler:]+0xb0
C  [HIToolbox+0x291485]  -[IMKInputSession _copyUniCharsForRange:intoBuffer:ofLength:completionHandler:]+0x212
C  [HIToolbox+0x291c0e]  -[IMKInputSession _coreAttributesFromRange:whichAttributes:completionHandler:]+0x119
C  [HIToolbox+0x293bb0]  -[IMKInputSession attributedSubstringFromRange:completionHandler:]+0xba
C  [HIToolbox+0x2843ab]  __61-[IMKInputSession imkxpc_attributedSubstringFromRange:reply:]_block_invoke+0x212
C  [CoreFoundation+0xa73ac]  __CFRUNLOOP_IS_CALLING_OUT_TO_A_BLOCK__+0xc
C  [CoreFoundation+0x88424]  __CFRunLoopDoBlocks+0x164
C  [CoreFoundation+0x87f66]  __CFRunLoopRun+0x756
C  [CoreFoundation+0x875b4]  CFRunLoopRunSpecific+0x1a4
C  [HIToolbox+0x30f6c]  RunCurrentEventLoopInMode+0xf0
C  [HIToolbox+0x30da1]  ReceiveNextEventCommon+0x1b0
C  [HIToolbox+0x30bd6]  _BlockUntilNextEventMatchingListInModeWithFilter+0x47
C  [AppKit+0x475f5]  _DPSNextEvent+0x445
C  [AppKit+0x7578eb]  -[NSApplication(NSEvent) _nextEventMatchingEventMask:untilDate:inMode:dequeue:]+0x665
C  [libosxapp.dylib+0x23aa]  -[NSApplicationAWT nextEventMatchingMask:untilDate:inMode:dequeue:]+0x7c
C  [AppKit+0x3bfbd]  -[NSApplication run]+0x39e
C  [libosxapp.dylib+0x214d]  +[NSApplicationAWT runAWTLoopWithApp:]+0x9c
C  [libawt_lwawt.dylib+0x4615f]  -[AWTStarter starter:]+0x389
C  [Foundation+0x71f2a]  __NSThreadPerformPerform+0x146
C  [CoreFoundation+0xa7551]  __CFRUNLOOP_IS_CALLING_OUT_TO_A_SOURCE0_PERFORM_FUNCTION__+0x11
C  [CoreFoundation+0x886bd]  __CFRunLoopDoSources0+0x22d
C  [CoreFoundation+0x87bb6]  __CFRunLoopRun+0x3a6
C  [CoreFoundation+0x875b4]  CFRunLoopRunSpecific+0x1a4
C  [java+0x6465]  CreateExecutionEnvironment+0x367
C  [java+0x218c]  JLI_Launch+0x7a0
C  [java+0x84c2]  main+0x65
C  [java+0x19e4]  start+0x34
C  0x0000000000000005


---------------  P R O C E S S  ---------------

Java Threads: ( => current thread )
  0x00007fc21491e800 JavaThread "Direct Clip" daemon [_thread_blocked, id=79619, stack(0x000070001101c000,0x000070001111c000)]
  0x00007fc214a54000 JavaThread "Java Sound Event Dispatcher" daemon [_thread_blocked, id=79111, stack(0x0000700010f19000,0x0000700011019000)]
  0x00007fc21410a800 JavaThread "DestroyJavaVM" [_thread_blocked, id=7171, stack(0x000070000f951000,0x000070000fa51000)]
  0x00007fc214952800 JavaThread "Thread-1" [_thread_blocked, id=66603, stack(0x0000700010d93000,0x0000700010e93000)]
  0x00007fc213911000 JavaThread "Java2D Queue Flusher" daemon [_thread_blocked, id=60187, stack(0x0000700010c0d000,0x0000700010d0d000)]
  0x00007fc215233800 JavaThread "AWT-EventQueue-0" [_thread_in_native, id=53683, stack(0x0000700010b0a000,0x0000700010c0a000)]
  0x00007fc2148f0800 JavaThread "Java2D Disposer" daemon [_thread_blocked, id=46943, stack(0x0000700010a07000,0x0000700010b07000)]
  0x00007fc2140d8800 JavaThread "AWT-Shutdown" [_thread_blocked, id=29727, stack(0x00007000107fe000,0x00007000108fe000)]
=>0x00007fc2148b1000 JavaThread "AppKit Thread" daemon [_thread_in_native, id=2059, stack(0x00007fff52b32000,0x00007fff53332000)]
  0x00007fc21502c800 JavaThread "Service Thread" daemon [_thread_blocked, id=18691, stack(0x0000700010575000,0x0000700010675000)]
  0x00007fc21388d000 JavaThread "C1 CompilerThread2" daemon [_thread_blocked, id=18179, stack(0x0000700010472000,0x0000700010572000)]
  0x00007fc21402d800 JavaThread "C2 CompilerThread1" daemon [_thread_blocked, id=17667, stack(0x000070001036f000,0x000070001046f000)]
  0x00007fc21502c000 JavaThread "C2 CompilerThread0" daemon [_thread_blocked, id=17155, stack(0x000070001026c000,0x000070001036c000)]
  0x00007fc21481a000 JavaThread "Signal Dispatcher" daemon [_thread_blocked, id=16643, stack(0x0000700010169000,0x0000700010269000)]
  0x00007fc213813000 JavaThread "Finalizer" daemon [_thread_blocked, id=12547, stack(0x0000700010066000,0x0000700010166000)]
  0x00007fc21480f800 JavaThread "Reference Handler" daemon [_thread_blocked, id=12035, stack(0x000070000ff63000,0x0000700010063000)]

Other Threads:
  0x00007fc21480b000 VMThread [stack: 0x000070000fe60000,0x000070000ff60000] [id=11523]
  0x00007fc21388e000 WatcherThread [stack: 0x0000700010678000,0x0000700010778000] [id=19203]

VM state:not at safepoint (normal execution)

VM Mutex/Monitor currently owned by a thread: None

Heap:
 PSYoungGen      total 38400K, used 20288K [0x0000000795580000, 0x0000000798000000, 0x00000007c0000000)
  eden space 33280K, 45% used [0x0000000795580000,0x00000007964508d0,0x0000000797600000)
  from space 5120K, 99% used [0x0000000797600000,0x0000000797aff920,0x0000000797b00000)
  to   space 5120K, 0% used [0x0000000797b00000,0x0000000797b00000,0x0000000798000000)
 ParOldGen       total 87552K, used 7680K [0x0000000740000000, 0x0000000745580000, 0x0000000795580000)
  object space 87552K, 8% used [0x0000000740000000,0x0000000740780250,0x0000000745580000)
 Metaspace       used 11796K, capacity 12036K, committed 12288K, reserved 1060864K
  class space    used 1385K, capacity 1451K, committed 1536K, reserved 1048576K

Card table byte_map: [0x000000010e5c0000,0x000000010e9c1000] byte_map_base: 0x000000010abc0000

Marking Bits: (ParMarkBitMap*) 0x000000010d252d30
 Begin Bits: [0x000000012096e000, 0x000000012296e000)
 End Bits:   [0x000000012296e000, 0x000000012496e000)

Polling page: 0x000000010d947000

CodeCache: size=245760Kb used=3967Kb max_used=3978Kb free=241793Kb
 bounds [0x000000011196e000, 0x0000000111d5e000, 0x000000012096e000]
 total_blobs=1722 nmethods=1201 adapters=435
 compilation: enabled

Compilation events (10 events):
Event: 8.423 Thread 0x00007fc21388d000 1196       3       sun.java2d.pipe.BufferedContext::setClip (299 bytes)
Event: 8.426 Thread 0x00007fc21388d000 nmethod 1196 0x0000000111d4ad50 code [0x0000000111d4b080, 0x0000000111d4d938]
Event: 8.426 Thread 0x00007fc21388d000 1197       3       sun.java2d.pipe.BufferedPaints::setPaint (125 bytes)
Event: 8.428 Thread 0x00007fc21388d000 nmethod 1197 0x0000000111d480d0 code [0x0000000111d48300, 0x0000000111d49128]
Event: 8.449 Thread 0x00007fc21388d000 1199       1       java.awt.geom.AffineTransform::getScaleX (5 bytes)
Event: 8.450 Thread 0x00007fc21388d000 nmethod 1199 0x0000000111d4eb90 code [0x0000000111d4ece0, 0x0000000111d4edf0]
Event: 8.450 Thread 0x00007fc21388d000 1200       1       java.awt.geom.AffineTransform::getScaleY (5 bytes)
Event: 8.450 Thread 0x00007fc21388d000 nmethod 1200 0x0000000111d4ee50 code [0x0000000111d4efa0, 0x0000000111d4f0b0]
Event: 8.589 Thread 0x00007fc21402d800 1201       4       java.awt.image.BufferedImage::getHeight (8 bytes)
Event: 8.591 Thread 0x00007fc21402d800 nmethod 1201 0x0000000111d51d90 code [0x0000000111d51ee0, 0x0000000111d51f58]

GC Heap History (2 events):
Event: 5.424 GC heap before
{Heap before GC invocations=1 (full 0):
 PSYoungGen      total 38400K, used 33278K [0x0000000795580000, 0x0000000798000000, 0x00000007c0000000)
  eden space 33280K, 99% used [0x0000000795580000,0x00000007975ff920,0x0000000797600000)
  from space 5120K, 0% used [0x0000000797b00000,0x0000000797b00000,0x0000000798000000)
  to   space 5120K, 0% used [0x0000000797600000,0x0000000797600000,0x0000000797b00000)
 ParOldGen       total 87552K, used 0K [0x0000000740000000, 0x0000000745580000, 0x0000000795580000)
  object space 87552K, 0% used [0x0000000740000000,0x0000000740000000,0x0000000745580000)
 Metaspace       used 11090K, capacity 11388K, committed 11648K, reserved 1058816K
  class space    used 1300K, capacity 1385K, committed 1408K, reserved 1048576K
Event: 5.432 GC heap after
Heap after GC invocations=1 (full 0):
 PSYoungGen      total 38400K, used 5118K [0x0000000795580000, 0x0000000798000000, 0x00000007c0000000)
  eden space 33280K, 0% used [0x0000000795580000,0x0000000795580000,0x0000000797600000)
  from space 5120K, 99% used [0x0000000797600000,0x0000000797aff920,0x0000000797b00000)
  to   space 5120K, 0% used [0x0000000797b00000,0x0000000797b00000,0x0000000798000000)
 ParOldGen       total 87552K, used 7680K [0x0000000740000000, 0x0000000745580000, 0x0000000795580000)
  object space 87552K, 8% used [0x0000000740000000,0x0000000740780250,0x0000000745580000)
 Metaspace       used 11090K, capacity 11388K, committed 11648K, reserved 1058816K
  class space    used 1300K, capacity 1385K, committed 1408K, reserved 1048576K
}

Deoptimization events (2 events):
Event: 1.262 Thread 0x00007fc213809000 Uncommon trap: reason=unstable_if action=reinterpret pc=0x0000000111b3030c method=sun.awt.image.ByteInterleavedRaster.putByteData(IIII[B)V @ 395
Event: 1.460 Thread 0x00007fc215233800 Uncommon trap: reason=unstable_if action=reinterpret pc=0x0000000111b575f4 method=java.lang.String.startsWith(Ljava/lang/String;I)Z @ 25

Internal exceptions (10 events):
Event: 0.211 Thread 0x00007fc213809000 Exception <a 'java/security/PrivilegedActionException'> (0x00000007956e0a90) thrown at [/Users/java_re/workspace/8-2-build-macosx-x86_64/jdk8u112/7935/hotspot/src/share/vm/prims/jvm.cpp, line 1390]
Event: 0.213 Thread 0x00007fc213809000 Exception <a 'java/security/PrivilegedActionException'> (0x00000007956e3d98) thrown at [/Users/java_re/workspace/8-2-build-macosx-x86_64/jdk8u112/7935/hotspot/src/share/vm/prims/jvm.cpp, line 1390]
Event: 0.213 Thread 0x00007fc213809000 Exception <a 'java/security/PrivilegedActionException'> (0x00000007956e3fa8) thrown at [/Users/java_re/workspace/8-2-build-macosx-x86_64/jdk8u112/7935/hotspot/src/share/vm/prims/jvm.cpp, line 1390]
Event: 0.345 Thread 0x00007fc213809000 Exception <a 'java/lang/NoSuchFieldError': method resolution failed> (0x00000007957be248) thrown at [/Users/java_re/workspace/8-2-build-macosx-x86_64/jdk8u112/7935/hotspot/src/share/vm/prims/methodHandles.cpp, line 1146]
Event: 0.353 Thread 0x00007fc213809000 Exception <a 'java/lang/NoSuchFieldError': method resolution failed> (0x00000007957cba18) thrown at [/Users/java_re/workspace/8-2-build-macosx-x86_64/jdk8u112/7935/hotspot/src/share/vm/prims/methodHandles.cpp, line 1146]
Event: 0.747 Thread 0x00007fc213809000 Exception <a 'java/io/FileNotFoundException'> (0x0000000795846968) thrown at [/Users/java_re/workspace/8-2-build-macosx-x86_64/jdk8u112/7935/hotspot/src/share/vm/prims/jni.cpp, line 709]
Event: 0.747 Thread 0x00007fc213809000 Exception <a 'java/io/FileNotFoundException'> (0x00000007958474f0) thrown at [/Users/java_re/workspace/8-2-build-macosx-x86_64/jdk8u112/7935/hotspot/src/share/vm/prims/jni.cpp, line 709]
Event: 1.401 Thread 0x00007fc215233800 Exception <a 'java/io/FileNotFoundException'> (0x00000007962a3ba0) thrown at [/Users/java_re/workspace/8-2-build-macosx-x86_64/jdk8u112/7935/hotspot/src/share/vm/prims/jni.cpp, line 709]
Event: 5.434 Thread 0x00007fc213813000 Exception <a 'java/lang/NullPointerException'> (0x000000079574fd48) thrown at [/Users/java_re/workspace/8-2-build-macosx-x86_64/jdk8u112/7935/hotspot/src/share/vm/interpreter/linkResolver.cpp, line 1178]
Event: 6.287 Thread 0x00007fc2148b1000 Exception <a 'java/lang/NullPointerException'> (0x00000007955dba70) thrown at [/Users/java_re/workspace/8-2-build-macosx-x86_64/jdk8u112/7935/hotspot/src/share/vm/prims/jni.cpp, line 1340]

Events (10 events):
Event: 6.360 loading class javax/swing/AbstractButton
Event: 6.360 loading class java/awt/ItemSelectable
Event: 6.360 loading class java/awt/ItemSelectable done
Event: 6.360 loading class javax/swing/AbstractButton done
Event: 6.361 Executing VM operation: Deoptimize
Event: 6.361 Executing VM operation: Deoptimize done
Event: 6.361 loading class javax/swing/JMenuItem done
Event: 6.361 loading class javax/swing/JMenu done
Event: 7.418 loading class java/awt/LightweightDispatcher$2
Event: 7.419 loading class java/awt/LightweightDispatcher$2 done


Dynamic libraries:
0x000000005254e000 	/System/Library/Frameworks/Cocoa.framework/Versions/A/Cocoa
0x000000005254e000 	/System/Library/Frameworks/Security.framework/Versions/A/Security
0x000000005254e000 	/System/Library/Frameworks/ApplicationServices.framework/Versions/A/ApplicationServices
0x000000005254e000 	/usr/lib/libz.1.dylib
0x000000005254e000 	/usr/lib/libSystem.B.dylib
0x000000005254e000 	/usr/lib/libobjc.A.dylib
0x000000005254e000 	/System/Library/Frameworks/CoreFoundation.framework/Versions/A/CoreFoundation
0x000000005254e000 	/System/Library/Frameworks/Foundation.framework/Versions/C/Foundation
0x000000005254e000 	/System/Library/Frameworks/AppKit.framework/Versions/C/AppKit
0x000000005254e000 	/System/Library/Frameworks/CoreData.framework/Versions/A/CoreData
0x000000005254e000 	/System/Library/PrivateFrameworks/RemoteViewServices.framework/Versions/A/RemoteViewServices
0x000000005254e000 	/System/Library/PrivateFrameworks/UIFoundation.framework/Versions/A/UIFoundation
0x000000005254e000 	/usr/lib/libenergytrace.dylib
0x000000005254e000 	/System/Library/PrivateFrameworks/SkyLight.framework/Versions/A/SkyLight
0x000000005254e000 	/System/Library/Frameworks/CoreGraphics.framework/Versions/A/CoreGraphics
0x000000005254e000 	/usr/lib/libScreenReader.dylib
0x000000005254e000 	/System/Library/Frameworks/Accelerate.framework/Versions/A/Accelerate
0x000000005254e000 	/System/Library/Frameworks/IOSurface.framework/Versions/A/IOSurface
0x000000005254e000 	/System/Library/Frameworks/AudioToolbox.framework/Versions/A/AudioToolbox
0x000000005254e000 	/System/Library/Frameworks/AudioUnit.framework/Versions/A/AudioUnit
0x000000005254e000 	/System/Library/PrivateFrameworks/DataDetectorsCore.framework/Versions/A/DataDetectorsCore
0x000000005254e000 	/System/Library/PrivateFrameworks/DesktopServicesPriv.framework/Versions/A/DesktopServicesPriv
0x000000005254e000 	/System/Library/Frameworks/Carbon.framework/Versions/A/Frameworks/HIToolbox.framework/Versions/A/HIToolbox
0x000000005254e000 	/usr/lib/libicucore.A.dylib
0x000000005254e000 	/System/Library/Frameworks/QuartzCore.framework/Versions/A/QuartzCore
0x000000005254e000 	/System/Library/Frameworks/Carbon.framework/Versions/A/Frameworks/SpeechRecognition.framework/Versions/A/SpeechRecognition
0x000000005254e000 	/usr/lib/libauto.dylib
0x000000005254e000 	/usr/lib/libxml2.2.dylib
0x000000005254e000 	/System/Library/PrivateFrameworks/CoreUI.framework/Versions/A/CoreUI
0x000000005254e000 	/System/Library/Frameworks/CoreAudio.framework/Versions/A/CoreAudio
0x000000005254e000 	/System/Library/Frameworks/DiskArbitration.framework/Versions/A/DiskArbitration
0x000000005254e000 	/usr/lib/liblangid.dylib
0x000000005254e000 	/System/Library/PrivateFrameworks/MultitouchSupport.framework/Versions/A/MultitouchSupport
0x000000005254e000 	/System/Library/Frameworks/IOKit.framework/Versions/A/IOKit
0x000000005254e000 	/usr/lib/libDiagnosticMessagesClient.dylib
0x000000005254e000 	/System/Library/Frameworks/CoreServices.framework/Versions/A/CoreServices
0x000000005254e000 	/System/Library/PrivateFrameworks/PerformanceAnalysis.framework/Versions/A/PerformanceAnalysis
0x000000005254e000 	/System/Library/PrivateFrameworks/GenerationalStorage.framework/Versions/A/GenerationalStorage
0x000000005254e000 	/System/Library/Frameworks/OpenGL.framework/Versions/A/OpenGL
0x000000005254e000 	/System/Library/Frameworks/CoreImage.framework/Versions/A/CoreImage
0x000000005254e000 	/System/Library/Frameworks/CoreText.framework/Versions/A/CoreText
0x000000005254e000 	/System/Library/Frameworks/ImageIO.framework/Versions/A/ImageIO
0x000000005254e000 	/System/Library/PrivateFrameworks/Backup.framework/Versions/A/Backup
0x000000005254e000 	/usr/lib/libarchive.2.dylib
0x000000005254e000 	/System/Library/Frameworks/CFNetwork.framework/Versions/A/CFNetwork
0x000000005254e000 	/System/Library/Frameworks/SystemConfiguration.framework/Versions/A/SystemConfiguration
0x000000005254e000 	/usr/lib/libCRFSuite.dylib
0x000000005254e000 	/usr/lib/libc++.1.dylib
0x000000005254e000 	/usr/lib/libc++abi.dylib
0x000000005254e000 	/usr/lib/system/libcache.dylib
0x000000005254e000 	/usr/lib/system/libcommonCrypto.dylib
0x000000005254e000 	/usr/lib/system/libcompiler_rt.dylib
0x000000005254e000 	/usr/lib/system/libcopyfile.dylib
0x000000005254e000 	/usr/lib/system/libcorecrypto.dylib
0x000000005254e000 	/usr/lib/system/libdispatch.dylib
0x000000005254e000 	/usr/lib/system/libdyld.dylib
0x000000005254e000 	/usr/lib/system/libkeymgr.dylib
0x000000005254e000 	/usr/lib/system/liblaunch.dylib
0x000000005254e000 	/usr/lib/system/libmacho.dylib
0x000000005254e000 	/usr/lib/system/libquarantine.dylib
0x000000005254e000 	/usr/lib/system/libremovefile.dylib
0x000000005254e000 	/usr/lib/system/libsystem_asl.dylib
0x000000005254e000 	/usr/lib/system/libsystem_blocks.dylib
0x000000005254e000 	/usr/lib/system/libsystem_c.dylib
0x000000005254e000 	/usr/lib/system/libsystem_configuration.dylib
0x000000005254e000 	/usr/lib/system/libsystem_coreservices.dylib
0x000000005254e000 	/usr/lib/system/libsystem_coretls.dylib
0x000000005254e000 	/usr/lib/system/libsystem_dnssd.dylib
0x000000005254e000 	/usr/lib/system/libsystem_info.dylib
0x000000005254e000 	/usr/lib/system/libsystem_kernel.dylib
0x000000005254e000 	/usr/lib/system/libsystem_m.dylib
0x000000005254e000 	/usr/lib/system/libsystem_malloc.dylib
0x000000005254e000 	/usr/lib/system/libsystem_network.dylib
0x000000005254e000 	/usr/lib/system/libsystem_networkextension.dylib
0x000000005254e000 	/usr/lib/system/libsystem_notify.dylib
0x000000005254e000 	/usr/lib/system/libsystem_platform.dylib
0x000000005254e000 	/usr/lib/system/libsystem_pthread.dylib
0x000000005254e000 	/usr/lib/system/libsystem_sandbox.dylib
0x000000005254e000 	/usr/lib/system/libsystem_secinit.dylib
0x000000005254e000 	/usr/lib/system/libsystem_symptoms.dylib
0x000000005254e000 	/usr/lib/system/libsystem_trace.dylib
0x000000005254e000 	/usr/lib/system/libunwind.dylib
0x000000005254e000 	/usr/lib/system/libxpc.dylib
0x000000005254e000 	/usr/lib/libbsm.0.dylib
0x000000005254e000 	/usr/lib/system/libkxld.dylib
0x000000005254e000 	/usr/lib/libcoretls.dylib
0x000000005254e000 	/usr/lib/libcoretls_cfhelpers.dylib
0x000000005254e000 	/usr/lib/libxar.1.dylib
0x000000005254e000 	/usr/lib/libsqlite3.dylib
0x000000005254e000 	/usr/lib/libpam.2.dylib
0x000000005254e000 	/usr/lib/libOpenScriptingUtil.dylib
0x000000005254e000 	/usr/lib/libbz2.1.0.dylib
0x000000005254e000 	/usr/lib/liblzma.5.dylib
0x000000005254e000 	/usr/lib/libnetwork.dylib
0x000000005254e000 	/usr/lib/libpcap.A.dylib
0x000000005254e000 	/System/Library/Frameworks/CoreServices.framework/Versions/A/Frameworks/FSEvents.framework/Versions/A/FSEvents
0x000000005254e000 	/System/Library/Frameworks/CoreServices.framework/Versions/A/Frameworks/CarbonCore.framework/Versions/A/CarbonCore
0x000000005254e000 	/System/Library/Frameworks/CoreServices.framework/Versions/A/Frameworks/Metadata.framework/Versions/A/Metadata
0x000000005254e000 	/System/Library/Frameworks/CoreServices.framework/Versions/A/Frameworks/OSServices.framework/Versions/A/OSServices
0x000000005254e000 	/System/Library/Frameworks/CoreServices.framework/Versions/A/Frameworks/SearchKit.framework/Versions/A/SearchKit
0x000000005254e000 	/System/Library/Frameworks/CoreServices.framework/Versions/A/Frameworks/AE.framework/Versions/A/AE
0x000000005254e000 	/System/Library/Frameworks/CoreServices.framework/Versions/A/Frameworks/LaunchServices.framework/Versions/A/LaunchServices
0x000000005254e000 	/System/Library/Frameworks/CoreServices.framework/Versions/A/Frameworks/DictionaryServices.framework/Versions/A/DictionaryServices
0x000000005254e000 	/System/Library/Frameworks/CoreServices.framework/Versions/A/Frameworks/SharedFileList.framework/Versions/A/SharedFileList
0x000000005254e000 	/System/Library/Frameworks/NetFS.framework/Versions/A/NetFS
0x000000005254e000 	/System/Library/PrivateFrameworks/NetAuth.framework/Versions/A/NetAuth
0x000000005254e000 	/System/Library/PrivateFrameworks/login.framework/Versions/A/Frameworks/loginsupport.framework/Versions/A/loginsupport
0x000000005254e000 	/System/Library/PrivateFrameworks/TCC.framework/Versions/A/TCC
0x000000005254e000 	/usr/lib/libmecabra.dylib
0x000000005254e000 	/System/Library/Frameworks/ApplicationServices.framework/Versions/A/Frameworks/ATS.framework/Versions/A/ATS
0x000000005254e000 	/System/Library/Frameworks/ApplicationServices.framework/Versions/A/Frameworks/ColorSync.framework/Versions/A/ColorSync
0x000000005254e000 	/System/Library/Frameworks/ApplicationServices.framework/Versions/A/Frameworks/HIServices.framework/Versions/A/HIServices
0x000000005254e000 	/System/Library/Frameworks/ApplicationServices.framework/Versions/A/Frameworks/LangAnalysis.framework/Versions/A/LangAnalysis
0x000000005254e000 	/System/Library/Frameworks/ApplicationServices.framework/Versions/A/Frameworks/PrintCore.framework/Versions/A/PrintCore
0x000000005254e000 	/System/Library/Frameworks/ApplicationServices.framework/Versions/A/Frameworks/QD.framework/Versions/A/QD
0x000000005254e000 	/System/Library/Frameworks/ApplicationServices.framework/Versions/A/Frameworks/SpeechSynthesis.framework/Versions/A/SpeechSynthesis
0x000000005254e000 	/System/Library/Frameworks/Accelerate.framework/Versions/A/Frameworks/vImage.framework/Versions/A/vImage
0x000000005254e000 	/System/Library/Frameworks/Accelerate.framework/Versions/A/Frameworks/vecLib.framework/Versions/A/vecLib
0x000000005254e000 	/System/Library/Frameworks/Accelerate.framework/Versions/A/Frameworks/vecLib.framework/Versions/A/libvDSP.dylib
0x000000005254e000 	/System/Library/Frameworks/Accelerate.framework/Versions/A/Frameworks/vecLib.framework/Versions/A/libBNNS.dylib
0x000000005254e000 	/System/Library/Frameworks/Accelerate.framework/Versions/A/Frameworks/vecLib.framework/Versions/A/libQuadrature.dylib
0x000000005254e000 	/System/Library/Frameworks/Accelerate.framework/Versions/A/Frameworks/vecLib.framework/Versions/A/libvMisc.dylib
0x000000005254e000 	/System/Library/Frameworks/Accelerate.framework/Versions/A/Frameworks/vecLib.framework/Versions/A/libLAPACK.dylib
0x000000005254e000 	/System/Library/Frameworks/Accelerate.framework/Versions/A/Frameworks/vecLib.framework/Versions/A/libBLAS.dylib
0x000000005254e000 	/System/Library/Frameworks/Accelerate.framework/Versions/A/Frameworks/vecLib.framework/Versions/A/libLinearAlgebra.dylib
0x000000005254e000 	/System/Library/Frameworks/Accelerate.framework/Versions/A/Frameworks/vecLib.framework/Versions/A/libSparseBLAS.dylib
0x000000005254e000 	/System/Library/Frameworks/ApplicationServices.framework/Versions/A/Frameworks/ATS.framework/Versions/A/Resources/libFontParser.dylib
0x000000005254e000 	/System/Library/Frameworks/ApplicationServices.framework/Versions/A/Frameworks/ATS.framework/Versions/A/Resources/libFontRegistry.dylib
0x000000005254e000 	/System/Library/Frameworks/ImageIO.framework/Versions/A/Resources/libJPEG.dylib
0x000000005254e000 	/System/Library/Frameworks/ImageIO.framework/Versions/A/Resources/libTIFF.dylib
0x000000005254e000 	/System/Library/Frameworks/ImageIO.framework/Versions/A/Resources/libPng.dylib
0x000000005254e000 	/System/Library/Frameworks/ImageIO.framework/Versions/A/Resources/libGIF.dylib
0x000000005254e000 	/System/Library/Frameworks/ImageIO.framework/Versions/A/Resources/libJP2.dylib
0x000000005254e000 	/System/Library/Frameworks/ImageIO.framework/Versions/A/Resources/libRadiance.dylib
0x000000005254e000 	/usr/lib/libcompression.dylib
0x000000005254e000 	/System/Library/PrivateFrameworks/AppleJPEG.framework/Versions/A/AppleJPEG
0x000000005254e000 	/usr/lib/libcups.2.dylib
0x000000005254e000 	/System/Library/Frameworks/Kerberos.framework/Versions/A/Kerberos
0x000000005254e000 	/System/Library/Frameworks/GSS.framework/Versions/A/GSS
0x000000005254e000 	/usr/lib/libresolv.9.dylib
0x000000005254e000 	/usr/lib/libiconv.2.dylib
0x000000005254e000 	/System/Library/PrivateFrameworks/Heimdal.framework/Versions/A/Heimdal
0x000000005254e000 	/usr/lib/libheimdal-asn1.dylib
0x000000005254e000 	/System/Library/Frameworks/OpenDirectory.framework/Versions/A/OpenDirectory
0x000000005254e000 	/System/Library/PrivateFrameworks/CommonAuth.framework/Versions/A/CommonAuth
0x000000005254e000 	/System/Library/Frameworks/OpenDirectory.framework/Versions/A/Frameworks/CFOpenDirectory.framework/Versions/A/CFOpenDirectory
0x000000005254e000 	/System/Library/Frameworks/SecurityFoundation.framework/Versions/A/SecurityFoundation
0x000000005254e000 	/System/Library/PrivateFrameworks/LanguageModeling.framework/Versions/A/LanguageModeling
0x000000005254e000 	/usr/lib/libmarisa.dylib
0x000000005254e000 	/usr/lib/libChineseTokenizer.dylib
0x000000005254e000 	/usr/lib/libcmph.dylib
0x000000005254e000 	/System/Library/PrivateFrameworks/CoreEmoji.framework/Versions/A/CoreEmoji
0x000000005254e000 	/System/Library/Frameworks/ServiceManagement.framework/Versions/A/ServiceManagement
0x000000005254e000 	/usr/lib/libxslt.1.dylib
0x000000005254e000 	/System/Library/Frameworks/Carbon.framework/Versions/A/Frameworks/Ink.framework/Versions/A/Ink
0x000000005254e000 	/System/Library/PrivateFrameworks/TextureIO.framework/Versions/A/TextureIO
0x000000005254e000 	/System/Library/Frameworks/Metal.framework/Versions/A/Metal
0x000000005254e000 	/usr/lib/libate.dylib
0x000000005254e000 	/System/Library/PrivateFrameworks/GPUCompiler.framework/libmetal_timestamp.dylib
0x000000005254e000 	/System/Library/Frameworks/OpenGL.framework/Versions/A/Libraries/libCoreFSCache.dylib
0x000000005254e000 	/System/Library/PrivateFrameworks/IOAccelerator.framework/Versions/A/IOAccelerator
0x000000005254e000 	/System/Library/Frameworks/CoreVideo.framework/Versions/A/CoreVideo
0x000000005254e000 	/usr/lib/libFosl_dynamic.dylib
0x000000005254e000 	/System/Library/PrivateFrameworks/MetalPerformanceShaders.framework/Versions/A/MetalPerformanceShaders
0x000000005254e000 	/System/Library/PrivateFrameworks/FaceCore.framework/Versions/A/FaceCore
0x000000005254e000 	/System/Library/Frameworks/OpenCL.framework/Versions/A/OpenCL
0x000000005254e000 	/System/Library/Frameworks/OpenGL.framework/Versions/A/Libraries/libGLU.dylib
0x000000005254e000 	/System/Library/Frameworks/OpenGL.framework/Versions/A/Libraries/libGFXShared.dylib
0x000000005254e000 	/System/Library/Frameworks/OpenGL.framework/Versions/A/Libraries/libGL.dylib
0x000000005254e000 	/System/Library/Frameworks/OpenGL.framework/Versions/A/Libraries/libGLImage.dylib
0x000000005254e000 	/System/Library/Frameworks/OpenGL.framework/Versions/A/Libraries/libCVMSPluginSupport.dylib
0x000000005254e000 	/System/Library/Frameworks/OpenGL.framework/Versions/A/Libraries/libCoreVMClient.dylib
0x000000005254e000 	/System/Library/PrivateFrameworks/CrashReporterSupport.framework/Versions/A/CrashReporterSupport
0x000000005254e000 	/System/Library/PrivateFrameworks/Sharing.framework/Versions/A/Sharing
0x000000005254e000 	/System/Library/PrivateFrameworks/IconServices.framework/Versions/A/IconServices
0x000000005254e000 	/System/Library/PrivateFrameworks/ProtocolBuffer.framework/Versions/A/ProtocolBuffer
0x000000005254e000 	/System/Library/PrivateFrameworks/Apple80211.framework/Versions/A/Apple80211
0x000000005254e000 	/System/Library/Frameworks/CoreWLAN.framework/Versions/A/CoreWLAN
0x000000005254e000 	/System/Library/PrivateFrameworks/CoreUtils.framework/Versions/A/CoreUtils
0x000000005254e000 	/System/Library/Frameworks/IOBluetooth.framework/Versions/A/IOBluetooth
0x000000005254e000 	/System/Library/PrivateFrameworks/CoreWiFi.framework/Versions/A/CoreWiFi
0x000000005254e000 	/System/Library/Frameworks/CoreBluetooth.framework/Versions/A/CoreBluetooth
0x000000005254e000 	/System/Library/Frameworks/CoreDisplay.framework/Versions/A/CoreDisplay
0x000000005254e000 	/System/Library/PrivateFrameworks/IOPresentment.framework/Versions/A/IOPresentment
0x000000005254e000 	/System/Library/PrivateFrameworks/DebugSymbols.framework/Versions/A/DebugSymbols
0x000000005254e000 	/System/Library/PrivateFrameworks/CoreSymbolication.framework/Versions/A/CoreSymbolication
0x000000005254e000 	/System/Library/PrivateFrameworks/Symbolication.framework/Versions/A/Symbolication
0x000000005254e000 	/System/Library/PrivateFrameworks/AppleFSCompression.framework/Versions/A/AppleFSCompression
0x000000005254e000 	/System/Library/PrivateFrameworks/SpeechRecognitionCore.framework/Versions/A/SpeechRecognitionCore
0x000000005254e000 	/System/Library/PrivateFrameworks/ChunkingLibrary.framework/Versions/A/ChunkingLibrary
0x000000010c91b000 	/System/Library/CoreServices/Encodings/libTraditionalChineseConverter.dylib
0x000000010c962000 	/Library/Java/JavaVirtualMachines/jdk1.8.0_112.jdk/Contents/Home/jre/lib/server/libjvm.dylib
0x000000005254e000 	/usr/lib/libstdc++.6.dylib
0x000000010d904000 	/Library/Java/JavaVirtualMachines/jdk1.8.0_112.jdk/Contents/Home/jre/lib/libverify.dylib
0x000000010d912000 	/Library/Java/JavaVirtualMachines/jdk1.8.0_112.jdk/Contents/Home/jre/lib/libjava.dylib
0x000000010d951000 	/Library/Java/JavaVirtualMachines/jdk1.8.0_112.jdk/Contents/Home/jre/lib/libzip.dylib
0x0000000110ac1000 	/System/Library/Frameworks/JavaVM.framework/Frameworks/JavaRuntimeSupport.framework/JavaRuntimeSupport
0x0000000110adb000 	/System/Library/Frameworks/JavaVM.framework/Versions/A/Frameworks/JavaNativeFoundation.framework/Versions/A/JavaNativeFoundation
0x0000000110af0000 	/System/Library/Frameworks/JavaVM.framework/Versions/A/JavaVM
0x000000005254e000 	/System/Library/Frameworks/Carbon.framework/Versions/A/Carbon
0x0000000110afd000 	/System/Library/PrivateFrameworks/JavaLaunching.framework/Versions/A/JavaLaunching
0x000000005254e000 	/System/Library/Frameworks/Carbon.framework/Versions/A/Frameworks/CommonPanels.framework/Versions/A/CommonPanels
0x000000005254e000 	/System/Library/Frameworks/Carbon.framework/Versions/A/Frameworks/Help.framework/Versions/A/Help
0x000000005254e000 	/System/Library/Frameworks/Carbon.framework/Versions/A/Frameworks/ImageCapture.framework/Versions/A/ImageCapture
0x000000005254e000 	/System/Library/Frameworks/Carbon.framework/Versions/A/Frameworks/OpenScripting.framework/Versions/A/OpenScripting
0x000000005254e000 	/System/Library/Frameworks/Carbon.framework/Versions/A/Frameworks/Print.framework/Versions/A/Print
0x000000005254e000 	/System/Library/Frameworks/Carbon.framework/Versions/A/Frameworks/SecurityHI.framework/Versions/A/SecurityHI
0x0000000110b56000 	/Library/Java/JavaVirtualMachines/jdk1.8.0_112.jdk/Contents/Home/jre/lib/libawt.dylib
0x0000000110bfe000 	/Library/Java/JavaVirtualMachines/jdk1.8.0_112.jdk/Contents/Home/jre/lib/./libmlib_image.dylib
0x0000000110cca000 	/Library/Java/JavaVirtualMachines/jdk1.8.0_112.jdk/Contents/Home/jre/lib/libawt_lwawt.dylib
0x0000000110d81000 	/Library/Java/JavaVirtualMachines/jdk1.8.0_112.jdk/Contents/Home/jre/lib/./libosxapp.dylib
0x000000005254e000 	/System/Library/Frameworks/ExceptionHandling.framework/Versions/A/ExceptionHandling
0x000000005254e000 	/System/Library/PrivateFrameworks/CoreServicesInternal.framework/Versions/A/CoreServicesInternal
0x000000005254e000 	/System/Library/CoreServices/RawCamera.bundle/Contents/MacOS/RawCamera
0x000000005254e000 	/System/Library/Frameworks/Accelerate.framework/Versions/A/Frameworks/vImage.framework/Versions/A/Libraries/libCGInterfaces.dylib
0x000000005254e000 	/System/Library/Frameworks/ApplicationServices.framework/Versions/A/Frameworks/ATS.framework/Versions/A/Resources/libTrueTypeScaler.dylib
0x000000005254e000 	/System/Library/Frameworks/OpenGL.framework/Versions/A/Resources/GLEngine.bundle/GLEngine
0x000000005254e000 	/System/Library/Frameworks/OpenGL.framework/Versions/A/Libraries/libGLProgrammability.dylib
0x0000000127419000 	/System/Library/Extensions/AppleIntelBDWGraphicsGLDriver.bundle/Contents/MacOS/AppleIntelBDWGraphicsGLDriver
0x000000005254e000 	/System/Library/PrivateFrameworks/GPUSupport.framework/Versions/A/Libraries/libGPUSupportMercury.dylib
0x000000005254e000 	/System/Library/Frameworks/OpenGL.framework/Versions/A/Resources/GLRendererFloat.bundle/GLRendererFloat
0x000000005254e000 	/System/Library/Frameworks/OpenCL.framework/Versions/A/Libraries/libcldcpuengine.dylib
0x000000005254e000 	/usr/lib/libcrypto.0.9.8.dylib
0x000000005254e000 	/System/Library/PrivateFrameworks/TrustEvaluationAgent.framework/Versions/A/TrustEvaluationAgent
0x0000000127b93000 	/System/Library/Extensions/AppleIntelBDWGraphicsMTLDriver.bundle/Contents/MacOS/AppleIntelBDWGraphicsMTLDriver
0x000000005254e000 	/System/Library/PrivateFrameworks/FamilyControls.framework/Versions/A/FamilyControls
0x000000005254e000 	/System/Library/PrivateFrameworks/CommerceKit.framework/Versions/A/Frameworks/CommerceCore.framework/Versions/A/CommerceCore
0x000000005254e000 	/System/Library/PrivateFrameworks/SystemAdministration.framework/Versions/A/SystemAdministration
0x000000005254e000 	/System/Library/PrivateFrameworks/AppContainer.framework/Versions/A/AppContainer
0x000000005254e000 	/System/Library/PrivateFrameworks/SecCodeWrapper.framework/Versions/A/SecCodeWrapper
0x000000005254e000 	/System/Library/Frameworks/DirectoryService.framework/Versions/A/DirectoryService
0x000000005254e000 	/System/Library/PrivateFrameworks/DiskImages.framework/Versions/A/DiskImages
0x000000005254e000 	/System/Library/PrivateFrameworks/LoginUIKit.framework/Versions/A/Frameworks/LoginUICore.framework/Versions/A/LoginUICore
0x000000005254e000 	/usr/lib/libCoreStorage.dylib
0x000000005254e000 	/usr/lib/libcsfde.dylib
0x000000005254e000 	/usr/lib/libodfde.dylib
0x000000005254e000 	/System/Library/Frameworks/DiscRecording.framework/Versions/A/DiscRecording
0x000000005254e000 	/usr/lib/libcurl.4.dylib
0x000000005254e000 	/System/Library/PrivateFrameworks/MediaKit.framework/Versions/A/MediaKit
0x000000005254e000 	/System/Library/PrivateFrameworks/ProtectedCloudStorage.framework/Versions/A/ProtectedCloudStorage
0x000000005254e000 	/System/Library/PrivateFrameworks/EFILogin.framework/Versions/A/EFILogin
0x000000005254e000 	/usr/lib/libutil.dylib
0x000000005254e000 	/System/Library/Frameworks/LDAP.framework/Versions/A/LDAP
0x000000005254e000 	/usr/lib/libsasl2.2.dylib
0x000000005254e000 	/System/Library/PrivateFrameworks/CoreDaemon.framework/Versions/B/CoreDaemon
0x000000005254e000 	/System/Library/PrivateFrameworks/AppleSRP.framework/Versions/A/AppleSRP
0x000000005254e000 	/System/Library/PrivateFrameworks/APFS.framework/Versions/A/APFS
0x0000000126813000 	/Library/Java/JavaVirtualMachines/jdk1.8.0_112.jdk/Contents/Home/jre/lib/libnio.dylib
0x000000012906c000 	/Library/Java/JavaVirtualMachines/jdk1.8.0_112.jdk/Contents/Home/jre/lib/./libnet.dylib
0x000000005254e000 	/System/Library/PrivateFrameworks/ViewBridge.framework/Versions/A/ViewBridge
0x000000005254e000 	/System/Library/PrivateFrameworks/XPCService.framework/Versions/A/XPCService
0x000000005254e000 	/System/Library/PrivateFrameworks/AppSandbox.framework/Versions/A/AppSandbox
0x000000005254e000 	/usr/lib/libsandbox.1.dylib
0x000000005254e000 	/usr/lib/libMatch.1.dylib
0x00000001290f2000 	/Library/Java/JavaVirtualMachines/jdk1.8.0_112.jdk/Contents/Home/jre/lib/libfontmanager.dylib
0x0000000127d30000 	/Library/Java/JavaVirtualMachines/jdk1.8.0_112.jdk/Contents/Home/jre/lib/libosxui.dylib
0x000000012a1fd000 	/Library/Java/JavaVirtualMachines/jdk1.8.0_112.jdk/Contents/Home/jre/lib/libjsound.dylib
0x0000000199986000 	/System/Library/Frameworks/CoreMIDI.framework/Versions/A/CoreMIDI
0x000000012a3ef000 	/usr/lib/libexpat.1.dylib
0x000000012a210000 	/System/Library/Extensions/AppleHDA.kext/Contents/PlugIns/AppleHDAHALPlugIn.bundle/Contents/MacOS/AppleHDAHALPlugIn
0x000000019a2b0000 	/System/Library/Components/CoreAudio.component/Contents/MacOS/CoreAudio

VM Arguments:
jvm_args: -Dfile.encoding=UTF-8 
java_command: student.demo.AlienDemo
java_class_path (initial): /Users/tamseelong/Desktop/RetroSpaceInvader/lib/GameConsole.ob.jar:/Users/tamseelong/Desktop/RetroSpaceInvader/build/classes
Launcher Type: SUN_STANDARD

Environment Variables:
PATH=/usr/bin:/bin:/usr/sbin:/sbin
LD_LIBRARY_PATH=/Library/Java/JavaVirtualMachines/jdk1.8.0_112.jdk/Contents/Home/jre/lib/amd64:/Library/Java/JavaVirtualMachines/jdk1.8.0_112.jdk/Contents/Home/jre/lib/i386:
SHELL=/bin/bash

Signal Handlers:
SIGSEGV: [libjvm.dylib+0x5b11a5], sa_mask[0]=11111111011111110111111111111111, sa_flags=SA_ONSTACK|SA_RESTART|SA_SIGINFO
SIGBUS: [libjvm.dylib+0x5b11a5], sa_mask[0]=11111111011111110111111111111111, sa_flags=SA_RESTART|SA_SIGINFO
SIGFPE: [libjvm.dylib+0x487dc0], sa_mask[0]=11111111011111110111111111111111, sa_flags=SA_RESTART|SA_SIGINFO
SIGPIPE: [libjvm.dylib+0x487dc0], sa_mask[0]=11111111011111110111111111111111, sa_flags=SA_RESTART|SA_SIGINFO
SIGXFSZ: [libjvm.dylib+0x487dc0], sa_mask[0]=11111111011111110111111111111111, sa_flags=SA_RESTART|SA_SIGINFO
SIGILL: [libjvm.dylib+0x487dc0], sa_mask[0]=11111111011111110111111111111111, sa_flags=SA_RESTART|SA_SIGINFO
SIGUSR1: SIG_DFL, sa_mask[0]=00000000000000000000000000000000, sa_flags=none
SIGUSR2: [libjvm.dylib+0x4878de], sa_mask[0]=00100000000000000000000000000000, sa_flags=SA_RESTART|SA_SIGINFO
SIGHUP: [libjvm.dylib+0x485eb5], sa_mask[0]=11111111011111110111111111111111, sa_flags=SA_RESTART|SA_SIGINFO
SIGINT: SIG_IGN, sa_mask[0]=00000000000000000000000000000000, sa_flags=none
SIGTERM: [libjvm.dylib+0x485eb5], sa_mask[0]=11111111011111110111111111111111, sa_flags=SA_RESTART|SA_SIGINFO
SIGQUIT: [libjvm.dylib+0x485eb5], sa_mask[0]=11111111011111110111111111111111, sa_flags=SA_RESTART|SA_SIGINFO


---------------  S Y S T E M  ---------------

OS:Bsduname:Darwin 16.0.0 Darwin Kernel Version 16.0.0: Mon Aug 29 17:56:20 PDT 2016; root:xnu-3789.1.32~3/RELEASE_X86_64 x86_64
rlimit: STACK 8192k, CORE 0k, NPROC 709, NOFILE 10240, AS infinity
load average:4.51 7.99 7.16

CPU:total 4 (2 cores per cpu, 2 threads per core) family 6 model 61 stepping 4, cmov, cx8, fxsr, mmx, sse, sse2, sse3, ssse3, sse4.1, sse4.2, popcnt, avx, avx2, aes, clmul, erms, 3dnowpref, lzcnt, ht, tsc, tscinvbit, bmi1, bmi2, adx

Memory: 4k page, physical 8388608k(1557360k free)

/proc/meminfo:


vm_info: Java HotSpot(TM) 64-Bit Server VM (25.112-b16) for bsd-amd64 JRE (1.8.0_112-b16), built on Sep 30 2016 22:41:41 by "java_re" with gcc 4.2.1 (Based on Apple Inc. build 5658) (LLVM build 2336.11.00)

time: Mon Feb 12 16:46:26 2018
elapsed time: 8 seconds (0d 0h 0m 8s)

