#
# A fatal error has been detected by the Java Runtime Environment:
#
#  SIGILL (0x4) at pc=0x00007fffc574028e, pid=18864, tid=0x000000000000080b
#
# JRE version: Java(TM) SE Runtime Environment (8.0_112-b16) (build 1.8.0_112-b16)
# Java VM: Java HotSpot(TM) 64-Bit Server VM (25.112-b16 mixed mode bsd-amd64 compressed oops)
# Problematic frame:
# C  [AppKit+0x3a528e]  -[NSApplication _crashOnException:]+0x6d
#
# Failed to write core dump. Core dumps have been disabled. To enable core dumping, try "ulimit -c unlimited" before starting Java again
#
# If you would like to submit a bug report, please visit:
#   http://bugreport.java.com/bugreport/crash.jsp
# The crash happened outside the Java Virtual Machine in native code.
# See problematic frame for where to report the bug.
#

---------------  T H R E A D  ---------------

Current thread (0x00007f88ff96c800):  JavaThread "AppKit Thread" daemon [_thread_in_native, id=2059, stack(0x00007fff5973e000,0x00007fff59f3e000)]

siginfo: si_signo: 4 (SIGILL), si_code: 1 (ILL_ILLOPC), si_addr: 0x00007fffc574028e

Registers:
RAX=0x00007f88ff3bf400, RBX=0x00007f88fdd66700, RCX=0x0000000000000001, RDX=0x0000000000000000
RSP=0x00007fff59f39370, RBP=0x00007fff59f39380, RSI=0x00000000000012fb, RDI=0x00007f88fdfd03f0
R8 =0x0000000008000100, R9 =0x0000000000000000, R10=0x00007fffe1f92fb8, R11=0x00000000000019ff
R12=0x000000000000002d, R13=0x00007fffc5f18ff5, R14=0x00007fffdbe9cb40, R15=0x00007fffe1f93f80
RIP=0x00007fffc574028e, EFLAGS=0x0000000000010202, ERR=0x0000000000000000
  TRAPNO=0x0000000000000006

Top of Stack: (sp=0x00007fff59f39370)
0x00007fff59f39370:   00007f88fdd572f0 00007fffc5f189f2
0x00007fff59f39380:   00007fff59f394b0 00007fffc58105ad
0x00007fff59f39390:   00007f88fde25dc0 00007fffc5f18df1
0x00007fff59f393a0:   00007f88fde24150 00007f88fdd17670
0x00007fff59f393b0:   00007f88fdd66700 00007f88fdd31700
0x00007fff59f393c0:   ffffffffffffffff 00007fff59f39400
0x00007fff59f393d0:   00007fff59f393d8 000000000000002d
0x00007fff59f393e0:   0000000000000000 0000000000000000
0x00007fff59f393f0:   0000000000000000 0000000000000000
0x00007fff59f39400:   00007f88fdda3a50 00007f88fdd70130
0x00007fff59f39410:   00007f88fdd701b0 00007f88fdd25c20
0x00007fff59f39420:   00007f88fdd25c90 00007f88fdd99aa0
0x00007fff59f39430:   00007f88fdd99b10 00007f88fdd57150
0x00007fff59f39440:   00007f88fdd571c0 00007f88fdd99b80
0x00007fff59f39450:   00007f88fdd69fb0 00007f88fdd57230
0x00007fff59f39460:   00007f88fdd57290 00007f88fdd6b740
0x00007fff59f39470:   00007f88fdd6b7b0 00007f88fdda39b0
0x00007fff59f39480:   12841c2fc6c00030 00007fff59f394b0
0x00007fff59f39490:   00007f8903961f30 00007fff59f394c0
0x00007fff59f394a0:   00007f88fdd66700 00007f88fde24150
0x00007fff59f394b0:   00007fff59f39500 00007fffc57401fc
0x00007fff59f394c0:   00007fff59f39510 00007fff59f394c0
0x00007fff59f394d0:   12841c2fc6c00030 00007fff59f39510
0x00007fff59f394e0:   00007fff59f39510 0000000000000000
0x00007fff59f394f0:   00007fff59f39500 00007f88fdd66700
0x00007fff59f39500:   00007fff59f39530 00007fffc5808dd3
0x00007fff59f39510:   00007fff59f398c0 0000000000000000
0x00007fff59f39520:   0000000000000001 00007f88fde6d110
0x00007fff59f39530:   00007fff59f39840 00007fffc6cc3e9d
0x00007fff59f39540:   00007f88fde6d110 00007fffc6cc3aea
0x00007fff59f39550:   00007fff59f39590 00007f88fdd71648
0x00007fff59f39560:   0000000000000000 0000000000000002 

Instructions: (pc=0x00007fffc574028e)
0x00007fffc574026e:   48 89 c7 ff 15 f9 9d fe 1b 48 8b 35 b2 5b 27 1c
0x00007fffc574027e:   48 89 c7 ff 15 e9 9d fe 1b 48 89 05 9a b1 2d 1c
0x00007fffc574028e:   0f 0b 48 89 c7 e8 7c 5c 72 00 31 ff 31 f6 31 c0
0x00007fffc574029e:   e8 e3 c3 e2 ff e8 90 5c 72 00 48 89 c3 e8 7c 5c 

Register to memory mapping:

RAX=0x00007f88ff3bf400 is an unknown value
RBX=0x00007f88fdd66700 is an unknown value
RCX=0x0000000000000001 is an unknown value
RDX=0x0000000000000000 is an unknown value
RSP=0x00007fff59f39370 is pointing into the stack for thread: 0x00007f88ff96c800
RBP=0x00007fff59f39380 is pointing into the stack for thread: 0x00007f88ff96c800
RSI=0x00000000000012fb is an unknown value
RDI=0x00007f88fdfd03f0 is an unknown value
R8 =0x0000000008000100 is an unknown value
R9 =0x0000000000000000 is an unknown value
R10=0x00007fffe1f92fb8: OBJC_CLASS_$___NSCFString+0 in /System/Library/Frameworks/CoreFoundation.framework/Versions/A/CoreFoundation at 0x00007fffc76c3000
R11=0x00000000000019ff is an unknown value
R12=0x000000000000002d is an unknown value
R13=0x00007fffc5f18ff5: __NSStyleNameIndexTable+0x6d308 in /System/Library/Frameworks/AppKit.framework/Versions/C/AppKit at 0x00007fffc539b000
R14=0x00007fffdbe9cb40: objc_msgSend+0 in /usr/lib/libobjc.A.dylib at 0x00007fffdbe96000
R15=0x00007fffe1f93f80: OBJC_CLASS_$_NSDictionary+0 in /System/Library/Frameworks/CoreFoundation.framework/Versions/A/CoreFoundation at 0x00007fffc76c3000


Stack: [0x00007fff5973e000,0x00007fff59f3e000],  sp=0x00007fff59f39370,  free space=8172k
Native frames: (J=compiled Java code, j=interpreted, Vv=VM code, C=native code)
C  [AppKit+0x3a528e]  -[NSApplication _crashOnException:]+0x6d
C  [AppKit+0x4755ad]  -[NSApplication _showException:]+0x2e8
C  [AppKit+0x3a51fc]  -[NSApplication reportException:]+0x167
C  [AppKit+0x46ddd3]  uncaughtErrorProc+0x9e
C  [HIToolbox+0x8e9d]  DispatchEventToHandlers(EventTargetRec*, OpaqueEventRef*, HandlerCallRec*)+0x474
C  [HIToolbox+0x8346]  SendEventToEventTargetInternal(OpaqueEventRef*, OpaqueEventTargetRef*, HandlerCallRec*)+0x1ac
C  [HIToolbox+0x818f]  SendEventToEventTargetWithOptions+0x2b
C  [HIToolbox+0x5ef86]  SendTSMEvent_WithCompletionHandler+0x198
C  [HIToolbox+0x212378]  __SendTextInputEvent_WithCompletionHandler_block_invoke+0x248
C  [HIToolbox+0x210689]  SendTextInputEvent_WithCompletionHandler+0x482
C  [HIToolbox+0x281829]  -[IMKInputSession _postEvent:completionHandler:]+0xb0
C  [HIToolbox+0x291485]  -[IMKInputSession _copyUniCharsForRange:intoBuffer:ofLength:completionHandler:]+0x212
C  [HIToolbox+0x291c0e]  -[IMKInputSession _coreAttributesFromRange:whichAttributes:completionHandler:]+0x119
C  [HIToolbox+0x293bb0]  -[IMKInputSession attributedSubstringFromRange:completionHandler:]+0xba
C  [HIToolbox+0x2843ab]  __61-[IMKInputSession imkxpc_attributedSubstringFromRange:reply:]_block_invoke+0x212
C  [CoreFoundation+0xa73ac]  __CFRUNLOOP_IS_CALLING_OUT_TO_A_BLOCK__+0xc
C  [CoreFoundation+0x88424]  __CFRunLoopDoBlocks+0x164
C  [CoreFoundation+0x87f66]  __CFRunLoopRun+0x756
C  [CoreFoundation+0x875b4]  CFRunLoopRunSpecific+0x1a4
C  [HIToolbox+0x30f6c]  RunCurrentEventLoopInMode+0xf0
C  [HIToolbox+0x30da1]  ReceiveNextEventCommon+0x1b0
C  [HIToolbox+0x30bd6]  _BlockUntilNextEventMatchingListInModeWithFilter+0x47
C  [AppKit+0x475f5]  _DPSNextEvent+0x445
C  [AppKit+0x7578eb]  -[NSApplication(NSEvent) _nextEventMatchingEventMask:untilDate:inMode:dequeue:]+0x665
C  [libosxapp.dylib+0x23aa]  -[NSApplicationAWT nextEventMatchingMask:untilDate:inMode:dequeue:]+0x7c
C  [AppKit+0x3bfbd]  -[NSApplication run]+0x39e
C  [libosxapp.dylib+0x214d]  +[NSApplicationAWT runAWTLoopWithApp:]+0x9c
C  [libawt_lwawt.dylib+0x4615f]  -[AWTStarter starter:]+0x389
C  [Foundation+0x71f2a]  __NSThreadPerformPerform+0x146
C  [CoreFoundation+0xa7551]  __CFRUNLOOP_IS_CALLING_OUT_TO_A_SOURCE0_PERFORM_FUNCTION__+0x11
C  [CoreFoundation+0x886bd]  __CFRunLoopDoSources0+0x22d
C  [CoreFoundation+0x87bb6]  __CFRunLoopRun+0x3a6
C  [CoreFoundation+0x875b4]  CFRunLoopRunSpecific+0x1a4
C  [java+0x6465]  CreateExecutionEnvironment+0x367
C  [java+0x218c]  JLI_Launch+0x7a0
C  [java+0x84c2]  main+0x65
C  [java+0x19e4]  start+0x34
C  0x0000000000000005


---------------  P R O C E S S  ---------------

Java Threads: ( => current thread )
  0x00007f89040b2000 JavaThread "Direct Clip" daemon [_thread_blocked, id=84251, stack(0x0000700012be2000,0x0000700012ce2000)]
  0x00007f88fff55000 JavaThread "Direct Clip" daemon [_thread_blocked, id=97295, stack(0x0000700012adf000,0x0000700012bdf000)]
  0x00007f88fe259000 JavaThread "Direct Clip" daemon [_thread_blocked, id=96783, stack(0x00007000129dc000,0x0000700012adc000)]
  0x00007f88fe27c800 JavaThread "Direct Clip" daemon [_thread_blocked, id=96271, stack(0x00007000128d9000,0x00007000129d9000)]
  0x00007f8904046800 JavaThread "Direct Clip" daemon [_thread_blocked, id=95759, stack(0x00007000127d6000,0x00007000128d6000)]
  0x00007f88ffacf000 JavaThread "Direct Clip" daemon [_thread_blocked, id=95247, stack(0x00007000126d3000,0x00007000127d3000)]
  0x00007f89043cd000 JavaThread "Direct Clip" daemon [_thread_blocked, id=94735, stack(0x00007000125d0000,0x00007000126d0000)]
  0x00007f89044d4800 JavaThread "Direct Clip" daemon [_thread_blocked, id=94231, stack(0x00007000124cd000,0x00007000125cd000)]
  0x00007f89040a9000 JavaThread "Direct Clip" daemon [_thread_blocked, id=93807, stack(0x00007000123ca000,0x00007000124ca000)]
  0x00007f890417d800 JavaThread "Direct Clip" daemon [_thread_blocked, id=93583, stack(0x00007000122c7000,0x00007000123c7000)]
  0x00007f890413e000 JavaThread "Direct Clip" daemon [_thread_blocked, id=83471, stack(0x00007000120be000,0x00007000121be000)]
  0x00007f8904134000 JavaThread "Direct Clip" daemon [_thread_blocked, id=82959, stack(0x0000700011fbb000,0x00007000120bb000)]
  0x00007f88ffeec800 JavaThread "Direct Clip" daemon [_thread_blocked, id=82451, stack(0x0000700011eb8000,0x0000700011fb8000)]
  0x00007f88ff92d800 JavaThread "Direct Clip" daemon [_thread_blocked, id=81695, stack(0x0000700011db5000,0x0000700011eb5000)]
  0x00007f88fe8cc000 JavaThread "Direct Clip" daemon [_thread_blocked, id=80923, stack(0x0000700011cb2000,0x0000700011db2000)]
  0x00007f88ff25d800 JavaThread "Direct Clip" daemon [_thread_blocked, id=80411, stack(0x0000700011baf000,0x0000700011caf000)]
  0x00007f890406d800 JavaThread "Direct Clip" daemon [_thread_blocked, id=79887, stack(0x0000700011aac000,0x0000700011bac000)]
  0x00007f88ffb90000 JavaThread "Direct Clip" daemon [_thread_blocked, id=79375, stack(0x00007000119a9000,0x0000700011aa9000)]
  0x00007f88ffbb3000 JavaThread "Direct Clip" daemon [_thread_blocked, id=78643, stack(0x00007000118a6000,0x00007000119a6000)]
  0x00007f88fe647000 JavaThread "Direct Clip" daemon [_thread_blocked, id=77059, stack(0x00007000117a3000,0x00007000118a3000)]
  0x00007f88fe646000 JavaThread "Java Sound Event Dispatcher" daemon [_thread_blocked, id=76551, stack(0x00007000116a0000,0x00007000117a0000)]
  0x00007f88fe9ab800 JavaThread "DestroyJavaVM" [_thread_blocked, id=7171, stack(0x000070001015b000,0x000070001025b000)]
  0x00007f88ff11f000 JavaThread "Thread-1" [_thread_blocked, id=67079, stack(0x000070001159d000,0x000070001169d000)]
  0x00007f88ff0be000 JavaThread "Java2D Queue Flusher" daemon [_thread_blocked, id=59943, stack(0x0000700011417000,0x0000700011517000)]
  0x00007f88ff0b6000 JavaThread "AWT-EventQueue-0" [_thread_in_native, id=58899, stack(0x0000700011314000,0x0000700011414000)]
  0x00007f88ff9d0800 JavaThread "Java2D Disposer" daemon [_thread_blocked, id=46643, stack(0x0000700011211000,0x0000700011311000)]
  0x00007f88ff0a4800 JavaThread "AWT-Shutdown" [_thread_blocked, id=29727, stack(0x0000700011008000,0x0000700011108000)]
=>0x00007f88ff96c800 JavaThread "AppKit Thread" daemon [_thread_in_native, id=2059, stack(0x00007fff5973e000,0x00007fff59f3e000)]
  0x00007f88fe06f800 JavaThread "Service Thread" daemon [_thread_blocked, id=18691, stack(0x0000700010d7f000,0x0000700010e7f000)]
  0x00007f88ff014000 JavaThread "C1 CompilerThread2" daemon [_thread_blocked, id=18179, stack(0x0000700010c7c000,0x0000700010d7c000)]
  0x00007f88ff00d800 JavaThread "C2 CompilerThread1" daemon [_thread_blocked, id=17667, stack(0x0000700010b79000,0x0000700010c79000)]
  0x00007f88fe030000 JavaThread "C2 CompilerThread0" daemon [_thread_blocked, id=17155, stack(0x0000700010a76000,0x0000700010b76000)]
  0x00007f88fe805800 JavaThread "Signal Dispatcher" daemon [_thread_blocked, id=16643, stack(0x0000700010973000,0x0000700010a73000)]
  0x00007f88ff81d000 JavaThread "Finalizer" daemon [_thread_blocked, id=12547, stack(0x0000700010870000,0x0000700010970000)]
  0x00007f88fe805000 JavaThread "Reference Handler" daemon [_thread_blocked, id=12035, stack(0x000070001076d000,0x000070001086d000)]

Other Threads:
  0x00007f88ff005000 VMThread [stack: 0x000070001066a000,0x000070001076a000] [id=11523]
  0x00007f88ff00b800 WatcherThread [stack: 0x0000700010e82000,0x0000700010f82000] [id=19203]

VM state:not at safepoint (normal execution)

VM Mutex/Monitor currently owned by a thread: None

Heap:
 PSYoungGen      total 38400K, used 38399K [0x0000000795580000, 0x0000000798000000, 0x00000007c0000000)
  eden space 33280K, 100% used [0x0000000795580000,0x0000000797600000,0x0000000797600000)
  from space 5120K, 99% used [0x0000000797600000,0x0000000797affd28,0x0000000797b00000)
  to   space 5120K, 0% used [0x0000000797b00000,0x0000000797b00000,0x0000000798000000)
 ParOldGen       total 87552K, used 9171K [0x0000000740000000, 0x0000000745580000, 0x0000000795580000)
  object space 87552K, 10% used [0x0000000740000000,0x00000007408f4ee8,0x0000000745580000)
 Metaspace       used 12569K, capacity 12820K, committed 13056K, reserved 1060864K
  class space    used 1412K, capacity 1491K, committed 1536K, reserved 1048576K

Card table byte_map: [0x0000000107962000,0x0000000107d63000] byte_map_base: 0x0000000103f62000

Marking Bits: (ParMarkBitMap*) 0x0000000106ef0d30
 Begin Bits: [0x000000010800e000, 0x000000010a00e000)
 End Bits:   [0x000000010a00e000, 0x000000010c00e000)

Polling page: 0x0000000105d99000

CodeCache: size=245760Kb used=7234Kb max_used=7377Kb free=238525Kb
 bounds [0x000000010e184000, 0x000000010e8e4000, 0x000000011d184000]
 total_blobs=2359 nmethods=1836 adapters=436
 compilation: enabled

Compilation events (10 events):
Event: 61.841 Thread 0x00007f88ff00d800 2030   !   4       student.demo.AlienDemo::cycle (5723 bytes)
Event: 62.320 Thread 0x00007f88ff00d800 nmethod 2030 0x000000010e8cb810 code [0x000000010e8cc500, 0x000000010e8d1e80]
Event: 62.600 Thread 0x00007f88ff014000 2031       1       student.demo.SpaceShip::isDie (5 bytes)
Event: 62.600 Thread 0x00007f88ff014000 nmethod 2031 0x000000010e3dd790 code [0x000000010e3dd8e0, 0x000000010e3dd9f0]
Event: 62.841 Thread 0x00007f88fe030000 2032       4       java.awt.Rectangle::clip (39 bytes)
Event: 62.843 Thread 0x00007f88fe030000 nmethod 2032 0x000000010e353590 code [0x000000010e353780, 0x000000010e353a38]
Event: 62.999 Thread 0x00007f88ff00d800 2033       4       javax.swing.JComponent::getGraphics (33 bytes)
Event: 63.000 Thread 0x00007f88ff00d800 nmethod 2033 0x000000010e5b2690 code [0x000000010e5b27e0, 0x000000010e5b2888]
Event: 63.587 Thread 0x00007f88ff014000 2034       1       student.demo.UFO::getY (5 bytes)
Event: 63.587 Thread 0x00007f88ff014000 nmethod 2034 0x000000010e740010 code [0x000000010e740160, 0x000000010e740270]

GC Heap History (6 events):
Event: 4.870 GC heap before
{Heap before GC invocations=1 (full 0):
 PSYoungGen      total 38400K, used 33280K [0x0000000795580000, 0x0000000798000000, 0x00000007c0000000)
  eden space 33280K, 100% used [0x0000000795580000,0x0000000797600000,0x0000000797600000)
  from space 5120K, 0% used [0x0000000797b00000,0x0000000797b00000,0x0000000798000000)
  to   space 5120K, 0% used [0x0000000797600000,0x0000000797600000,0x0000000797b00000)
 ParOldGen       total 87552K, used 0K [0x0000000740000000, 0x0000000745580000, 0x0000000795580000)
  object space 87552K, 0% used [0x0000000740000000,0x0000000740000000,0x0000000745580000)
 Metaspace       used 11021K, capacity 11320K, committed 11392K, reserved 1058816K
  class space    used 1300K, capacity 1385K, committed 1408K, reserved 1048576K
Event: 4.881 GC heap after
Heap after GC invocations=1 (full 0):
 PSYoungGen      total 38400K, used 5116K [0x0000000795580000, 0x0000000798000000, 0x00000007c0000000)
  eden space 33280K, 0% used [0x0000000795580000,0x0000000795580000,0x0000000797600000)
  from space 5120K, 99% used [0x0000000797600000,0x0000000797aff3f8,0x0000000797b00000)
  to   space 5120K, 0% used [0x0000000797b00000,0x0000000797b00000,0x0000000798000000)
 ParOldGen       total 87552K, used 7629K [0x0000000740000000, 0x0000000745580000, 0x0000000795580000)
  object space 87552K, 8% used [0x0000000740000000,0x0000000740773768,0x0000000745580000)
 Metaspace       used 11021K, capacity 11320K, committed 11392K, reserved 1058816K
  class space    used 1300K, capacity 1385K, committed 1408K, reserved 1048576K
}
Event: 8.174 GC heap before
{Heap before GC invocations=2 (full 0):
 PSYoungGen      total 38400K, used 38396K [0x0000000795580000, 0x0000000798000000, 0x00000007c0000000)
  eden space 33280K, 100% used [0x0000000795580000,0x0000000797600000,0x0000000797600000)
  from space 5120K, 99% used [0x0000000797600000,0x0000000797aff3f8,0x0000000797b00000)
  to   space 5120K, 0% used [0x0000000797b00000,0x0000000797b00000,0x0000000798000000)
 ParOldGen       total 87552K, used 7629K [0x0000000740000000, 0x0000000745580000, 0x0000000795580000)
  object space 87552K, 8% used [0x0000000740000000,0x0000000740773768,0x0000000745580000)
 Metaspace       used 11246K, capacity 11512K, committed 11648K, reserved 1058816K
  class space    used 1300K, capacity 1385K, committed 1408K, reserved 1048576K
Event: 8.179 GC heap after
Heap after GC invocations=2 (full 0):
 PSYoungGen      total 38400K, used 5113K [0x0000000795580000, 0x0000000798000000, 0x00000007c0000000)
  eden space 33280K, 0% used [0x0000000795580000,0x0000000795580000,0x0000000797600000)
  from space 5120K, 99% used [0x0000000797b00000,0x0000000797ffe528,0x0000000798000000)
  to   space 5120K, 0% used [0x0000000797600000,0x0000000797600000,0x0000000797b00000)
 ParOldGen       total 87552K, used 9091K [0x0000000740000000, 0x0000000745580000, 0x0000000795580000)
  object space 87552K, 10% used [0x0000000740000000,0x00000007408e0ee8,0x0000000745580000)
 Metaspace       used 11246K, capacity 11512K, committed 11648K, reserved 1058816K
  class space    used 1300K, capacity 1385K, committed 1408K, reserved 1048576K
}
Event: 13.405 GC heap before
{Heap before GC invocations=3 (full 0):
 PSYoungGen      total 38400K, used 38112K [0x0000000795580000, 0x0000000798000000, 0x00000007c0000000)
  eden space 33280K, 99% used [0x0000000795580000,0x00000007975b9c78,0x0000000797600000)
  from space 5120K, 99% used [0x0000000797b00000,0x0000000797ffe528,0x0000000798000000)
  to   space 5120K, 0% used [0x0000000797600000,0x0000000797600000,0x0000000797b00000)
 ParOldGen       total 87552K, used 9091K [0x0000000740000000, 0x0000000745580000, 0x0000000795580000)
  object space 87552K, 10% used [0x0000000740000000,0x00000007408e0ee8,0x0000000745580000)
 Metaspace       used 11411K, capacity 11708K, committed 11904K, reserved 1060864K
  class space    used 1300K, capacity 1385K, committed 1408K, reserved 1048576K
Event: 13.408 GC heap after
Heap after GC invocations=3 (full 0):
 PSYoungGen      total 38400K, used 5119K [0x0000000795580000, 0x0000000798000000, 0x00000007c0000000)
  eden space 33280K, 0% used [0x0000000795580000,0x0000000795580000,0x0000000797600000)
  from space 5120K, 99% used [0x0000000797600000,0x0000000797affd28,0x0000000797b00000)
  to   space 5120K, 0% used [0x0000000797b00000,0x0000000797b00000,0x0000000798000000)
 ParOldGen       total 87552K, used 9171K [0x0000000740000000, 0x0000000745580000, 0x0000000795580000)
  object space 87552K, 10% used [0x0000000740000000,0x00000007408f4ee8,0x0000000745580000)
 Metaspace       used 11411K, capacity 11708K, committed 11904K, reserved 1060864K
  class space    used 1300K, capacity 1385K, committed 1408K, reserved 1048576K
}

Deoptimization events (10 events):
Event: 42.798 Thread 0x00007f88ff0b6000 Uncommon trap: reason=bimorphic action=maybe_recompile pc=0x000000010e7d0458 method=sun.java2d.SurfaceData.getTransparency()I @ 4
Event: 42.826 Thread 0x00007f88ff0b6000 Uncommon trap: reason=bimorphic action=maybe_recompile pc=0x000000010e7cabf4 method=sun.java2d.SurfaceData.getTransparency()I @ 4
Event: 42.879 Thread 0x00007f88ff0b6000 Uncommon trap: reason=bimorphic action=maybe_recompile pc=0x000000010e6fc490 method=sun.java2d.SurfaceData.getTransparency()I @ 4
Event: 43.235 Thread 0x00007f88ff0b6000 Uncommon trap: reason=class_check action=maybe_recompile pc=0x000000010e68b2b0 method=java.awt.EventQueue.coalesceEvent(Ljava/awt/AWTEvent;I)Z @ 32
Event: 47.980 Thread 0x00007f88ff0b6000 Uncommon trap: reason=class_check action=maybe_recompile pc=0x000000010e68b2b0 method=java.awt.EventQueue.coalesceEvent(Ljava/awt/AWTEvent;I)Z @ 32
Event: 49.902 Thread 0x00007f88ff11f000 Uncommon trap: reason=unstable_if action=reinterpret pc=0x000000010e848be4 method=student.demo.AlienDemo.cycle()V @ 4885
Event: 58.757 Thread 0x00007f88ff0b6000 Uncommon trap: reason=class_check action=maybe_recompile pc=0x000000010e68b2b0 method=java.awt.EventQueue.coalesceEvent(Ljava/awt/AWTEvent;I)Z @ 32
Event: 62.212 Thread 0x00007f88ff0b6000 Uncommon trap: reason=bimorphic action=maybe_recompile pc=0x000000010e5cf654 method=java.util.HashMap.getNode(ILjava/lang/Object;)Ljava/util/HashMap$Node; @ 126
Event: 62.212 Thread 0x00007f88ff0b6000 Uncommon trap: reason=bimorphic action=maybe_recompile pc=0x000000010e5cf654 method=java.util.HashMap.getNode(ILjava/lang/Object;)Ljava/util/HashMap$Node; @ 126
Event: 62.212 Thread 0x00007f88ff0b6000 Uncommon trap: reason=bimorphic action=maybe_recompile pc=0x000000010e56fb9c method=java.util.HashMap.getNode(ILjava/lang/Object;)Ljava/util/HashMap$Node; @ 126

Internal exceptions (10 events):
Event: 0.245 Thread 0x00007f88ff803000 Exception <a 'java/lang/NoSuchFieldError': method resolution failed> (0x00000007957cba18) thrown at [/Users/java_re/workspace/8-2-build-macosx-x86_64/jdk8u112/7935/hotspot/src/share/vm/prims/methodHandles.cpp, line 1146]
Event: 0.628 Thread 0x00007f88ff803000 Exception <a 'java/io/FileNotFoundException'> (0x0000000795846968) thrown at [/Users/java_re/workspace/8-2-build-macosx-x86_64/jdk8u112/7935/hotspot/src/share/vm/prims/jni.cpp, line 709]
Event: 0.628 Thread 0x00007f88ff803000 Exception <a 'java/io/FileNotFoundException'> (0x00000007958474f0) thrown at [/Users/java_re/workspace/8-2-build-macosx-x86_64/jdk8u112/7935/hotspot/src/share/vm/prims/jni.cpp, line 709]
Event: 1.077 Thread 0x00007f88ff0b6000 Exception <a 'java/io/FileNotFoundException'> (0x00000007962a3c50) thrown at [/Users/java_re/workspace/8-2-build-macosx-x86_64/jdk8u112/7935/hotspot/src/share/vm/prims/jni.cpp, line 709]
Event: 4.882 Thread 0x00007f88ff81d000 Exception <a 'java/lang/NullPointerException'> (0x00000007956fd460) thrown at [/Users/java_re/workspace/8-2-build-macosx-x86_64/jdk8u112/7935/hotspot/src/share/vm/interpreter/linkResolver.cpp, line 1178]
Event: 36.970 Thread 0x00007f88ff0b6000 Implicit null exception at 0x000000010e75595c to 0x000000010e756175
Event: 39.008 Thread 0x00007f88ff96c800 Exception <a 'java/lang/NullPointerException'> (0x0000000795f0f568) thrown at [/Users/java_re/workspace/8-2-build-macosx-x86_64/jdk8u112/7935/hotspot/src/share/vm/prims/jni.cpp, line 1340]
Event: 45.723 Thread 0x00007f88ff96c800 Exception <a 'java/lang/NullPointerException'> (0x0000000795f11a40) thrown at [/Users/java_re/workspace/8-2-build-macosx-x86_64/jdk8u112/7935/hotspot/src/share/vm/prims/jni.cpp, line 1340]
Event: 54.169 Thread 0x00007f88ff96c800 Exception <a 'java/lang/NullPointerException'> (0x0000000795f17178) thrown at [/Users/java_re/workspace/8-2-build-macosx-x86_64/jdk8u112/7935/hotspot/src/share/vm/prims/jni.cpp, line 1340]
Event: 62.217 Thread 0x00007f88ff96c800 Exception <a 'java/lang/NullPointerException'> (0x0000000795f2d788) thrown at [/Users/java_re/workspace/8-2-build-macosx-x86_64/jdk8u112/7935/hotspot/src/share/vm/prims/jni.cpp, line 1340]

Events (10 events):
Event: 61.841 Thread 0x00007f88ff11f000 DEOPT UNPACKING pc=0x000000010e1cb633 sp=0x000070001169c5a0 mode 0
Event: 62.212 Thread 0x00007f88ff0b6000 Uncommon trap: trap_request=0xffffffc6 fr.pc=0x000000010e5cf654
Event: 62.212 Thread 0x00007f88ff0b6000 DEOPT PACKING pc=0x000000010e5cf654 sp=0x0000700011411540
Event: 62.212 Thread 0x00007f88ff0b6000 DEOPT UNPACKING pc=0x000000010e189229 sp=0x0000700011411488 mode 2
Event: 62.212 Thread 0x00007f88ff0b6000 Uncommon trap: trap_request=0xffffffc6 fr.pc=0x000000010e5cf654
Event: 62.212 Thread 0x00007f88ff0b6000 DEOPT PACKING pc=0x000000010e5cf654 sp=0x00007000114113c0
Event: 62.212 Thread 0x00007f88ff0b6000 DEOPT UNPACKING pc=0x000000010e189229 sp=0x0000700011411308 mode 2
Event: 62.212 Thread 0x00007f88ff0b6000 Uncommon trap: trap_request=0xffffffc6 fr.pc=0x000000010e56fb9c
Event: 62.212 Thread 0x00007f88ff0b6000 DEOPT PACKING pc=0x000000010e56fb9c sp=0x0000700011411250
Event: 62.212 Thread 0x00007f88ff0b6000 DEOPT UNPACKING pc=0x000000010e189229 sp=0x00007000114111f8 mode 2


Dynamic libraries:
0x000000005254e000 	/System/Library/Frameworks/Cocoa.framework/Versions/A/Cocoa
0x000000005254e000 	/System/Library/Frameworks/Security.framework/Versions/A/Security
0x000000005254e000 	/System/Library/Frameworks/ApplicationServices.framework/Versions/A/ApplicationServices
0x000000005254e000 	/usr/lib/libz.1.dylib
0x000000005254e000 	/usr/lib/libSystem.B.dylib
0x000000005254e000 	/usr/lib/libobjc.A.dylib
0x000000005254e000 	/System/Library/Frameworks/CoreFoundation.framework/Versions/A/CoreFoundation
0x000000005254e000 	/System/Library/Frameworks/Foundation.framework/Versions/C/Foundation
0x000000005254e000 	/System/Library/Frameworks/AppKit.framework/Versions/C/AppKit
0x000000005254e000 	/System/Library/Frameworks/CoreData.framework/Versions/A/CoreData
0x000000005254e000 	/System/Library/PrivateFrameworks/RemoteViewServices.framework/Versions/A/RemoteViewServices
0x000000005254e000 	/System/Library/PrivateFrameworks/UIFoundation.framework/Versions/A/UIFoundation
0x000000005254e000 	/usr/lib/libenergytrace.dylib
0x000000005254e000 	/System/Library/PrivateFrameworks/SkyLight.framework/Versions/A/SkyLight
0x000000005254e000 	/System/Library/Frameworks/CoreGraphics.framework/Versions/A/CoreGraphics
0x000000005254e000 	/usr/lib/libScreenReader.dylib
0x000000005254e000 	/System/Library/Frameworks/Accelerate.framework/Versions/A/Accelerate
0x000000005254e000 	/System/Library/Frameworks/IOSurface.framework/Versions/A/IOSurface
0x000000005254e000 	/System/Library/Frameworks/AudioToolbox.framework/Versions/A/AudioToolbox
0x000000005254e000 	/System/Library/Frameworks/AudioUnit.framework/Versions/A/AudioUnit
0x000000005254e000 	/System/Library/PrivateFrameworks/DataDetectorsCore.framework/Versions/A/DataDetectorsCore
0x000000005254e000 	/System/Library/PrivateFrameworks/DesktopServicesPriv.framework/Versions/A/DesktopServicesPriv
0x000000005254e000 	/System/Library/Frameworks/Carbon.framework/Versions/A/Frameworks/HIToolbox.framework/Versions/A/HIToolbox
0x000000005254e000 	/usr/lib/libicucore.A.dylib
0x000000005254e000 	/System/Library/Frameworks/QuartzCore.framework/Versions/A/QuartzCore
0x000000005254e000 	/System/Library/Frameworks/Carbon.framework/Versions/A/Frameworks/SpeechRecognition.framework/Versions/A/SpeechRecognition
0x000000005254e000 	/usr/lib/libauto.dylib
0x000000005254e000 	/usr/lib/libxml2.2.dylib
0x000000005254e000 	/System/Library/PrivateFrameworks/CoreUI.framework/Versions/A/CoreUI
0x000000005254e000 	/System/Library/Frameworks/CoreAudio.framework/Versions/A/CoreAudio
0x000000005254e000 	/System/Library/Frameworks/DiskArbitration.framework/Versions/A/DiskArbitration
0x000000005254e000 	/usr/lib/liblangid.dylib
0x000000005254e000 	/System/Library/PrivateFrameworks/MultitouchSupport.framework/Versions/A/MultitouchSupport
0x000000005254e000 	/System/Library/Frameworks/IOKit.framework/Versions/A/IOKit
0x000000005254e000 	/usr/lib/libDiagnosticMessagesClient.dylib
0x000000005254e000 	/System/Library/Frameworks/CoreServices.framework/Versions/A/CoreServices
0x000000005254e000 	/System/Library/PrivateFrameworks/PerformanceAnalysis.framework/Versions/A/PerformanceAnalysis
0x000000005254e000 	/System/Library/PrivateFrameworks/GenerationalStorage.framework/Versions/A/GenerationalStorage
0x000000005254e000 	/System/Library/Frameworks/OpenGL.framework/Versions/A/OpenGL
0x000000005254e000 	/System/Library/Frameworks/CoreImage.framework/Versions/A/CoreImage
0x000000005254e000 	/System/Library/Frameworks/CoreText.framework/Versions/A/CoreText
0x000000005254e000 	/System/Library/Frameworks/ImageIO.framework/Versions/A/ImageIO
0x000000005254e000 	/System/Library/PrivateFrameworks/Backup.framework/Versions/A/Backup
0x000000005254e000 	/usr/lib/libarchive.2.dylib
0x000000005254e000 	/System/Library/Frameworks/CFNetwork.framework/Versions/A/CFNetwork
0x000000005254e000 	/System/Library/Frameworks/SystemConfiguration.framework/Versions/A/SystemConfiguration
0x000000005254e000 	/usr/lib/libCRFSuite.dylib
0x000000005254e000 	/usr/lib/libc++.1.dylib
0x000000005254e000 	/usr/lib/libc++abi.dylib
0x000000005254e000 	/usr/lib/system/libcache.dylib
0x000000005254e000 	/usr/lib/system/libcommonCrypto.dylib
0x000000005254e000 	/usr/lib/system/libcompiler_rt.dylib
0x000000005254e000 	/usr/lib/system/libcopyfile.dylib
0x000000005254e000 	/usr/lib/system/libcorecrypto.dylib
0x000000005254e000 	/usr/lib/system/libdispatch.dylib
0x000000005254e000 	/usr/lib/system/libdyld.dylib
0x000000005254e000 	/usr/lib/system/libkeymgr.dylib
0x000000005254e000 	/usr/lib/system/liblaunch.dylib
0x000000005254e000 	/usr/lib/system/libmacho.dylib
0x000000005254e000 	/usr/lib/system/libquarantine.dylib
0x000000005254e000 	/usr/lib/system/libremovefile.dylib
0x000000005254e000 	/usr/lib/system/libsystem_asl.dylib
0x000000005254e000 	/usr/lib/system/libsystem_blocks.dylib
0x000000005254e000 	/usr/lib/system/libsystem_c.dylib
0x000000005254e000 	/usr/lib/system/libsystem_configuration.dylib
0x000000005254e000 	/usr/lib/system/libsystem_coreservices.dylib
0x000000005254e000 	/usr/lib/system/libsystem_coretls.dylib
0x000000005254e000 	/usr/lib/system/libsystem_dnssd.dylib
0x000000005254e000 	/usr/lib/system/libsystem_info.dylib
0x000000005254e000 	/usr/lib/system/libsystem_kernel.dylib
0x000000005254e000 	/usr/lib/system/libsystem_m.dylib
0x000000005254e000 	/usr/lib/system/libsystem_malloc.dylib
0x000000005254e000 	/usr/lib/system/libsystem_network.dylib
0x000000005254e000 	/usr/lib/system/libsystem_networkextension.dylib
0x000000005254e000 	/usr/lib/system/libsystem_notify.dylib
0x000000005254e000 	/usr/lib/system/libsystem_platform.dylib
0x000000005254e000 	/usr/lib/system/libsystem_pthread.dylib
0x000000005254e000 	/usr/lib/system/libsystem_sandbox.dylib
0x000000005254e000 	/usr/lib/system/libsystem_secinit.dylib
0x000000005254e000 	/usr/lib/system/libsystem_symptoms.dylib
0x000000005254e000 	/usr/lib/system/libsystem_trace.dylib
0x000000005254e000 	/usr/lib/system/libunwind.dylib
0x000000005254e000 	/usr/lib/system/libxpc.dylib
0x000000005254e000 	/usr/lib/libbsm.0.dylib
0x000000005254e000 	/usr/lib/system/libkxld.dylib
0x000000005254e000 	/usr/lib/libcoretls.dylib
0x000000005254e000 	/usr/lib/libcoretls_cfhelpers.dylib
0x000000005254e000 	/usr/lib/libxar.1.dylib
0x000000005254e000 	/usr/lib/libsqlite3.dylib
0x000000005254e000 	/usr/lib/libpam.2.dylib
0x000000005254e000 	/usr/lib/libOpenScriptingUtil.dylib
0x000000005254e000 	/usr/lib/libbz2.1.0.dylib
0x000000005254e000 	/usr/lib/liblzma.5.dylib
0x000000005254e000 	/usr/lib/libnetwork.dylib
0x000000005254e000 	/usr/lib/libpcap.A.dylib
0x000000005254e000 	/System/Library/Frameworks/CoreServices.framework/Versions/A/Frameworks/FSEvents.framework/Versions/A/FSEvents
0x000000005254e000 	/System/Library/Frameworks/CoreServices.framework/Versions/A/Frameworks/CarbonCore.framework/Versions/A/CarbonCore
0x000000005254e000 	/System/Library/Frameworks/CoreServices.framework/Versions/A/Frameworks/Metadata.framework/Versions/A/Metadata
0x000000005254e000 	/System/Library/Frameworks/CoreServices.framework/Versions/A/Frameworks/OSServices.framework/Versions/A/OSServices
0x000000005254e000 	/System/Library/Frameworks/CoreServices.framework/Versions/A/Frameworks/SearchKit.framework/Versions/A/SearchKit
0x000000005254e000 	/System/Library/Frameworks/CoreServices.framework/Versions/A/Frameworks/AE.framework/Versions/A/AE
0x000000005254e000 	/System/Library/Frameworks/CoreServices.framework/Versions/A/Frameworks/LaunchServices.framework/Versions/A/LaunchServices
0x000000005254e000 	/System/Library/Frameworks/CoreServices.framework/Versions/A/Frameworks/DictionaryServices.framework/Versions/A/DictionaryServices
0x000000005254e000 	/System/Library/Frameworks/CoreServices.framework/Versions/A/Frameworks/SharedFileList.framework/Versions/A/SharedFileList
0x000000005254e000 	/System/Library/Frameworks/NetFS.framework/Versions/A/NetFS
0x000000005254e000 	/System/Library/PrivateFrameworks/NetAuth.framework/Versions/A/NetAuth
0x000000005254e000 	/System/Library/PrivateFrameworks/login.framework/Versions/A/Frameworks/loginsupport.framework/Versions/A/loginsupport
0x000000005254e000 	/System/Library/PrivateFrameworks/TCC.framework/Versions/A/TCC
0x000000005254e000 	/usr/lib/libmecabra.dylib
0x000000005254e000 	/System/Library/Frameworks/ApplicationServices.framework/Versions/A/Frameworks/ATS.framework/Versions/A/ATS
0x000000005254e000 	/System/Library/Frameworks/ApplicationServices.framework/Versions/A/Frameworks/ColorSync.framework/Versions/A/ColorSync
0x000000005254e000 	/System/Library/Frameworks/ApplicationServices.framework/Versions/A/Frameworks/HIServices.framework/Versions/A/HIServices
0x000000005254e000 	/System/Library/Frameworks/ApplicationServices.framework/Versions/A/Frameworks/LangAnalysis.framework/Versions/A/LangAnalysis
0x000000005254e000 	/System/Library/Frameworks/ApplicationServices.framework/Versions/A/Frameworks/PrintCore.framework/Versions/A/PrintCore
0x000000005254e000 	/System/Library/Frameworks/ApplicationServices.framework/Versions/A/Frameworks/QD.framework/Versions/A/QD
0x000000005254e000 	/System/Library/Frameworks/ApplicationServices.framework/Versions/A/Frameworks/SpeechSynthesis.framework/Versions/A/SpeechSynthesis
0x000000005254e000 	/System/Library/Frameworks/Accelerate.framework/Versions/A/Frameworks/vImage.framework/Versions/A/vImage
0x000000005254e000 	/System/Library/Frameworks/Accelerate.framework/Versions/A/Frameworks/vecLib.framework/Versions/A/vecLib
0x000000005254e000 	/System/Library/Frameworks/Accelerate.framework/Versions/A/Frameworks/vecLib.framework/Versions/A/libvDSP.dylib
0x000000005254e000 	/System/Library/Frameworks/Accelerate.framework/Versions/A/Frameworks/vecLib.framework/Versions/A/libBNNS.dylib
0x000000005254e000 	/System/Library/Frameworks/Accelerate.framework/Versions/A/Frameworks/vecLib.framework/Versions/A/libQuadrature.dylib
0x000000005254e000 	/System/Library/Frameworks/Accelerate.framework/Versions/A/Frameworks/vecLib.framework/Versions/A/libvMisc.dylib
0x000000005254e000 	/System/Library/Frameworks/Accelerate.framework/Versions/A/Frameworks/vecLib.framework/Versions/A/libLAPACK.dylib
0x000000005254e000 	/System/Library/Frameworks/Accelerate.framework/Versions/A/Frameworks/vecLib.framework/Versions/A/libBLAS.dylib
0x000000005254e000 	/System/Library/Frameworks/Accelerate.framework/Versions/A/Frameworks/vecLib.framework/Versions/A/libLinearAlgebra.dylib
0x000000005254e000 	/System/Library/Frameworks/Accelerate.framework/Versions/A/Frameworks/vecLib.framework/Versions/A/libSparseBLAS.dylib
0x000000005254e000 	/System/Library/Frameworks/ApplicationServices.framework/Versions/A/Frameworks/ATS.framework/Versions/A/Resources/libFontParser.dylib
0x000000005254e000 	/System/Library/Frameworks/ApplicationServices.framework/Versions/A/Frameworks/ATS.framework/Versions/A/Resources/libFontRegistry.dylib
0x000000005254e000 	/System/Library/Frameworks/ImageIO.framework/Versions/A/Resources/libJPEG.dylib
0x000000005254e000 	/System/Library/Frameworks/ImageIO.framework/Versions/A/Resources/libTIFF.dylib
0x000000005254e000 	/System/Library/Frameworks/ImageIO.framework/Versions/A/Resources/libPng.dylib
0x000000005254e000 	/System/Library/Frameworks/ImageIO.framework/Versions/A/Resources/libGIF.dylib
0x000000005254e000 	/System/Library/Frameworks/ImageIO.framework/Versions/A/Resources/libJP2.dylib
0x000000005254e000 	/System/Library/Frameworks/ImageIO.framework/Versions/A/Resources/libRadiance.dylib
0x000000005254e000 	/usr/lib/libcompression.dylib
0x000000005254e000 	/System/Library/PrivateFrameworks/AppleJPEG.framework/Versions/A/AppleJPEG
0x000000005254e000 	/usr/lib/libcups.2.dylib
0x000000005254e000 	/System/Library/Frameworks/Kerberos.framework/Versions/A/Kerberos
0x000000005254e000 	/System/Library/Frameworks/GSS.framework/Versions/A/GSS
0x000000005254e000 	/usr/lib/libresolv.9.dylib
0x000000005254e000 	/usr/lib/libiconv.2.dylib
0x000000005254e000 	/System/Library/PrivateFrameworks/Heimdal.framework/Versions/A/Heimdal
0x000000005254e000 	/usr/lib/libheimdal-asn1.dylib
0x000000005254e000 	/System/Library/Frameworks/OpenDirectory.framework/Versions/A/OpenDirectory
0x000000005254e000 	/System/Library/PrivateFrameworks/CommonAuth.framework/Versions/A/CommonAuth
0x000000005254e000 	/System/Library/Frameworks/OpenDirectory.framework/Versions/A/Frameworks/CFOpenDirectory.framework/Versions/A/CFOpenDirectory
0x000000005254e000 	/System/Library/Frameworks/SecurityFoundation.framework/Versions/A/SecurityFoundation
0x000000005254e000 	/System/Library/PrivateFrameworks/LanguageModeling.framework/Versions/A/LanguageModeling
0x000000005254e000 	/usr/lib/libmarisa.dylib
0x000000005254e000 	/usr/lib/libChineseTokenizer.dylib
0x000000005254e000 	/usr/lib/libcmph.dylib
0x000000005254e000 	/System/Library/PrivateFrameworks/CoreEmoji.framework/Versions/A/CoreEmoji
0x000000005254e000 	/System/Library/Frameworks/ServiceManagement.framework/Versions/A/ServiceManagement
0x000000005254e000 	/usr/lib/libxslt.1.dylib
0x000000005254e000 	/System/Library/Frameworks/Carbon.framework/Versions/A/Frameworks/Ink.framework/Versions/A/Ink
0x000000005254e000 	/System/Library/PrivateFrameworks/TextureIO.framework/Versions/A/TextureIO
0x000000005254e000 	/System/Library/Frameworks/Metal.framework/Versions/A/Metal
0x000000005254e000 	/usr/lib/libate.dylib
0x000000005254e000 	/System/Library/PrivateFrameworks/GPUCompiler.framework/libmetal_timestamp.dylib
0x000000005254e000 	/System/Library/Frameworks/OpenGL.framework/Versions/A/Libraries/libCoreFSCache.dylib
0x000000005254e000 	/System/Library/PrivateFrameworks/IOAccelerator.framework/Versions/A/IOAccelerator
0x000000005254e000 	/System/Library/Frameworks/CoreVideo.framework/Versions/A/CoreVideo
0x000000005254e000 	/usr/lib/libFosl_dynamic.dylib
0x000000005254e000 	/System/Library/PrivateFrameworks/MetalPerformanceShaders.framework/Versions/A/MetalPerformanceShaders
0x000000005254e000 	/System/Library/PrivateFrameworks/FaceCore.framework/Versions/A/FaceCore
0x000000005254e000 	/System/Library/Frameworks/OpenCL.framework/Versions/A/OpenCL
0x000000005254e000 	/System/Library/Frameworks/OpenGL.framework/Versions/A/Libraries/libGLU.dylib
0x000000005254e000 	/System/Library/Frameworks/OpenGL.framework/Versions/A/Libraries/libGFXShared.dylib
0x000000005254e000 	/System/Library/Frameworks/OpenGL.framework/Versions/A/Libraries/libGL.dylib
0x000000005254e000 	/System/Library/Frameworks/OpenGL.framework/Versions/A/Libraries/libGLImage.dylib
0x000000005254e000 	/System/Library/Frameworks/OpenGL.framework/Versions/A/Libraries/libCVMSPluginSupport.dylib
0x000000005254e000 	/System/Library/Frameworks/OpenGL.framework/Versions/A/Libraries/libCoreVMClient.dylib
0x000000005254e000 	/System/Library/PrivateFrameworks/CrashReporterSupport.framework/Versions/A/CrashReporterSupport
0x000000005254e000 	/System/Library/PrivateFrameworks/Sharing.framework/Versions/A/Sharing
0x000000005254e000 	/System/Library/PrivateFrameworks/IconServices.framework/Versions/A/IconServices
0x000000005254e000 	/System/Library/PrivateFrameworks/ProtocolBuffer.framework/Versions/A/ProtocolBuffer
0x000000005254e000 	/System/Library/PrivateFrameworks/Apple80211.framework/Versions/A/Apple80211
0x000000005254e000 	/System/Library/Frameworks/CoreWLAN.framework/Versions/A/CoreWLAN
0x000000005254e000 	/System/Library/PrivateFrameworks/CoreUtils.framework/Versions/A/CoreUtils
0x000000005254e000 	/System/Library/Frameworks/IOBluetooth.framework/Versions/A/IOBluetooth
0x000000005254e000 	/System/Library/PrivateFrameworks/CoreWiFi.framework/Versions/A/CoreWiFi
0x000000005254e000 	/System/Library/Frameworks/CoreBluetooth.framework/Versions/A/CoreBluetooth
0x000000005254e000 	/System/Library/Frameworks/CoreDisplay.framework/Versions/A/CoreDisplay
0x000000005254e000 	/System/Library/PrivateFrameworks/IOPresentment.framework/Versions/A/IOPresentment
0x000000005254e000 	/System/Library/PrivateFrameworks/DebugSymbols.framework/Versions/A/DebugSymbols
0x000000005254e000 	/System/Library/PrivateFrameworks/CoreSymbolication.framework/Versions/A/CoreSymbolication
0x000000005254e000 	/System/Library/PrivateFrameworks/Symbolication.framework/Versions/A/Symbolication
0x000000005254e000 	/System/Library/PrivateFrameworks/AppleFSCompression.framework/Versions/A/AppleFSCompression
0x000000005254e000 	/System/Library/PrivateFrameworks/SpeechRecognitionCore.framework/Versions/A/SpeechRecognitionCore
0x000000005254e000 	/System/Library/PrivateFrameworks/ChunkingLibrary.framework/Versions/A/ChunkingLibrary
0x0000000105d0f000 	/System/Library/CoreServices/Encodings/libTraditionalChineseConverter.dylib
0x0000000106600000 	/Library/Java/JavaVirtualMachines/jdk1.8.0_112.jdk/Contents/Home/jre/lib/server/libjvm.dylib
0x000000005254e000 	/usr/lib/libstdc++.6.dylib
0x0000000105d56000 	/Library/Java/JavaVirtualMachines/jdk1.8.0_112.jdk/Contents/Home/jre/lib/libverify.dylib
0x0000000105d64000 	/Library/Java/JavaVirtualMachines/jdk1.8.0_112.jdk/Contents/Home/jre/lib/libjava.dylib
0x0000000105da3000 	/Library/Java/JavaVirtualMachines/jdk1.8.0_112.jdk/Contents/Home/jre/lib/libzip.dylib
0x000000010deb4000 	/System/Library/Frameworks/JavaVM.framework/Frameworks/JavaRuntimeSupport.framework/JavaRuntimeSupport
0x000000010dece000 	/System/Library/Frameworks/JavaVM.framework/Versions/A/Frameworks/JavaNativeFoundation.framework/Versions/A/JavaNativeFoundation
0x000000010dee3000 	/System/Library/Frameworks/JavaVM.framework/Versions/A/JavaVM
0x000000005254e000 	/System/Library/Frameworks/Carbon.framework/Versions/A/Carbon
0x000000010def0000 	/System/Library/PrivateFrameworks/JavaLaunching.framework/Versions/A/JavaLaunching
0x000000005254e000 	/System/Library/Frameworks/Carbon.framework/Versions/A/Frameworks/CommonPanels.framework/Versions/A/CommonPanels
0x000000005254e000 	/System/Library/Frameworks/Carbon.framework/Versions/A/Frameworks/Help.framework/Versions/A/Help
0x000000005254e000 	/System/Library/Frameworks/Carbon.framework/Versions/A/Frameworks/ImageCapture.framework/Versions/A/ImageCapture
0x000000005254e000 	/System/Library/Frameworks/Carbon.framework/Versions/A/Frameworks/OpenScripting.framework/Versions/A/OpenScripting
0x000000005254e000 	/System/Library/Frameworks/Carbon.framework/Versions/A/Frameworks/Print.framework/Versions/A/Print
0x000000005254e000 	/System/Library/Frameworks/Carbon.framework/Versions/A/Frameworks/SecurityHI.framework/Versions/A/SecurityHI
0x000000010df4b000 	/Library/Java/JavaVirtualMachines/jdk1.8.0_112.jdk/Contents/Home/jre/lib/libawt.dylib
0x000000010dff3000 	/Library/Java/JavaVirtualMachines/jdk1.8.0_112.jdk/Contents/Home/jre/lib/./libmlib_image.dylib
0x000000011ea3a000 	/Library/Java/JavaVirtualMachines/jdk1.8.0_112.jdk/Contents/Home/jre/lib/libawt_lwawt.dylib
0x000000010e0bf000 	/Library/Java/JavaVirtualMachines/jdk1.8.0_112.jdk/Contents/Home/jre/lib/./libosxapp.dylib
0x000000005254e000 	/System/Library/Frameworks/ExceptionHandling.framework/Versions/A/ExceptionHandling
0x000000005254e000 	/System/Library/PrivateFrameworks/CoreServicesInternal.framework/Versions/A/CoreServicesInternal
0x000000005254e000 	/System/Library/CoreServices/RawCamera.bundle/Contents/MacOS/RawCamera
0x000000005254e000 	/System/Library/Frameworks/Accelerate.framework/Versions/A/Frameworks/vImage.framework/Versions/A/Libraries/libCGInterfaces.dylib
0x000000005254e000 	/System/Library/Frameworks/ApplicationServices.framework/Versions/A/Frameworks/ATS.framework/Versions/A/Resources/libTrueTypeScaler.dylib
0x000000005254e000 	/System/Library/Frameworks/OpenGL.framework/Versions/A/Resources/GLEngine.bundle/GLEngine
0x000000005254e000 	/System/Library/Frameworks/OpenGL.framework/Versions/A/Libraries/libGLProgrammability.dylib
0x0000000120804000 	/System/Library/Extensions/AppleIntelBDWGraphicsGLDriver.bundle/Contents/MacOS/AppleIntelBDWGraphicsGLDriver
0x000000005254e000 	/System/Library/PrivateFrameworks/GPUSupport.framework/Versions/A/Libraries/libGPUSupportMercury.dylib
0x000000005254e000 	/System/Library/Frameworks/OpenGL.framework/Versions/A/Resources/GLRendererFloat.bundle/GLRendererFloat
0x000000005254e000 	/System/Library/Frameworks/OpenCL.framework/Versions/A/Libraries/libcldcpuengine.dylib
0x000000005254e000 	/usr/lib/libcrypto.0.9.8.dylib
0x000000005254e000 	/System/Library/PrivateFrameworks/TrustEvaluationAgent.framework/Versions/A/TrustEvaluationAgent
0x0000000120f7e000 	/System/Library/Extensions/AppleIntelBDWGraphicsMTLDriver.bundle/Contents/MacOS/AppleIntelBDWGraphicsMTLDriver
0x000000005254e000 	/System/Library/PrivateFrameworks/FamilyControls.framework/Versions/A/FamilyControls
0x000000005254e000 	/System/Library/PrivateFrameworks/CommerceKit.framework/Versions/A/Frameworks/CommerceCore.framework/Versions/A/CommerceCore
0x000000005254e000 	/System/Library/PrivateFrameworks/SystemAdministration.framework/Versions/A/SystemAdministration
0x000000005254e000 	/System/Library/PrivateFrameworks/AppContainer.framework/Versions/A/AppContainer
0x000000005254e000 	/System/Library/PrivateFrameworks/SecCodeWrapper.framework/Versions/A/SecCodeWrapper
0x000000005254e000 	/System/Library/Frameworks/DirectoryService.framework/Versions/A/DirectoryService
0x000000005254e000 	/System/Library/PrivateFrameworks/DiskImages.framework/Versions/A/DiskImages
0x000000005254e000 	/System/Library/PrivateFrameworks/LoginUIKit.framework/Versions/A/Frameworks/LoginUICore.framework/Versions/A/LoginUICore
0x000000005254e000 	/usr/lib/libCoreStorage.dylib
0x000000005254e000 	/usr/lib/libcsfde.dylib
0x000000005254e000 	/usr/lib/libodfde.dylib
0x000000005254e000 	/System/Library/Frameworks/DiscRecording.framework/Versions/A/DiscRecording
0x000000005254e000 	/usr/lib/libcurl.4.dylib
0x000000005254e000 	/System/Library/PrivateFrameworks/MediaKit.framework/Versions/A/MediaKit
0x000000005254e000 	/System/Library/PrivateFrameworks/ProtectedCloudStorage.framework/Versions/A/ProtectedCloudStorage
0x000000005254e000 	/System/Library/PrivateFrameworks/EFILogin.framework/Versions/A/EFILogin
0x000000005254e000 	/usr/lib/libutil.dylib
0x000000005254e000 	/System/Library/Frameworks/LDAP.framework/Versions/A/LDAP
0x000000005254e000 	/usr/lib/libsasl2.2.dylib
0x000000005254e000 	/System/Library/PrivateFrameworks/CoreDaemon.framework/Versions/B/CoreDaemon
0x000000005254e000 	/System/Library/PrivateFrameworks/AppleSRP.framework/Versions/A/AppleSRP
0x000000005254e000 	/System/Library/PrivateFrameworks/APFS.framework/Versions/A/APFS
0x000000011fbfb000 	/Library/Java/JavaVirtualMachines/jdk1.8.0_112.jdk/Contents/Home/jre/lib/libnio.dylib
0x0000000122461000 	/Library/Java/JavaVirtualMachines/jdk1.8.0_112.jdk/Contents/Home/jre/lib/./libnet.dylib
0x000000005254e000 	/System/Library/PrivateFrameworks/ViewBridge.framework/Versions/A/ViewBridge
0x000000005254e000 	/System/Library/PrivateFrameworks/XPCService.framework/Versions/A/XPCService
0x000000005254e000 	/System/Library/PrivateFrameworks/AppSandbox.framework/Versions/A/AppSandbox
0x000000005254e000 	/usr/lib/libsandbox.1.dylib
0x000000005254e000 	/usr/lib/libMatch.1.dylib
0x00000001224e7000 	/Library/Java/JavaVirtualMachines/jdk1.8.0_112.jdk/Contents/Home/jre/lib/libfontmanager.dylib
0x0000000121125000 	/Library/Java/JavaVirtualMachines/jdk1.8.0_112.jdk/Contents/Home/jre/lib/libosxui.dylib
0x00000001285a1000 	/Library/Java/JavaVirtualMachines/jdk1.8.0_112.jdk/Contents/Home/jre/lib/libjsound.dylib
0x00000001285b4000 	/System/Library/Frameworks/CoreMIDI.framework/Versions/A/CoreMIDI
0x000000012861b000 	/usr/lib/libexpat.1.dylib
0x0000000123807000 	/System/Library/Extensions/AppleHDA.kext/Contents/PlugIns/AppleHDAHALPlugIn.bundle/Contents/MacOS/AppleHDAHALPlugIn
0x000000012863e000 	/System/Library/Components/CoreAudio.component/Contents/MacOS/CoreAudio

VM Arguments:
jvm_args: -Dfile.encoding=UTF-8 
java_command: student.demo.AlienDemo
java_class_path (initial): /Users/tamseelong/Desktop/RetroSpaceInvader/lib/GameConsole.ob.jar:/Users/tamseelong/Desktop/RetroSpaceInvader/build/classes
Launcher Type: SUN_STANDARD

Environment Variables:
PATH=/usr/bin:/bin:/usr/sbin:/sbin
LD_LIBRARY_PATH=/Library/Java/JavaVirtualMachines/jdk1.8.0_112.jdk/Contents/Home/jre/lib/amd64:/Library/Java/JavaVirtualMachines/jdk1.8.0_112.jdk/Contents/Home/jre/lib/i386:
SHELL=/bin/bash

Signal Handlers:
SIGSEGV: [libjvm.dylib+0x5b11a5], sa_mask[0]=11111111011111110111111111111111, sa_flags=SA_ONSTACK|SA_RESTART|SA_SIGINFO
SIGBUS: [libjvm.dylib+0x5b11a5], sa_mask[0]=11111111011111110111111111111111, sa_flags=SA_RESTART|SA_SIGINFO
SIGFPE: [libjvm.dylib+0x487dc0], sa_mask[0]=11111111011111110111111111111111, sa_flags=SA_RESTART|SA_SIGINFO
SIGPIPE: [libjvm.dylib+0x487dc0], sa_mask[0]=11111111011111110111111111111111, sa_flags=SA_RESTART|SA_SIGINFO
SIGXFSZ: [libjvm.dylib+0x487dc0], sa_mask[0]=11111111011111110111111111111111, sa_flags=SA_RESTART|SA_SIGINFO
SIGILL: [libjvm.dylib+0x487dc0], sa_mask[0]=11111111011111110111111111111111, sa_flags=SA_RESTART|SA_SIGINFO
SIGUSR1: SIG_DFL, sa_mask[0]=00000000000000000000000000000000, sa_flags=none
SIGUSR2: [libjvm.dylib+0x4878de], sa_mask[0]=00100000000000000000000000000000, sa_flags=SA_RESTART|SA_SIGINFO
SIGHUP: [libjvm.dylib+0x485eb5], sa_mask[0]=11111111011111110111111111111111, sa_flags=SA_RESTART|SA_SIGINFO
SIGINT: SIG_IGN, sa_mask[0]=00000000000000000000000000000000, sa_flags=none
SIGTERM: [libjvm.dylib+0x485eb5], sa_mask[0]=11111111011111110111111111111111, sa_flags=SA_RESTART|SA_SIGINFO
SIGQUIT: [libjvm.dylib+0x485eb5], sa_mask[0]=11111111011111110111111111111111, sa_flags=SA_RESTART|SA_SIGINFO


---------------  S Y S T E M  ---------------

OS:Bsduname:Darwin 16.0.0 Darwin Kernel Version 16.0.0: Mon Aug 29 17:56:20 PDT 2016; root:xnu-3789.1.32~3/RELEASE_X86_64 x86_64
rlimit: STACK 8192k, CORE 0k, NPROC 709, NOFILE 10240, AS infinity
load average:4.17 8.24 7.22

CPU:total 4 (2 cores per cpu, 2 threads per core) family 6 model 61 stepping 4, cmov, cx8, fxsr, mmx, sse, sse2, sse3, ssse3, sse4.1, sse4.2, popcnt, avx, avx2, aes, clmul, erms, 3dnowpref, lzcnt, ht, tsc, tscinvbit, bmi1, bmi2, adx

Memory: 4k page, physical 8388608k(1894480k free)

/proc/meminfo:


vm_info: Java HotSpot(TM) 64-Bit Server VM (25.112-b16) for bsd-amd64 JRE (1.8.0_112-b16), built on Sep 30 2016 22:41:41 by "java_re" with gcc 4.2.1 (Based on Apple Inc. build 5658) (LLVM build 2336.11.00)

time: Mon Feb 12 16:46:00 2018
elapsed time: 64 seconds (0d 0h 1m 4s)

