#
# A fatal error has been detected by the Java Runtime Environment:
#
#  SIGILL (0x4) at pc=0x00007fffc205828e, pid=11169, tid=0x000000000000080b
#
# JRE version: Java(TM) SE Runtime Environment (8.0_112-b16) (build 1.8.0_112-b16)
# Java VM: Java HotSpot(TM) 64-Bit Server VM (25.112-b16 mixed mode bsd-amd64 compressed oops)
# Problematic frame:
# C  [AppKit+0x3a528e]  -[NSApplication _crashOnException:]+0x6d
#
# Failed to write core dump. Core dumps have been disabled. To enable core dumping, try "ulimit -c unlimited" before starting Java again
#
# If you would like to submit a bug report, please visit:
#   http://bugreport.java.com/bugreport/crash.jsp
# The crash happened outside the Java Virtual Machine in native code.
# See problematic frame for where to report the bug.
#

---------------  T H R E A D  ---------------

Current thread (0x00007f86fc92d800):  JavaThread "AppKit Thread" daemon [_thread_in_native, id=2059, stack(0x00007fff5041e000,0x00007fff50c1e000)]

siginfo: si_signo: 4 (SIGILL), si_code: 1 (ILL_ILLOPC), si_addr: 0x00007fffc205828e

Registers:
RAX=0x00007f86fca14e00, RBX=0x00007f86facbb170, RCX=0x0000000000000001, RDX=0x0000000000000000
RSP=0x00007fff50c19370, RBP=0x00007fff50c19380, RSI=0x00000000000012fb, RDI=0x00007f86fac1bb80
R8 =0x0000000008000100, R9 =0x0000000000000000, R10=0x00007fffde8aafb8, R11=0x0000000000148fff
R12=0x000000000000002d, R13=0x00007fffc2830ff5, R14=0x00007fffd87b4b40, R15=0x00007fffde8abf80
RIP=0x00007fffc205828e, EFLAGS=0x0000000000010202, ERR=0x0000000000000000
  TRAPNO=0x0000000000000006

Top of Stack: (sp=0x00007fff50c19370)
0x00007fff50c19370:   00007f86fae8e960 00007fffc28309f2
0x00007fff50c19380:   00007fff50c194b0 00007fffc21285ad
0x00007fff50c19390:   00007f86fad37510 00007fffc2830df1
0x00007fff50c193a0:   00007f86fad34cf0 00007f86fae6a4a0
0x00007fff50c193b0:   00007f86facbb170 00007f86fae93a80
0x00007fff50c193c0:   ffffffffffffffff 00007fff50c19400
0x00007fff50c193d0:   00007fff50c193d8 000000000000002d
0x00007fff50c193e0:   0000000000000000 0000000000000000
0x00007fff50c193f0:   0000000000000000 0000000000000000
0x00007fff50c19400:   00007f86fae70210 00007f86fae7c800
0x00007fff50c19410:   00007f86fae7c880 00007f86fae7c8f0
0x00007fff50c19420:   00007f86fae7c960 00007f86fae6f080
0x00007fff50c19430:   00007f86fae6f0f0 00007f86fae6f160
0x00007fff50c19440:   00007f86fae6f1d0 00007f86fae79fc0
0x00007fff50c19450:   00007f86fae7f940 00007f86fae9b5c0
0x00007fff50c19460:   00007f86fae6f240 00007f86fae70050
0x00007fff50c19470:   00007f86fae700c0 00007f86fae70170
0x00007fff50c19480:   314562dc77120011 00007fff50c194b0
0x00007fff50c19490:   00007f86faccb4b0 00007fff50c194c0
0x00007fff50c194a0:   00007f86facbb170 00007f86fad34cf0
0x00007fff50c194b0:   00007fff50c19500 00007fffc20581fc
0x00007fff50c194c0:   6300000000040000 00007fff50c194c0
0x00007fff50c194d0:   314562dc77120011 00007fff50c19510
0x00007fff50c194e0:   00007fff50c19510 0000000000000000
0x00007fff50c194f0:   00007fff50c19500 00007f86facbb170
0x00007fff50c19500:   00007fff50c19530 00007fffc2120dd3
0x00007fff50c19510:   00007fff50c198c0 0000000000000000
0x00007fff50c19520:   0000000000000001 00007f86fae26e00
0x00007fff50c19530:   00007fff50c19840 00007fffc35dbe9d
0x00007fff50c19540:   00007f86fae26e00 00007fffc35dbaea
0x00007fff50c19550:   00007fff50c19590 00007f86facb38f8
0x00007fff50c19560:   0000000000000000 0000000000000002 

Instructions: (pc=0x00007fffc205828e)
0x00007fffc205826e:   48 89 c7 ff 15 f9 9d fe 1b 48 8b 35 b2 5b 27 1c
0x00007fffc205827e:   48 89 c7 ff 15 e9 9d fe 1b 48 89 05 9a b1 2d 1c
0x00007fffc205828e:   0f 0b 48 89 c7 e8 7c 5c 72 00 31 ff 31 f6 31 c0
0x00007fffc205829e:   e8 e3 c3 e2 ff e8 90 5c 72 00 48 89 c3 e8 7c 5c 

Register to memory mapping:

RAX=0x00007f86fca14e00 is an unknown value
RBX=0x00007f86facbb170 is an unknown value
RCX=0x0000000000000001 is an unknown value
RDX=0x0000000000000000 is an unknown value
RSP=0x00007fff50c19370 is pointing into the stack for thread: 0x00007f86fc92d800
RBP=0x00007fff50c19380 is pointing into the stack for thread: 0x00007f86fc92d800
RSI=0x00000000000012fb is an unknown value
RDI=0x00007f86fac1bb80 is an unknown value
R8 =0x0000000008000100 is an unknown value
R9 =0x0000000000000000 is an unknown value
R10=0x00007fffde8aafb8: OBJC_CLASS_$___NSCFString+0 in /System/Library/Frameworks/CoreFoundation.framework/Versions/A/CoreFoundation at 0x00007fffc3fdb000
R11=0x0000000000148fff is an unknown value
R12=0x000000000000002d is an unknown value
R13=0x00007fffc2830ff5: __NSStyleNameIndexTable+0x6d308 in /System/Library/Frameworks/AppKit.framework/Versions/C/AppKit at 0x00007fffc1cb3000
R14=0x00007fffd87b4b40: objc_msgSend+0 in /usr/lib/libobjc.A.dylib at 0x00007fffd87ae000
R15=0x00007fffde8abf80: OBJC_CLASS_$_NSDictionary+0 in /System/Library/Frameworks/CoreFoundation.framework/Versions/A/CoreFoundation at 0x00007fffc3fdb000


Stack: [0x00007fff5041e000,0x00007fff50c1e000],  sp=0x00007fff50c19370,  free space=8172k
Native frames: (J=compiled Java code, j=interpreted, Vv=VM code, C=native code)
C  [AppKit+0x3a528e]  -[NSApplication _crashOnException:]+0x6d
C  [AppKit+0x4755ad]  -[NSApplication _showException:]+0x2e8
C  [AppKit+0x3a51fc]  -[NSApplication reportException:]+0x167
C  [AppKit+0x46ddd3]  uncaughtErrorProc+0x9e
C  [HIToolbox+0x8e9d]  _ZL23DispatchEventToHandlersP14EventTargetRecP14OpaqueEventRefP14HandlerCallRec+0x474
C  [HIToolbox+0x8346]  _ZL30SendEventToEventTargetInternalP14OpaqueEventRefP20OpaqueEventTargetRefP14HandlerCallRec+0x1ac
C  [HIToolbox+0x818f]  SendEventToEventTargetWithOptions+0x2b
C  [HIToolbox+0x5ef86]  SendTSMEvent_WithCompletionHandler+0x198
C  [HIToolbox+0x212378]  __SendTextInputEvent_WithCompletionHandler_block_invoke+0x248
C  [HIToolbox+0x210689]  SendTextInputEvent_WithCompletionHandler+0x482
C  [HIToolbox+0x281829]  -[IMKInputSession _postEvent:completionHandler:]+0xb0
C  [HIToolbox+0x291485]  -[IMKInputSession _copyUniCharsForRange:intoBuffer:ofLength:completionHandler:]+0x212
C  [HIToolbox+0x291c0e]  -[IMKInputSession _coreAttributesFromRange:whichAttributes:completionHandler:]+0x119
C  [HIToolbox+0x293bb0]  -[IMKInputSession attributedSubstringFromRange:completionHandler:]+0xba
C  [HIToolbox+0x2843ab]  __61-[IMKInputSession imkxpc_attributedSubstringFromRange:reply:]_block_invoke+0x212
C  [CoreFoundation+0xa73ac]  __CFRUNLOOP_IS_CALLING_OUT_TO_A_BLOCK__+0xc
C  [CoreFoundation+0x88424]  __CFRunLoopDoBlocks+0x164
C  [CoreFoundation+0x87f66]  __CFRunLoopRun+0x756
C  [CoreFoundation+0x875b4]  CFRunLoopRunSpecific+0x1a4
C  [HIToolbox+0x30f6c]  RunCurrentEventLoopInMode+0xf0
C  [HIToolbox+0x30da1]  ReceiveNextEventCommon+0x1b0
C  [HIToolbox+0x30bd6]  _BlockUntilNextEventMatchingListInModeWithFilter+0x47
C  [AppKit+0x475f5]  _DPSNextEvent+0x445
C  [AppKit+0x7578eb]  -[NSApplication(NSEvent) _nextEventMatchingEventMask:untilDate:inMode:dequeue:]+0x665
C  [libosxapp.dylib+0x23aa]  -[NSApplicationAWT nextEventMatchingMask:untilDate:inMode:dequeue:]+0x7c
C  [AppKit+0x3bfbd]  -[NSApplication run]+0x39e
C  [libosxapp.dylib+0x214d]  +[NSApplicationAWT runAWTLoopWithApp:]+0x9c
C  [libawt_lwawt.dylib+0x4615f]  -[AWTStarter starter:]+0x389
C  [Foundation+0x71f2a]  __NSThreadPerformPerform+0x146
C  [CoreFoundation+0xa7551]  __CFRUNLOOP_IS_CALLING_OUT_TO_A_SOURCE0_PERFORM_FUNCTION__+0x11
C  [CoreFoundation+0x886bd]  __CFRunLoopDoSources0+0x22d
C  [CoreFoundation+0x87bb6]  __CFRunLoopRun+0x3a6
C  [CoreFoundation+0x875b4]  CFRunLoopRunSpecific+0x1a4
C  [java+0x6465]  CreateExecutionEnvironment+0x367
C  [java+0x218c]  JLI_Launch+0x7a0
C  [java+0x84c2]  main+0x65
C  [java+0x19e4]  start+0x34
C  0x0000000000000005


---------------  P R O C E S S  ---------------

Java Threads: ( => current thread )
  0x00007f86fc094800 JavaThread "Direct Clip" daemon [_thread_blocked, id=81163, stack(0x0000700003b41000,0x0000700003c41000)]
  0x00007f86fc08d800 JavaThread "Direct Clip" daemon [_thread_blocked, id=79619, stack(0x00007000039bb000,0x0000700003abb000)]
  0x00007f86fc291000 JavaThread "Java Sound Event Dispatcher" daemon [_thread_blocked, id=79111, stack(0x00007000038b8000,0x00007000039b8000)]
  0x00007f86fca0a800 JavaThread "DestroyJavaVM" [_thread_blocked, id=7171, stack(0x00007000022f0000,0x00007000023f0000)]
  0x00007f86fba2d800 JavaThread "Thread-1" [_thread_blocked, id=66599, stack(0x0000700003732000,0x0000700003832000)]
  0x00007f86fc18f000 JavaThread "Java2D Queue Flusher" daemon [_thread_blocked, id=61191, stack(0x00007000035ac000,0x00007000036ac000)]
  0x00007f86fb1ac800 JavaThread "AWT-EventQueue-0" [_thread_in_native, id=58139, stack(0x00007000034a9000,0x00007000035a9000)]
  0x00007f86fb138800 JavaThread "Java2D Disposer" daemon [_thread_blocked, id=46643, stack(0x00007000033a6000,0x00007000034a6000)]
  0x00007f86fc104000 JavaThread "AWT-Shutdown" [_thread_blocked, id=29471, stack(0x000070000319d000,0x000070000329d000)]
=>0x00007f86fc92d800 JavaThread "AppKit Thread" daemon [_thread_in_native, id=2059, stack(0x00007fff5041e000,0x00007fff50c1e000)]
  0x00007f86fb043800 JavaThread "Service Thread" daemon [_thread_blocked, id=18691, stack(0x0000700002f14000,0x0000700003014000)]
  0x00007f86fc842000 JavaThread "C1 CompilerThread2" daemon [_thread_blocked, id=18179, stack(0x0000700002e11000,0x0000700002f11000)]
  0x00007f86fb038000 JavaThread "C2 CompilerThread1" daemon [_thread_blocked, id=17667, stack(0x0000700002d0e000,0x0000700002e0e000)]
  0x00007f86fc841800 JavaThread "C2 CompilerThread0" daemon [_thread_blocked, id=17155, stack(0x0000700002c0b000,0x0000700002d0b000)]
  0x00007f86fb01f800 JavaThread "Signal Dispatcher" daemon [_thread_blocked, id=16643, stack(0x0000700002b08000,0x0000700002c08000)]
  0x00007f86fc839000 JavaThread "Finalizer" daemon [_thread_blocked, id=12547, stack(0x0000700002a05000,0x0000700002b05000)]
  0x00007f86fc830800 JavaThread "Reference Handler" daemon [_thread_blocked, id=12035, stack(0x0000700002902000,0x0000700002a02000)]

Other Threads:
  0x00007f86fc82c000 VMThread [stack: 0x00007000027ff000,0x00007000028ff000] [id=11523]
  0x00007f86fb827000 WatcherThread [stack: 0x0000700003017000,0x0000700003117000] [id=19203]

VM state:not at safepoint (normal execution)

VM Mutex/Monitor currently owned by a thread: None

Heap:
 PSYoungGen      total 38400K, used 23435K [0x0000000795580000, 0x0000000798000000, 0x00000007c0000000)
  eden space 33280K, 55% used [0x0000000795580000,0x0000000796769328,0x0000000797600000)
  from space 5120K, 99% used [0x0000000797600000,0x0000000797af9c40,0x0000000797b00000)
  to   space 5120K, 0% used [0x0000000797b00000,0x0000000797b00000,0x0000000798000000)
 ParOldGen       total 87552K, used 3673K [0x0000000740000000, 0x0000000745580000, 0x0000000795580000)
  object space 87552K, 4% used [0x0000000740000000,0x0000000740396520,0x0000000745580000)
 Metaspace       used 11973K, capacity 12196K, committed 12288K, reserved 1060864K
  class space    used 1393K, capacity 1483K, committed 1536K, reserved 1048576K

Card table byte_map: [0x0000000110dc0000,0x00000001111c1000] byte_map_base: 0x000000010d3c0000

Marking Bits: (ParMarkBitMap*) 0x000000010f966d30
 Begin Bits: [0x000000011146c000, 0x000000011346c000)
 End Bits:   [0x000000011346c000, 0x000000011546c000)

Polling page: 0x000000011005b000

CodeCache: size=245760Kb used=4567Kb max_used=4576Kb free=241192Kb
 bounds [0x000000011e42a000, 0x000000011e8aa000, 0x000000012d42a000]
 total_blobs=1900 nmethods=1379 adapters=435
 compilation: enabled

Compilation events (10 events):
Event: 13.353 Thread 0x00007f86fc842000 nmethod 1375 0x000000011e8986d0 code [0x000000011e898820, 0x000000011e898930]
Event: 13.353 Thread 0x00007f86fc842000 1376       1       java.awt.geom.Rectangle2D$Double::getY (5 bytes)
Event: 13.353 Thread 0x00007f86fc842000 nmethod 1376 0x000000011e899050 code [0x000000011e8991a0, 0x000000011e8992b0]
Event: 13.356 Thread 0x00007f86fc841800 nmethod 1374 0x000000011e89b7d0 code [0x000000011e89b920, 0x000000011e89bae8]
Event: 13.585 Thread 0x00007f86fc842000 1377       1       java.awt.Rectangle::getWidth (6 bytes)
Event: 13.585 Thread 0x00007f86fc842000 nmethod 1377 0x000000011e89b490 code [0x000000011e89b5e0, 0x000000011e89b6f0]
Event: 13.585 Thread 0x00007f86fc842000 1378       1       java.awt.Rectangle::getHeight (6 bytes)
Event: 13.585 Thread 0x00007f86fc842000 nmethod 1378 0x000000011e89a490 code [0x000000011e89a5e0, 0x000000011e89a6f0]
Event: 13.736 Thread 0x00007f86fc842000 1379       3       java.util.regex.Pattern$LastNode::match (45 bytes)
Event: 13.736 Thread 0x00007f86fc842000 nmethod 1379 0x000000011e899fd0 code [0x000000011e89a140, 0x000000011e89a370]

GC Heap History (2 events):
Event: 5.573 GC heap before
{Heap before GC invocations=1 (full 0):
 PSYoungGen      total 38400K, used 33278K [0x0000000795580000, 0x0000000798000000, 0x00000007c0000000)
  eden space 33280K, 99% used [0x0000000795580000,0x00000007975ff9a8,0x0000000797600000)
  from space 5120K, 0% used [0x0000000797b00000,0x0000000797b00000,0x0000000798000000)
  to   space 5120K, 0% used [0x0000000797600000,0x0000000797600000,0x0000000797b00000)
 ParOldGen       total 87552K, used 0K [0x0000000740000000, 0x0000000745580000, 0x0000000795580000)
  object space 87552K, 0% used [0x0000000740000000,0x0000000740000000,0x0000000745580000)
 Metaspace       used 11044K, capacity 11324K, committed 11392K, reserved 1058816K
  class space    used 1300K, capacity 1385K, committed 1408K, reserved 1048576K
Event: 5.582 GC heap after
Heap after GC invocations=1 (full 0):
 PSYoungGen      total 38400K, used 5095K [0x0000000795580000, 0x0000000798000000, 0x00000007c0000000)
  eden space 33280K, 0% used [0x0000000795580000,0x0000000795580000,0x0000000797600000)
  from space 5120K, 99% used [0x0000000797600000,0x0000000797af9c40,0x0000000797b00000)
  to   space 5120K, 0% used [0x0000000797b00000,0x0000000797b00000,0x0000000798000000)
 ParOldGen       total 87552K, used 3673K [0x0000000740000000, 0x0000000745580000, 0x0000000795580000)
  object space 87552K, 4% used [0x0000000740000000,0x0000000740396520,0x0000000745580000)
 Metaspace       used 11044K, capacity 11324K, committed 11392K, reserved 1058816K
  class space    used 1300K, capacity 1385K, committed 1408K, reserved 1048576K
}

Deoptimization events (9 events):
Event: 0.944 Thread 0x00007f86fc001800 Uncommon trap: reason=unstable_if action=reinterpret pc=0x000000011e5e8e84 method=sun.awt.image.ByteInterleavedRaster.putByteData(IIII[B)V @ 395
Event: 1.162 Thread 0x00007f86fb1ac800 Uncommon trap: reason=unstable_if action=reinterpret pc=0x000000011e612874 method=java.lang.String.startsWith(Ljava/lang/String;I)Z @ 25
Event: 6.613 Thread 0x00007f86fb1ac800 Uncommon trap: reason=unstable_if action=reinterpret pc=0x000000011e7542f4 method=sun.java2d.loops.GraphicsPrimitiveMgr.locate(Lsun/java2d/loops/GraphicsPrimitiveMgr$PrimitiveSpec;)Lsun/java2d/loops/GraphicsPrimitive; @ 85
Event: 8.614 Thread 0x00007f86fb1ac800 Uncommon trap: reason=bimorphic action=maybe_recompile pc=0x000000011e7e444c method=sun.java2d.SurfaceData.getTransparency()I @ 4
Event: 8.644 Thread 0x00007f86fb1ac800 Uncommon trap: reason=bimorphic action=maybe_recompile pc=0x000000011e7e444c method=sun.java2d.SurfaceData.getTransparency()I @ 4
Event: 8.674 Thread 0x00007f86fb1ac800 Uncommon trap: reason=bimorphic action=maybe_recompile pc=0x000000011e7e444c method=sun.java2d.SurfaceData.getTransparency()I @ 4
Event: 8.704 Thread 0x00007f86fb1ac800 Uncommon trap: reason=bimorphic action=maybe_recompile pc=0x000000011e7e444c method=sun.java2d.SurfaceData.getTransparency()I @ 4
Event: 8.733 Thread 0x00007f86fb1ac800 Uncommon trap: reason=bimorphic action=maybe_recompile pc=0x000000011e7f5218 method=sun.java2d.SurfaceData.getTransparency()I @ 4
Event: 8.764 Thread 0x00007f86fb1ac800 Uncommon trap: reason=bimorphic action=maybe_recompile pc=0x000000011e7c39d0 method=sun.java2d.SurfaceData.getTransparency()I @ 4

Internal exceptions (10 events):
Event: 0.173 Thread 0x00007f86fc001800 Exception <a 'java/security/PrivilegedActionException'> (0x00000007956e0a90) thrown at [/Users/java_re/workspace/8-2-build-macosx-x86_64/jdk8u112/7935/hotspot/src/share/vm/prims/jvm.cpp, line 1390]
Event: 0.173 Thread 0x00007f86fc001800 Exception <a 'java/security/PrivilegedActionException'> (0x00000007956e3d98) thrown at [/Users/java_re/workspace/8-2-build-macosx-x86_64/jdk8u112/7935/hotspot/src/share/vm/prims/jvm.cpp, line 1390]
Event: 0.173 Thread 0x00007f86fc001800 Exception <a 'java/security/PrivilegedActionException'> (0x00000007956e3fa8) thrown at [/Users/java_re/workspace/8-2-build-macosx-x86_64/jdk8u112/7935/hotspot/src/share/vm/prims/jvm.cpp, line 1390]
Event: 0.257 Thread 0x00007f86fc001800 Exception <a 'java/lang/NoSuchFieldError': method resolution failed> (0x00000007957be248) thrown at [/Users/java_re/workspace/8-2-build-macosx-x86_64/jdk8u112/7935/hotspot/src/share/vm/prims/methodHandles.cpp, line 1146]
Event: 0.259 Thread 0x00007f86fc001800 Exception <a 'java/lang/NoSuchFieldError': method resolution failed> (0x00000007957cba18) thrown at [/Users/java_re/workspace/8-2-build-macosx-x86_64/jdk8u112/7935/hotspot/src/share/vm/prims/methodHandles.cpp, line 1146]
Event: 0.640 Thread 0x00007f86fc001800 Exception <a 'java/io/FileNotFoundException'> (0x0000000795846968) thrown at [/Users/java_re/workspace/8-2-build-macosx-x86_64/jdk8u112/7935/hotspot/src/share/vm/prims/jni.cpp, line 709]
Event: 0.640 Thread 0x00007f86fc001800 Exception <a 'java/io/FileNotFoundException'> (0x00000007958474f0) thrown at [/Users/java_re/workspace/8-2-build-macosx-x86_64/jdk8u112/7935/hotspot/src/share/vm/prims/jni.cpp, line 709]
Event: 1.090 Thread 0x00007f86fb1ac800 Exception <a 'java/io/FileNotFoundException'> (0x00000007962a3c50) thrown at [/Users/java_re/workspace/8-2-build-macosx-x86_64/jdk8u112/7935/hotspot/src/share/vm/prims/jni.cpp, line 709]
Event: 5.584 Thread 0x00007f86fc839000 Exception <a 'java/lang/NullPointerException'> (0x00000007956fc9f0) thrown at [/Users/java_re/workspace/8-2-build-macosx-x86_64/jdk8u112/7935/hotspot/src/share/vm/interpreter/linkResolver.cpp, line 1178]
Event: 7.413 Thread 0x00007f86fc92d800 Exception <a 'java/lang/NullPointerException'> (0x0000000795b5d040) thrown at [/Users/java_re/workspace/8-2-build-macosx-x86_64/jdk8u112/7935/hotspot/src/share/vm/prims/jni.cpp, line 1340]

Events (10 events):
Event: 8.674 Thread 0x00007f86fb1ac800 DEOPT UNPACKING pc=0x000000011e42f229 sp=0x00007000035a72e8 mode 2
Event: 8.704 Thread 0x00007f86fb1ac800 Uncommon trap: trap_request=0xffffffc6 fr.pc=0x000000011e7e444c
Event: 8.704 Thread 0x00007f86fb1ac800 DEOPT PACKING pc=0x000000011e7e444c sp=0x00007000035a7640
Event: 8.704 Thread 0x00007f86fb1ac800 DEOPT UNPACKING pc=0x000000011e42f229 sp=0x00007000035a72e8 mode 2
Event: 8.733 Thread 0x00007f86fb1ac800 Uncommon trap: trap_request=0xffffffc6 fr.pc=0x000000011e7f5218
Event: 8.733 Thread 0x00007f86fb1ac800 DEOPT PACKING pc=0x000000011e7f5218 sp=0x00007000035a74e0
Event: 8.733 Thread 0x00007f86fb1ac800 DEOPT UNPACKING pc=0x000000011e42f229 sp=0x00007000035a7270 mode 2
Event: 8.764 Thread 0x00007f86fb1ac800 Uncommon trap: trap_request=0xffffffc6 fr.pc=0x000000011e7c39d0
Event: 8.764 Thread 0x00007f86fb1ac800 DEOPT PACKING pc=0x000000011e7c39d0 sp=0x00007000035a7200
Event: 8.764 Thread 0x00007f86fb1ac800 DEOPT UNPACKING pc=0x000000011e42f229 sp=0x00007000035a71b0 mode 2


Dynamic libraries:
0x000000004ee66000 	/System/Library/Frameworks/Cocoa.framework/Versions/A/Cocoa
0x000000004ee66000 	/System/Library/Frameworks/Security.framework/Versions/A/Security
0x000000004ee66000 	/System/Library/Frameworks/ApplicationServices.framework/Versions/A/ApplicationServices
0x000000004ee66000 	/usr/lib/libz.1.dylib
0x000000004ee66000 	/usr/lib/libSystem.B.dylib
0x000000004ee66000 	/usr/lib/libobjc.A.dylib
0x000000004ee66000 	/System/Library/Frameworks/CoreFoundation.framework/Versions/A/CoreFoundation
0x000000004ee66000 	/System/Library/Frameworks/Foundation.framework/Versions/C/Foundation
0x000000004ee66000 	/System/Library/Frameworks/AppKit.framework/Versions/C/AppKit
0x000000004ee66000 	/System/Library/Frameworks/CoreData.framework/Versions/A/CoreData
0x000000004ee66000 	/System/Library/PrivateFrameworks/RemoteViewServices.framework/Versions/A/RemoteViewServices
0x000000004ee66000 	/System/Library/PrivateFrameworks/UIFoundation.framework/Versions/A/UIFoundation
0x000000004ee66000 	/usr/lib/libenergytrace.dylib
0x000000004ee66000 	/System/Library/PrivateFrameworks/SkyLight.framework/Versions/A/SkyLight
0x000000004ee66000 	/System/Library/Frameworks/CoreGraphics.framework/Versions/A/CoreGraphics
0x000000004ee66000 	/usr/lib/libScreenReader.dylib
0x000000004ee66000 	/System/Library/Frameworks/Accelerate.framework/Versions/A/Accelerate
0x000000004ee66000 	/System/Library/Frameworks/IOSurface.framework/Versions/A/IOSurface
0x000000004ee66000 	/System/Library/Frameworks/AudioToolbox.framework/Versions/A/AudioToolbox
0x000000004ee66000 	/System/Library/Frameworks/AudioUnit.framework/Versions/A/AudioUnit
0x000000004ee66000 	/System/Library/PrivateFrameworks/DataDetectorsCore.framework/Versions/A/DataDetectorsCore
0x000000004ee66000 	/System/Library/PrivateFrameworks/DesktopServicesPriv.framework/Versions/A/DesktopServicesPriv
0x000000004ee66000 	/System/Library/Frameworks/Carbon.framework/Versions/A/Frameworks/HIToolbox.framework/Versions/A/HIToolbox
0x000000004ee66000 	/usr/lib/libicucore.A.dylib
0x000000004ee66000 	/System/Library/Frameworks/QuartzCore.framework/Versions/A/QuartzCore
0x000000004ee66000 	/System/Library/Frameworks/Carbon.framework/Versions/A/Frameworks/SpeechRecognition.framework/Versions/A/SpeechRecognition
0x000000004ee66000 	/usr/lib/libauto.dylib
0x000000004ee66000 	/usr/lib/libxml2.2.dylib
0x000000004ee66000 	/System/Library/PrivateFrameworks/CoreUI.framework/Versions/A/CoreUI
0x000000004ee66000 	/System/Library/Frameworks/CoreAudio.framework/Versions/A/CoreAudio
0x000000004ee66000 	/System/Library/Frameworks/DiskArbitration.framework/Versions/A/DiskArbitration
0x000000004ee66000 	/usr/lib/liblangid.dylib
0x000000004ee66000 	/System/Library/PrivateFrameworks/MultitouchSupport.framework/Versions/A/MultitouchSupport
0x000000004ee66000 	/System/Library/Frameworks/IOKit.framework/Versions/A/IOKit
0x000000004ee66000 	/usr/lib/libDiagnosticMessagesClient.dylib
0x000000004ee66000 	/System/Library/Frameworks/CoreServices.framework/Versions/A/CoreServices
0x000000004ee66000 	/System/Library/PrivateFrameworks/PerformanceAnalysis.framework/Versions/A/PerformanceAnalysis
0x000000004ee66000 	/System/Library/PrivateFrameworks/GenerationalStorage.framework/Versions/A/GenerationalStorage
0x000000004ee66000 	/System/Library/Frameworks/OpenGL.framework/Versions/A/OpenGL
0x000000004ee66000 	/System/Library/Frameworks/CoreImage.framework/Versions/A/CoreImage
0x000000004ee66000 	/System/Library/Frameworks/CoreText.framework/Versions/A/CoreText
0x000000004ee66000 	/System/Library/Frameworks/ImageIO.framework/Versions/A/ImageIO
0x000000004ee66000 	/System/Library/PrivateFrameworks/Backup.framework/Versions/A/Backup
0x000000004ee66000 	/usr/lib/libarchive.2.dylib
0x000000004ee66000 	/System/Library/Frameworks/CFNetwork.framework/Versions/A/CFNetwork
0x000000004ee66000 	/System/Library/Frameworks/SystemConfiguration.framework/Versions/A/SystemConfiguration
0x000000004ee66000 	/usr/lib/libCRFSuite.dylib
0x000000004ee66000 	/usr/lib/libc++.1.dylib
0x000000004ee66000 	/usr/lib/libc++abi.dylib
0x000000004ee66000 	/usr/lib/system/libcache.dylib
0x000000004ee66000 	/usr/lib/system/libcommonCrypto.dylib
0x000000004ee66000 	/usr/lib/system/libcompiler_rt.dylib
0x000000004ee66000 	/usr/lib/system/libcopyfile.dylib
0x000000004ee66000 	/usr/lib/system/libcorecrypto.dylib
0x000000004ee66000 	/usr/lib/system/libdispatch.dylib
0x000000004ee66000 	/usr/lib/system/libdyld.dylib
0x000000004ee66000 	/usr/lib/system/libkeymgr.dylib
0x000000004ee66000 	/usr/lib/system/liblaunch.dylib
0x000000004ee66000 	/usr/lib/system/libmacho.dylib
0x000000004ee66000 	/usr/lib/system/libquarantine.dylib
0x000000004ee66000 	/usr/lib/system/libremovefile.dylib
0x000000004ee66000 	/usr/lib/system/libsystem_asl.dylib
0x000000004ee66000 	/usr/lib/system/libsystem_blocks.dylib
0x000000004ee66000 	/usr/lib/system/libsystem_c.dylib
0x000000004ee66000 	/usr/lib/system/libsystem_configuration.dylib
0x000000004ee66000 	/usr/lib/system/libsystem_coreservices.dylib
0x000000004ee66000 	/usr/lib/system/libsystem_coretls.dylib
0x000000004ee66000 	/usr/lib/system/libsystem_dnssd.dylib
0x000000004ee66000 	/usr/lib/system/libsystem_info.dylib
0x000000004ee66000 	/usr/lib/system/libsystem_kernel.dylib
0x000000004ee66000 	/usr/lib/system/libsystem_m.dylib
0x000000004ee66000 	/usr/lib/system/libsystem_malloc.dylib
0x000000004ee66000 	/usr/lib/system/libsystem_network.dylib
0x000000004ee66000 	/usr/lib/system/libsystem_networkextension.dylib
0x000000004ee66000 	/usr/lib/system/libsystem_notify.dylib
0x000000004ee66000 	/usr/lib/system/libsystem_platform.dylib
0x000000004ee66000 	/usr/lib/system/libsystem_pthread.dylib
0x000000004ee66000 	/usr/lib/system/libsystem_sandbox.dylib
0x000000004ee66000 	/usr/lib/system/libsystem_secinit.dylib
0x000000004ee66000 	/usr/lib/system/libsystem_symptoms.dylib
0x000000004ee66000 	/usr/lib/system/libsystem_trace.dylib
0x000000004ee66000 	/usr/lib/system/libunwind.dylib
0x000000004ee66000 	/usr/lib/system/libxpc.dylib
0x000000004ee66000 	/usr/lib/libbsm.0.dylib
0x000000004ee66000 	/usr/lib/system/libkxld.dylib
0x000000004ee66000 	/usr/lib/libcoretls.dylib
0x000000004ee66000 	/usr/lib/libcoretls_cfhelpers.dylib
0x000000004ee66000 	/usr/lib/libxar.1.dylib
0x000000004ee66000 	/usr/lib/libsqlite3.dylib
0x000000004ee66000 	/usr/lib/libpam.2.dylib
0x000000004ee66000 	/usr/lib/libOpenScriptingUtil.dylib
0x000000004ee66000 	/usr/lib/libbz2.1.0.dylib
0x000000004ee66000 	/usr/lib/liblzma.5.dylib
0x000000004ee66000 	/usr/lib/libnetwork.dylib
0x000000004ee66000 	/usr/lib/libpcap.A.dylib
0x000000004ee66000 	/System/Library/Frameworks/CoreServices.framework/Versions/A/Frameworks/FSEvents.framework/Versions/A/FSEvents
0x000000004ee66000 	/System/Library/Frameworks/CoreServices.framework/Versions/A/Frameworks/CarbonCore.framework/Versions/A/CarbonCore
0x000000004ee66000 	/System/Library/Frameworks/CoreServices.framework/Versions/A/Frameworks/Metadata.framework/Versions/A/Metadata
0x000000004ee66000 	/System/Library/Frameworks/CoreServices.framework/Versions/A/Frameworks/OSServices.framework/Versions/A/OSServices
0x000000004ee66000 	/System/Library/Frameworks/CoreServices.framework/Versions/A/Frameworks/SearchKit.framework/Versions/A/SearchKit
0x000000004ee66000 	/System/Library/Frameworks/CoreServices.framework/Versions/A/Frameworks/AE.framework/Versions/A/AE
0x000000004ee66000 	/System/Library/Frameworks/CoreServices.framework/Versions/A/Frameworks/LaunchServices.framework/Versions/A/LaunchServices
0x000000004ee66000 	/System/Library/Frameworks/CoreServices.framework/Versions/A/Frameworks/DictionaryServices.framework/Versions/A/DictionaryServices
0x000000004ee66000 	/System/Library/Frameworks/CoreServices.framework/Versions/A/Frameworks/SharedFileList.framework/Versions/A/SharedFileList
0x000000004ee66000 	/System/Library/Frameworks/NetFS.framework/Versions/A/NetFS
0x000000004ee66000 	/System/Library/PrivateFrameworks/NetAuth.framework/Versions/A/NetAuth
0x000000004ee66000 	/System/Library/PrivateFrameworks/login.framework/Versions/A/Frameworks/loginsupport.framework/Versions/A/loginsupport
0x000000004ee66000 	/System/Library/PrivateFrameworks/TCC.framework/Versions/A/TCC
0x000000004ee66000 	/usr/lib/libmecabra.dylib
0x000000004ee66000 	/System/Library/Frameworks/ApplicationServices.framework/Versions/A/Frameworks/ATS.framework/Versions/A/ATS
0x000000004ee66000 	/System/Library/Frameworks/ApplicationServices.framework/Versions/A/Frameworks/ColorSync.framework/Versions/A/ColorSync
0x000000004ee66000 	/System/Library/Frameworks/ApplicationServices.framework/Versions/A/Frameworks/HIServices.framework/Versions/A/HIServices
0x000000004ee66000 	/System/Library/Frameworks/ApplicationServices.framework/Versions/A/Frameworks/LangAnalysis.framework/Versions/A/LangAnalysis
0x000000004ee66000 	/System/Library/Frameworks/ApplicationServices.framework/Versions/A/Frameworks/PrintCore.framework/Versions/A/PrintCore
0x000000004ee66000 	/System/Library/Frameworks/ApplicationServices.framework/Versions/A/Frameworks/QD.framework/Versions/A/QD
0x000000004ee66000 	/System/Library/Frameworks/ApplicationServices.framework/Versions/A/Frameworks/SpeechSynthesis.framework/Versions/A/SpeechSynthesis
0x000000004ee66000 	/System/Library/Frameworks/Accelerate.framework/Versions/A/Frameworks/vImage.framework/Versions/A/vImage
0x000000004ee66000 	/System/Library/Frameworks/Accelerate.framework/Versions/A/Frameworks/vecLib.framework/Versions/A/vecLib
0x000000004ee66000 	/System/Library/Frameworks/Accelerate.framework/Versions/A/Frameworks/vecLib.framework/Versions/A/libvDSP.dylib
0x000000004ee66000 	/System/Library/Frameworks/Accelerate.framework/Versions/A/Frameworks/vecLib.framework/Versions/A/libBNNS.dylib
0x000000004ee66000 	/System/Library/Frameworks/Accelerate.framework/Versions/A/Frameworks/vecLib.framework/Versions/A/libQuadrature.dylib
0x000000004ee66000 	/System/Library/Frameworks/Accelerate.framework/Versions/A/Frameworks/vecLib.framework/Versions/A/libvMisc.dylib
0x000000004ee66000 	/System/Library/Frameworks/Accelerate.framework/Versions/A/Frameworks/vecLib.framework/Versions/A/libLAPACK.dylib
0x000000004ee66000 	/System/Library/Frameworks/Accelerate.framework/Versions/A/Frameworks/vecLib.framework/Versions/A/libBLAS.dylib
0x000000004ee66000 	/System/Library/Frameworks/Accelerate.framework/Versions/A/Frameworks/vecLib.framework/Versions/A/libLinearAlgebra.dylib
0x000000004ee66000 	/System/Library/Frameworks/Accelerate.framework/Versions/A/Frameworks/vecLib.framework/Versions/A/libSparseBLAS.dylib
0x000000004ee66000 	/System/Library/Frameworks/ApplicationServices.framework/Versions/A/Frameworks/ATS.framework/Versions/A/Resources/libFontParser.dylib
0x000000004ee66000 	/System/Library/Frameworks/ApplicationServices.framework/Versions/A/Frameworks/ATS.framework/Versions/A/Resources/libFontRegistry.dylib
0x000000004ee66000 	/System/Library/Frameworks/ImageIO.framework/Versions/A/Resources/libJPEG.dylib
0x000000004ee66000 	/System/Library/Frameworks/ImageIO.framework/Versions/A/Resources/libTIFF.dylib
0x000000004ee66000 	/System/Library/Frameworks/ImageIO.framework/Versions/A/Resources/libPng.dylib
0x000000004ee66000 	/System/Library/Frameworks/ImageIO.framework/Versions/A/Resources/libGIF.dylib
0x000000004ee66000 	/System/Library/Frameworks/ImageIO.framework/Versions/A/Resources/libJP2.dylib
0x000000004ee66000 	/System/Library/Frameworks/ImageIO.framework/Versions/A/Resources/libRadiance.dylib
0x000000004ee66000 	/usr/lib/libcompression.dylib
0x000000004ee66000 	/System/Library/PrivateFrameworks/AppleJPEG.framework/Versions/A/AppleJPEG
0x000000004ee66000 	/usr/lib/libcups.2.dylib
0x000000004ee66000 	/System/Library/Frameworks/Kerberos.framework/Versions/A/Kerberos
0x000000004ee66000 	/System/Library/Frameworks/GSS.framework/Versions/A/GSS
0x000000004ee66000 	/usr/lib/libresolv.9.dylib
0x000000004ee66000 	/usr/lib/libiconv.2.dylib
0x000000004ee66000 	/System/Library/PrivateFrameworks/Heimdal.framework/Versions/A/Heimdal
0x000000004ee66000 	/usr/lib/libheimdal-asn1.dylib
0x000000004ee66000 	/System/Library/Frameworks/OpenDirectory.framework/Versions/A/OpenDirectory
0x000000004ee66000 	/System/Library/PrivateFrameworks/CommonAuth.framework/Versions/A/CommonAuth
0x000000004ee66000 	/System/Library/Frameworks/OpenDirectory.framework/Versions/A/Frameworks/CFOpenDirectory.framework/Versions/A/CFOpenDirectory
0x000000004ee66000 	/System/Library/Frameworks/SecurityFoundation.framework/Versions/A/SecurityFoundation
0x000000004ee66000 	/System/Library/PrivateFrameworks/LanguageModeling.framework/Versions/A/LanguageModeling
0x000000004ee66000 	/usr/lib/libmarisa.dylib
0x000000004ee66000 	/usr/lib/libChineseTokenizer.dylib
0x000000004ee66000 	/usr/lib/libcmph.dylib
0x000000004ee66000 	/System/Library/PrivateFrameworks/CoreEmoji.framework/Versions/A/CoreEmoji
0x000000004ee66000 	/System/Library/Frameworks/ServiceManagement.framework/Versions/A/ServiceManagement
0x000000004ee66000 	/usr/lib/libxslt.1.dylib
0x000000004ee66000 	/System/Library/Frameworks/Carbon.framework/Versions/A/Frameworks/Ink.framework/Versions/A/Ink
0x000000004ee66000 	/System/Library/PrivateFrameworks/TextureIO.framework/Versions/A/TextureIO
0x000000004ee66000 	/System/Library/Frameworks/Metal.framework/Versions/A/Metal
0x000000004ee66000 	/usr/lib/libate.dylib
0x000000004ee66000 	/System/Library/PrivateFrameworks/GPUCompiler.framework/libmetal_timestamp.dylib
0x000000004ee66000 	/System/Library/Frameworks/OpenGL.framework/Versions/A/Libraries/libCoreFSCache.dylib
0x000000004ee66000 	/System/Library/PrivateFrameworks/IOAccelerator.framework/Versions/A/IOAccelerator
0x000000004ee66000 	/System/Library/Frameworks/CoreVideo.framework/Versions/A/CoreVideo
0x000000004ee66000 	/usr/lib/libFosl_dynamic.dylib
0x000000004ee66000 	/System/Library/PrivateFrameworks/MetalPerformanceShaders.framework/Versions/A/MetalPerformanceShaders
0x000000004ee66000 	/System/Library/PrivateFrameworks/FaceCore.framework/Versions/A/FaceCore
0x000000004ee66000 	/System/Library/Frameworks/OpenCL.framework/Versions/A/OpenCL
0x000000004ee66000 	/System/Library/Frameworks/OpenGL.framework/Versions/A/Libraries/libGLU.dylib
0x000000004ee66000 	/System/Library/Frameworks/OpenGL.framework/Versions/A/Libraries/libGFXShared.dylib
0x000000004ee66000 	/System/Library/Frameworks/OpenGL.framework/Versions/A/Libraries/libGL.dylib
0x000000004ee66000 	/System/Library/Frameworks/OpenGL.framework/Versions/A/Libraries/libGLImage.dylib
0x000000004ee66000 	/System/Library/Frameworks/OpenGL.framework/Versions/A/Libraries/libCVMSPluginSupport.dylib
0x000000004ee66000 	/System/Library/Frameworks/OpenGL.framework/Versions/A/Libraries/libCoreVMClient.dylib
0x000000004ee66000 	/System/Library/PrivateFrameworks/CrashReporterSupport.framework/Versions/A/CrashReporterSupport
0x000000004ee66000 	/System/Library/PrivateFrameworks/Sharing.framework/Versions/A/Sharing
0x000000004ee66000 	/System/Library/PrivateFrameworks/IconServices.framework/Versions/A/IconServices
0x000000004ee66000 	/System/Library/PrivateFrameworks/ProtocolBuffer.framework/Versions/A/ProtocolBuffer
0x000000004ee66000 	/System/Library/PrivateFrameworks/Apple80211.framework/Versions/A/Apple80211
0x000000004ee66000 	/System/Library/Frameworks/CoreWLAN.framework/Versions/A/CoreWLAN
0x000000004ee66000 	/System/Library/PrivateFrameworks/CoreUtils.framework/Versions/A/CoreUtils
0x000000004ee66000 	/System/Library/Frameworks/IOBluetooth.framework/Versions/A/IOBluetooth
0x000000004ee66000 	/System/Library/PrivateFrameworks/CoreWiFi.framework/Versions/A/CoreWiFi
0x000000004ee66000 	/System/Library/Frameworks/CoreBluetooth.framework/Versions/A/CoreBluetooth
0x000000004ee66000 	/System/Library/Frameworks/CoreDisplay.framework/Versions/A/CoreDisplay
0x000000004ee66000 	/System/Library/PrivateFrameworks/IOPresentment.framework/Versions/A/IOPresentment
0x000000004ee66000 	/System/Library/PrivateFrameworks/DebugSymbols.framework/Versions/A/DebugSymbols
0x000000004ee66000 	/System/Library/PrivateFrameworks/CoreSymbolication.framework/Versions/A/CoreSymbolication
0x000000004ee66000 	/System/Library/PrivateFrameworks/Symbolication.framework/Versions/A/Symbolication
0x000000004ee66000 	/System/Library/PrivateFrameworks/AppleFSCompression.framework/Versions/A/AppleFSCompression
0x000000004ee66000 	/System/Library/PrivateFrameworks/SpeechRecognitionCore.framework/Versions/A/SpeechRecognitionCore
0x000000004ee66000 	/System/Library/PrivateFrameworks/ChunkingLibrary.framework/Versions/A/ChunkingLibrary
0x000000010f02f000 	/System/Library/CoreServices/Encodings/libTraditionalChineseConverter.dylib
0x000000010f076000 	/Library/Java/JavaVirtualMachines/jdk1.8.0_112.jdk/Contents/Home/jre/lib/server/libjvm.dylib
0x000000004ee66000 	/usr/lib/libstdc++.6.dylib
0x0000000110018000 	/Library/Java/JavaVirtualMachines/jdk1.8.0_112.jdk/Contents/Home/jre/lib/libverify.dylib
0x0000000110026000 	/Library/Java/JavaVirtualMachines/jdk1.8.0_112.jdk/Contents/Home/jre/lib/libjava.dylib
0x0000000110065000 	/Library/Java/JavaVirtualMachines/jdk1.8.0_112.jdk/Contents/Home/jre/lib/libzip.dylib
0x00000001101e1000 	/System/Library/Frameworks/JavaVM.framework/Frameworks/JavaRuntimeSupport.framework/JavaRuntimeSupport
0x00000001171f0000 	/System/Library/Frameworks/JavaVM.framework/Versions/A/Frameworks/JavaNativeFoundation.framework/Versions/A/JavaNativeFoundation
0x0000000117205000 	/System/Library/Frameworks/JavaVM.framework/Versions/A/JavaVM
0x000000004ee66000 	/System/Library/Frameworks/Carbon.framework/Versions/A/Carbon
0x0000000117212000 	/System/Library/PrivateFrameworks/JavaLaunching.framework/Versions/A/JavaLaunching
0x000000004ee66000 	/System/Library/Frameworks/Carbon.framework/Versions/A/Frameworks/CommonPanels.framework/Versions/A/CommonPanels
0x000000004ee66000 	/System/Library/Frameworks/Carbon.framework/Versions/A/Frameworks/Help.framework/Versions/A/Help
0x000000004ee66000 	/System/Library/Frameworks/Carbon.framework/Versions/A/Frameworks/ImageCapture.framework/Versions/A/ImageCapture
0x000000004ee66000 	/System/Library/Frameworks/Carbon.framework/Versions/A/Frameworks/OpenScripting.framework/Versions/A/OpenScripting
0x000000004ee66000 	/System/Library/Frameworks/Carbon.framework/Versions/A/Frameworks/Print.framework/Versions/A/Print
0x000000004ee66000 	/System/Library/Frameworks/Carbon.framework/Versions/A/Frameworks/SecurityHI.framework/Versions/A/SecurityHI
0x0000000118b21000 	/Library/Java/JavaVirtualMachines/jdk1.8.0_112.jdk/Contents/Home/jre/lib/libawt.dylib
0x0000000118bc9000 	/Library/Java/JavaVirtualMachines/jdk1.8.0_112.jdk/Contents/Home/jre/lib/./libmlib_image.dylib
0x0000000118c95000 	/Library/Java/JavaVirtualMachines/jdk1.8.0_112.jdk/Contents/Home/jre/lib/libawt_lwawt.dylib
0x0000000118d4c000 	/Library/Java/JavaVirtualMachines/jdk1.8.0_112.jdk/Contents/Home/jre/lib/./libosxapp.dylib
0x000000004ee66000 	/System/Library/Frameworks/ExceptionHandling.framework/Versions/A/ExceptionHandling
0x000000004ee66000 	/System/Library/PrivateFrameworks/CoreServicesInternal.framework/Versions/A/CoreServicesInternal
0x000000004ee66000 	/System/Library/CoreServices/RawCamera.bundle/Contents/MacOS/RawCamera
0x000000004ee66000 	/System/Library/Frameworks/Accelerate.framework/Versions/A/Frameworks/vImage.framework/Versions/A/Libraries/libCGInterfaces.dylib
0x000000004ee66000 	/System/Library/Frameworks/ApplicationServices.framework/Versions/A/Frameworks/ATS.framework/Versions/A/Resources/libTrueTypeScaler.dylib
0x000000004ee66000 	/System/Library/Frameworks/OpenGL.framework/Versions/A/Resources/GLEngine.bundle/GLEngine
0x000000004ee66000 	/System/Library/Frameworks/OpenGL.framework/Versions/A/Libraries/libGLProgrammability.dylib
0x000000011aa7b000 	/System/Library/Extensions/AppleIntelBDWGraphicsGLDriver.bundle/Contents/MacOS/AppleIntelBDWGraphicsGLDriver
0x000000004ee66000 	/System/Library/PrivateFrameworks/GPUSupport.framework/Versions/A/Libraries/libGPUSupportMercury.dylib
0x000000004ee66000 	/System/Library/Frameworks/OpenGL.framework/Versions/A/Resources/GLRendererFloat.bundle/GLRendererFloat
0x000000004ee66000 	/System/Library/Frameworks/OpenCL.framework/Versions/A/Libraries/libcldcpuengine.dylib
0x000000004ee66000 	/usr/lib/libcrypto.0.9.8.dylib
0x000000004ee66000 	/System/Library/PrivateFrameworks/TrustEvaluationAgent.framework/Versions/A/TrustEvaluationAgent
0x000000011b1f5000 	/System/Library/Extensions/AppleIntelBDWGraphicsMTLDriver.bundle/Contents/MacOS/AppleIntelBDWGraphicsMTLDriver
0x000000004ee66000 	/System/Library/PrivateFrameworks/FamilyControls.framework/Versions/A/FamilyControls
0x000000004ee66000 	/System/Library/PrivateFrameworks/CommerceKit.framework/Versions/A/Frameworks/CommerceCore.framework/Versions/A/CommerceCore
0x000000004ee66000 	/System/Library/PrivateFrameworks/SystemAdministration.framework/Versions/A/SystemAdministration
0x000000004ee66000 	/System/Library/PrivateFrameworks/AppContainer.framework/Versions/A/AppContainer
0x000000004ee66000 	/System/Library/PrivateFrameworks/SecCodeWrapper.framework/Versions/A/SecCodeWrapper
0x000000004ee66000 	/System/Library/Frameworks/DirectoryService.framework/Versions/A/DirectoryService
0x000000004ee66000 	/System/Library/PrivateFrameworks/DiskImages.framework/Versions/A/DiskImages
0x000000004ee66000 	/System/Library/PrivateFrameworks/LoginUIKit.framework/Versions/A/Frameworks/LoginUICore.framework/Versions/A/LoginUICore
0x000000004ee66000 	/usr/lib/libCoreStorage.dylib
0x000000004ee66000 	/usr/lib/libcsfde.dylib
0x000000004ee66000 	/usr/lib/libodfde.dylib
0x000000004ee66000 	/System/Library/Frameworks/DiscRecording.framework/Versions/A/DiscRecording
0x000000004ee66000 	/usr/lib/libcurl.4.dylib
0x000000004ee66000 	/System/Library/PrivateFrameworks/MediaKit.framework/Versions/A/MediaKit
0x000000004ee66000 	/System/Library/PrivateFrameworks/ProtectedCloudStorage.framework/Versions/A/ProtectedCloudStorage
0x000000004ee66000 	/System/Library/PrivateFrameworks/EFILogin.framework/Versions/A/EFILogin
0x000000004ee66000 	/usr/lib/libutil.dylib
0x000000004ee66000 	/System/Library/Frameworks/LDAP.framework/Versions/A/LDAP
0x000000004ee66000 	/usr/lib/libsasl2.2.dylib
0x000000004ee66000 	/System/Library/PrivateFrameworks/CoreDaemon.framework/Versions/B/CoreDaemon
0x000000004ee66000 	/System/Library/PrivateFrameworks/AppleSRP.framework/Versions/A/AppleSRP
0x000000004ee66000 	/System/Library/PrivateFrameworks/APFS.framework/Versions/A/APFS
0x00000001196d6000 	/Library/Java/JavaVirtualMachines/jdk1.8.0_112.jdk/Contents/Home/jre/lib/libnio.dylib
0x000000011c6e3000 	/Library/Java/JavaVirtualMachines/jdk1.8.0_112.jdk/Contents/Home/jre/lib/./libnet.dylib
0x000000004ee66000 	/System/Library/PrivateFrameworks/ViewBridge.framework/Versions/A/ViewBridge
0x000000004ee66000 	/System/Library/PrivateFrameworks/XPCService.framework/Versions/A/XPCService
0x000000004ee66000 	/System/Library/PrivateFrameworks/AppSandbox.framework/Versions/A/AppSandbox
0x000000004ee66000 	/usr/lib/libsandbox.1.dylib
0x000000004ee66000 	/usr/lib/libMatch.1.dylib
0x000000011c769000 	/Library/Java/JavaVirtualMachines/jdk1.8.0_112.jdk/Contents/Home/jre/lib/libfontmanager.dylib
0x00000001197b7000 	/Library/Java/JavaVirtualMachines/jdk1.8.0_112.jdk/Contents/Home/jre/lib/libosxui.dylib
0x000000011da61000 	/Library/Java/JavaVirtualMachines/jdk1.8.0_112.jdk/Contents/Home/jre/lib/libjsound.dylib
0x000000019c068000 	/System/Library/Frameworks/CoreMIDI.framework/Versions/A/CoreMIDI
0x0000000132bbd000 	/usr/lib/libexpat.1.dylib
0x000000011da74000 	/System/Library/Extensions/AppleHDA.kext/Contents/PlugIns/AppleHDAHALPlugIn.bundle/Contents/MacOS/AppleHDAHALPlugIn
0x000000019c992000 	/System/Library/Components/CoreAudio.component/Contents/MacOS/CoreAudio
0x000000004ee66000 	/System/Library/PrivateFrameworks/CloudDocs.framework/Versions/A/CloudDocs
0x000000004ee66000 	/System/Library/Frameworks/CloudKit.framework/Versions/A/CloudKit
0x000000004ee66000 	/System/Library/PrivateFrameworks/MMCS.framework/Versions/A/MMCS
0x000000004ee66000 	/System/Library/Frameworks/CoreLocation.framework/Versions/A/CoreLocation
0x000000004ee66000 	/System/Library/PrivateFrameworks/AssetCacheServices.framework/Versions/A/AssetCacheServices
0x000000004ee66000 	/System/Library/PrivateFrameworks/GeoServices.framework/Versions/A/GeoServices
0x000000004ee66000 	/System/Library/PrivateFrameworks/DataDetectors.framework/Versions/A/DataDetectors
0x000000004ee66000 	/System/Library/Frameworks/AddressBook.framework/Versions/A/AddressBook
0x000000004ee66000 	/System/Library/Frameworks/Quartz.framework/Versions/A/Quartz
0x000000004ee66000 	/System/Library/Frameworks/WebKit.framework/Versions/A/WebKit
0x000000004ee66000 	/System/Library/PrivateFrameworks/ContactsPersistence.framework/Versions/A/ContactsPersistence
0x000000004ee66000 	/System/Library/PrivateFrameworks/CalendarAgentLink.framework/Versions/A/CalendarAgentLink
0x000000004ee66000 	/System/Library/PrivateFrameworks/ContactsFoundation.framework/Versions/A/ContactsFoundation
0x000000004ee66000 	/System/Library/PrivateFrameworks/vCard.framework/Versions/A/vCard
0x000000004ee66000 	/System/Library/PrivateFrameworks/IntlPreferences.framework/Versions/A/IntlPreferences
0x000000004ee66000 	/System/Library/PrivateFrameworks/ToneLibrary.framework/Versions/A/ToneLibrary
0x000000004ee66000 	/System/Library/PrivateFrameworks/ToneKit.framework/Versions/A/ToneKit
0x000000004ee66000 	/System/Library/PrivateFrameworks/ApplePushService.framework/Versions/A/ApplePushService
0x000000004ee66000 	/System/Library/Frameworks/SecurityInterface.framework/Versions/A/SecurityInterface
0x000000004ee66000 	/System/Library/PrivateFrameworks/PhoneNumbers.framework/Versions/A/PhoneNumbers
0x000000004ee66000 	/System/Library/Frameworks/Accounts.framework/Versions/A/Accounts
0x000000004ee66000 	/System/Library/PrivateFrameworks/OAuth.framework/Versions/A/OAuth
0x000000004ee66000 	/System/Library/Frameworks/AVFoundation.framework/Versions/A/AVFoundation
0x000000004ee66000 	/System/Library/Frameworks/AVFoundation.framework/Versions/A/Frameworks/AVFAudio.framework/Versions/A/AVFAudio
0x000000004ee66000 	/System/Library/Frameworks/CoreMedia.framework/Versions/A/CoreMedia
0x000000004ee66000 	/System/Library/Frameworks/MediaToolbox.framework/Versions/A/MediaToolbox
0x000000004ee66000 	/System/Library/Frameworks/VideoToolbox.framework/Versions/A/VideoToolbox
0x000000004ee66000 	/System/Library/Frameworks/CoreMediaIO.framework/Versions/A/CoreMediaIO
0x000000004ee66000 	/usr/lib/libspindump.dylib
0x000000004ee66000 	/usr/lib/libdscsym.dylib
0x000000004ee66000 	/System/Library/PrivateFrameworks/CoreAVCHD.framework/Versions/A/CoreAVCHD
0x000000004ee66000 	/System/Library/Frameworks/MediaAccessibility.framework/Versions/A/MediaAccessibility
0x000000004ee66000 	/System/Library/PrivateFrameworks/Mangrove.framework/Versions/A/Mangrove
0x000000004ee66000 	/System/Library/PrivateFrameworks/CoreAUC.framework/Versions/A/CoreAUC
0x000000004ee66000 	/System/Library/PrivateFrameworks/AppleVA.framework/Versions/A/AppleVA
0x000000004ee66000 	/System/Library/Frameworks/Quartz.framework/Versions/A/Frameworks/QuartzComposer.framework/Versions/A/QuartzComposer
0x000000004ee66000 	/System/Library/Frameworks/Quartz.framework/Versions/A/Frameworks/PDFKit.framework/Versions/A/PDFKit
0x000000004ee66000 	/System/Library/Frameworks/Quartz.framework/Versions/A/Frameworks/QuartzFilters.framework/Versions/A/QuartzFilters
0x000000004ee66000 	/System/Library/Frameworks/Quartz.framework/Versions/A/Frameworks/ImageKit.framework/Versions/A/ImageKit
0x000000004ee66000 	/System/Library/Frameworks/Quartz.framework/Versions/A/Frameworks/QuickLookUI.framework/Versions/A/QuickLookUI
0x000000004ee66000 	/System/Library/Frameworks/JavaScriptCore.framework/Versions/A/JavaScriptCore
0x000000004ee66000 	/System/Library/Frameworks/QTKit.framework/Versions/A/QTKit
0x000000004ee66000 	/System/Library/PrivateFrameworks/AppleSystemInfo.framework/Versions/A/AppleSystemInfo
0x000000004ee66000 	/System/Library/PrivateFrameworks/CoreMediaAuthoring.framework/Versions/A/CoreMediaAuthoring
0x000000004ee66000 	/System/Library/PrivateFrameworks/CorePDF.framework/Versions/A/CorePDF
0x000000004ee66000 	/System/Library/Frameworks/QuickLook.framework/Versions/A/QuickLook
0x000000004ee66000 	/System/Library/PrivateFrameworks/DisplayServices.framework/Versions/A/DisplayServices
0x000000004ee66000 	/System/Library/Frameworks/ImageCaptureCore.framework/Versions/A/ImageCaptureCore
0x000000004ee66000 	/System/Library/PrivateFrameworks/QuickLookThumbnailing.framework/Versions/A/QuickLookThumbnailing
0x000000004ee66000 	/System/Library/Frameworks/SafariServices.framework/Versions/A/SafariServices
0x000000004ee66000 	/System/Library/PrivateFrameworks/MobileKeyBag.framework/Versions/A/MobileKeyBag
0x000000004ee66000 	/System/Library/Frameworks/WebKit.framework/Versions/A/Frameworks/WebKitLegacy.framework/Versions/A/WebKitLegacy
0x000000004ee66000 	/System/Library/Frameworks/WebKit.framework/Versions/A/Frameworks/WebCore.framework/Versions/A/WebCore
0x000000019d5ed000 	/System/Library/PrivateFrameworks/CoreNLP.framework/Versions/A/CoreNLP
0x000000019d6f4000 	/usr/lib/libgermantok.dylib
0x000000004ee66000 	/System/Library/PrivateFrameworks/ShareKit.framework/Versions/A/ShareKit
0x000000004ee66000 	/System/Library/PrivateFrameworks/PlugInKit.framework/Versions/A/PlugInKit
0x000000004ee66000 	/System/Library/Frameworks/Social.framework/Versions/A/Social
0x000000004ee66000 	/System/Library/PrivateFrameworks/AccountsUI.framework/Versions/A/AccountsUI
0x000000004ee66000 	/System/Library/PrivateFrameworks/AccountsDaemon.framework/Versions/A/AccountsDaemon

VM Arguments:
jvm_args: -Dfile.encoding=UTF-8 
java_command: student.demo.AlienDemo
java_class_path (initial): /Users/tamseelong/Desktop/RetroSpaceInvader/lib/GameConsole.ob.jar:/Users/tamseelong/Desktop/RetroSpaceInvader/build/classes
Launcher Type: SUN_STANDARD

Environment Variables:
PATH=/usr/bin:/bin:/usr/sbin:/sbin
LD_LIBRARY_PATH=/Library/Java/JavaVirtualMachines/jdk1.8.0_112.jdk/Contents/Home/jre/lib/amd64:/Library/Java/JavaVirtualMachines/jdk1.8.0_112.jdk/Contents/Home/jre/lib/i386:
SHELL=/bin/bash

Signal Handlers:
SIGSEGV: [libjvm.dylib+0x5b11a5], sa_mask[0]=11111111011111110111111111111111, sa_flags=SA_ONSTACK|SA_RESTART|SA_SIGINFO
SIGBUS: [libjvm.dylib+0x5b11a5], sa_mask[0]=11111111011111110111111111111111, sa_flags=SA_RESTART|SA_SIGINFO
SIGFPE: [libjvm.dylib+0x487dc0], sa_mask[0]=11111111011111110111111111111111, sa_flags=SA_RESTART|SA_SIGINFO
SIGPIPE: [libjvm.dylib+0x487dc0], sa_mask[0]=11111111011111110111111111111111, sa_flags=SA_RESTART|SA_SIGINFO
SIGXFSZ: [libjvm.dylib+0x487dc0], sa_mask[0]=11111111011111110111111111111111, sa_flags=SA_RESTART|SA_SIGINFO
SIGILL: [libjvm.dylib+0x487dc0], sa_mask[0]=11111111011111110111111111111111, sa_flags=SA_RESTART|SA_SIGINFO
SIGUSR1: SIG_DFL, sa_mask[0]=00000000000000000000000000000000, sa_flags=none
SIGUSR2: [libjvm.dylib+0x4878de], sa_mask[0]=00100000000000000000000000000000, sa_flags=SA_RESTART|SA_SIGINFO
SIGHUP: [libjvm.dylib+0x485eb5], sa_mask[0]=11111111011111110111111111111111, sa_flags=SA_RESTART|SA_SIGINFO
SIGINT: SIG_IGN, sa_mask[0]=00000000000000000000000000000000, sa_flags=none
SIGTERM: [libjvm.dylib+0x485eb5], sa_mask[0]=11111111011111110111111111111111, sa_flags=SA_RESTART|SA_SIGINFO
SIGQUIT: [libjvm.dylib+0x485eb5], sa_mask[0]=11111111011111110111111111111111, sa_flags=SA_RESTART|SA_SIGINFO


---------------  S Y S T E M  ---------------

OS:Bsduname:Darwin 16.0.0 Darwin Kernel Version 16.0.0: Mon Aug 29 17:56:20 PDT 2016; root:xnu-3789.1.32~3/RELEASE_X86_64 x86_64
rlimit: STACK 8192k, CORE 0k, NPROC 709, NOFILE 10240, AS infinity
load average:4.04 3.28 2.56

CPU:total 4 (2 cores per cpu, 2 threads per core) family 6 model 61 stepping 4, cmov, cx8, fxsr, mmx, sse, sse2, sse3, ssse3, sse4.1, sse4.2, popcnt, avx, avx2, aes, clmul, erms, 3dnowpref, lzcnt, ht, tsc, tscinvbit, bmi1, bmi2, adx

Memory: 4k page, physical 8388608k(658644k free)

/proc/meminfo:


vm_info: Java HotSpot(TM) 64-Bit Server VM (25.112-b16) for bsd-amd64 JRE (1.8.0_112-b16), built on Sep 30 2016 22:41:41 by "java_re" with gcc 4.2.1 (Based on Apple Inc. build 5658) (LLVM build 2336.11.00)

time: Fri Nov 17 23:14:44 2017
elapsed time: 13 seconds (0d 0h 0m 13s)

