#
# A fatal error has been detected by the Java Runtime Environment:
#
#  SIGILL (0x4) at pc=0x00007fff8077f28e, pid=52250, tid=0x000000000000080b
#
# JRE version: Java(TM) SE Runtime Environment (8.0_112-b16) (build 1.8.0_112-b16)
# Java VM: Java HotSpot(TM) 64-Bit Server VM (25.112-b16 mixed mode bsd-amd64 compressed oops)
# Problematic frame:
# C  [AppKit+0x3a528e]  -[NSApplication _crashOnException:]+0x6d
#
# Failed to write core dump. Core dumps have been disabled. To enable core dumping, try "ulimit -c unlimited" before starting Java again
#
# If you would like to submit a bug report, please visit:
#   http://bugreport.java.com/bugreport/crash.jsp
# The crash happened outside the Java Virtual Machine in native code.
# See problematic frame for where to report the bug.
#

---------------  T H R E A D  ---------------

Current thread (0x00007ffe8e101000):  JavaThread "AppKit Thread" daemon [_thread_in_native, id=2059, stack(0x00007fff50f37000,0x00007fff51737000)]

siginfo: si_signo: 4 (SIGILL), si_code: 1 (ILL_ILLOPC), si_addr: 0x00007fff8077f28e

Registers:
RAX=0x00007ffe8e137200, RBX=0x00007ffe8d5e0020, RCX=0x0000000000000001, RDX=0x0000000000000000
RSP=0x00007fff51732370, RBP=0x00007fff51732380, RSI=0x00000000000012fb, RDI=0x00007ffe8d6455c0
R8 =0x0000000008000100, R9 =0x0000000000000000, R10=0x00007fff9cfd3fb8, R11=0x00000000000019ff
R12=0x000000000000002d, R13=0x00007fff80f57ff5, R14=0x00007fff96eddb40, R15=0x00007fff9cfd4f80
RIP=0x00007fff8077f28e, EFLAGS=0x0000000000010202, ERR=0x0000000000000000
  TRAPNO=0x0000000000000006

Top of Stack: (sp=0x00007fff51732370)
0x00007fff51732370:   00007ffe8d6ce1b0 00007fff80f579f2
0x00007fff51732380:   00007fff517324b0 00007fff8084f5ad
0x00007fff51732390:   00007ffe8d41c930 00007fff80f57df1
0x00007fff517323a0:   00007ffe8d637750 00007ffe8d6f1e80
0x00007fff517323b0:   00007ffe8d5e0020 00007ffe9298c9b0
0x00007fff517323c0:   ffffffffffffffff 00007fff51732400
0x00007fff517323d0:   00007fff517323d8 000000000000002d
0x00007fff517323e0:   0000000000000000 0000000000000000
0x00007fff517323f0:   0000000000000000 0000000000000000
0x00007fff51732400:   00007ffe929365d0 00007ffe92952160
0x00007fff51732410:   00007ffe9292dfe0 00007ffe929a7ad0
0x00007fff51732420:   00007ffe8d6e2000 00007ffe92971750
0x00007fff51732430:   00007ffe92980b00 00007ffe929bb300
0x00007fff51732440:   00007ffe929ae1e0 00007ffe92bbd800
0x00007fff51732450:   00007ffe92930fd0 00007ffe92931050
0x00007fff51732460:   00007ffe92922ab0 00007ffe92930a20
0x00007fff51732470:   00007ffe8d6ce100 00007ffe8d6e9c80
0x00007fff51732480:   1b7341aea7170033 00007fff517324b0
0x00007fff51732490:   00007ffe8d5ec590 00007fff517324c0
0x00007fff517324a0:   00007ffe8d5e0020 00007ffe8d637750
0x00007fff517324b0:   00007fff51732500 00007fff8077f1fc
0x00007fff517324c0:   6300000000040000 00007fff517324c0
0x00007fff517324d0:   1b7341aea7170033 00007fff51732510
0x00007fff517324e0:   00007fff51732510 0000000000000000
0x00007fff517324f0:   00007fff51732500 00007ffe8d5e0020
0x00007fff51732500:   00007fff51732530 00007fff80847dd3
0x00007fff51732510:   00007fff517328c0 0000000000000000
0x00007fff51732520:   0000000000000001 00007ffe8d7308c0
0x00007fff51732530:   00007fff51732840 00007fff81d02e9d
0x00007fff51732540:   00007ffe8d7308c0 00007fff81d02aea
0x00007fff51732550:   00007fff51732650 00007ffe8d5f7c28
0x00007fff51732560:   0000000000000000 0000000000000002 

Instructions: (pc=0x00007fff8077f28e)
0x00007fff8077f26e:   48 89 c7 ff 15 f9 bd fe 1b 48 8b 35 b2 7b 27 1c
0x00007fff8077f27e:   48 89 c7 ff 15 e9 bd fe 1b 48 89 05 9a d1 2d 1c
0x00007fff8077f28e:   0f 0b 48 89 c7 e8 7c 5c 72 00 31 ff 31 f6 31 c0
0x00007fff8077f29e:   e8 e3 c3 e2 ff e8 90 5c 72 00 48 89 c3 e8 7c 5c 

Register to memory mapping:

RAX=0x00007ffe8e137200 is an unknown value
RBX=0x00007ffe8d5e0020 is an unknown value
RCX=0x0000000000000001 is an unknown value
RDX=0x0000000000000000 is an unknown value
RSP=0x00007fff51732370 is pointing into the stack for thread: 0x00007ffe8e101000
RBP=0x00007fff51732380 is pointing into the stack for thread: 0x00007ffe8e101000
RSI=0x00000000000012fb is an unknown value
RDI=0x00007ffe8d6455c0 is an unknown value
R8 =0x0000000008000100 is an unknown value
R9 =0x0000000000000000 is an unknown value
R10=0x00007fff9cfd3fb8: OBJC_CLASS_$___NSCFString+0 in /System/Library/Frameworks/CoreFoundation.framework/Versions/A/CoreFoundation at 0x00007fff82702000
R11=0x00000000000019ff is an unknown value
R12=0x000000000000002d is an unknown value
R13=0x00007fff80f57ff5: __NSStyleNameIndexTable+0x6d308 in /System/Library/Frameworks/AppKit.framework/Versions/C/AppKit at 0x00007fff803da000
R14=0x00007fff96eddb40: objc_msgSend+0 in /usr/lib/libobjc.A.dylib at 0x00007fff96ed7000
R15=0x00007fff9cfd4f80: OBJC_CLASS_$_NSDictionary+0 in /System/Library/Frameworks/CoreFoundation.framework/Versions/A/CoreFoundation at 0x00007fff82702000


Stack: [0x00007fff50f37000,0x00007fff51737000],  sp=0x00007fff51732370,  free space=8172k
Native frames: (J=compiled Java code, j=interpreted, Vv=VM code, C=native code)
C  [AppKit+0x3a528e]  -[NSApplication _crashOnException:]+0x6d
C  [AppKit+0x4755ad]  -[NSApplication _showException:]+0x2e8
C  [AppKit+0x3a51fc]  -[NSApplication reportException:]+0x167
C  [AppKit+0x46ddd3]  uncaughtErrorProc+0x9e
C  [HIToolbox+0x8e9d]  DispatchEventToHandlers(EventTargetRec*, OpaqueEventRef*, HandlerCallRec*)+0x474
C  [HIToolbox+0x8346]  SendEventToEventTargetInternal(OpaqueEventRef*, OpaqueEventTargetRef*, HandlerCallRec*)+0x1ac
C  [HIToolbox+0x818f]  SendEventToEventTargetWithOptions+0x2b
C  [HIToolbox+0x5ef86]  SendTSMEvent_WithCompletionHandler+0x198
C  [HIToolbox+0x212378]  __SendTextInputEvent_WithCompletionHandler_block_invoke+0x248
C  [HIToolbox+0x210689]  SendTextInputEvent_WithCompletionHandler+0x482
C  [HIToolbox+0x281829]  -[IMKInputSession _postEvent:completionHandler:]+0xb0
C  [HIToolbox+0x291485]  -[IMKInputSession _copyUniCharsForRange:intoBuffer:ofLength:completionHandler:]+0x212
C  [HIToolbox+0x291c0e]  -[IMKInputSession _coreAttributesFromRange:whichAttributes:completionHandler:]+0x119
C  [HIToolbox+0x293bb0]  -[IMKInputSession attributedSubstringFromRange:completionHandler:]+0xba
C  [HIToolbox+0x2843ab]  __61-[IMKInputSession imkxpc_attributedSubstringFromRange:reply:]_block_invoke+0x212
C  [CoreFoundation+0xa73ac]  __CFRUNLOOP_IS_CALLING_OUT_TO_A_BLOCK__+0xc
C  [CoreFoundation+0x88424]  __CFRunLoopDoBlocks+0x164
C  [CoreFoundation+0x87f66]  __CFRunLoopRun+0x756
C  [CoreFoundation+0x875b4]  CFRunLoopRunSpecific+0x1a4
C  [HIToolbox+0x30f6c]  RunCurrentEventLoopInMode+0xf0
C  [HIToolbox+0x30da1]  ReceiveNextEventCommon+0x1b0
C  [HIToolbox+0x30bd6]  _BlockUntilNextEventMatchingListInModeWithFilter+0x47
C  [AppKit+0x475f5]  _DPSNextEvent+0x445
C  [AppKit+0x7578eb]  -[NSApplication(NSEvent) _nextEventMatchingEventMask:untilDate:inMode:dequeue:]+0x665
C  [libosxapp.dylib+0x23aa]  -[NSApplicationAWT nextEventMatchingMask:untilDate:inMode:dequeue:]+0x7c
C  [AppKit+0x3bfbd]  -[NSApplication run]+0x39e
C  [libosxapp.dylib+0x214d]  +[NSApplicationAWT runAWTLoopWithApp:]+0x9c
C  [libawt_lwawt.dylib+0x4615f]  -[AWTStarter starter:]+0x389
C  [Foundation+0x71f2a]  __NSThreadPerformPerform+0x146
C  [CoreFoundation+0xa7551]  __CFRUNLOOP_IS_CALLING_OUT_TO_A_SOURCE0_PERFORM_FUNCTION__+0x11
C  [CoreFoundation+0x886bd]  __CFRunLoopDoSources0+0x22d
C  [CoreFoundation+0x87bb6]  __CFRunLoopRun+0x3a6
C  [CoreFoundation+0x875b4]  CFRunLoopRunSpecific+0x1a4
C  [java+0x6465]  CreateExecutionEnvironment+0x367
C  [java+0x218c]  JLI_Launch+0x7a0
C  [java+0x84c2]  main+0x65
C  [java+0x19e4]  start+0x34
C  0x0000000000000005


---------------  P R O C E S S  ---------------

Java Threads: ( => current thread )
  0x00007ffe8e22f800 JavaThread "DestroyJavaVM" [_thread_blocked, id=7171, stack(0x0000700008722000,0x0000700008822000)]
  0x00007ffe8e21b800 JavaThread "Thread-1" [_thread_blocked, id=65615, stack(0x0000700009b64000,0x0000700009c64000)]
  0x00007ffe8e103000 JavaThread "Java2D Queue Flusher" daemon [_thread_blocked, id=58387, stack(0x00007000099de000,0x0000700009ade000)]
  0x00007ffe8e99d000 JavaThread "AWT-EventQueue-0" [_thread_in_native, id=53507, stack(0x00007000098db000,0x00007000099db000)]
  0x00007ffe8e1b0800 JavaThread "Java2D Disposer" daemon [_thread_blocked, id=46895, stack(0x00007000097d8000,0x00007000098d8000)]
  0x00007ffe8d8ec800 JavaThread "AWT-Shutdown" [_thread_blocked, id=29215, stack(0x000070000954c000,0x000070000964c000)]
=>0x00007ffe8e101000 JavaThread "AppKit Thread" daemon [_thread_in_native, id=2059, stack(0x00007fff50f37000,0x00007fff51737000)]
  0x00007ffe8d82e000 JavaThread "Service Thread" daemon [_thread_blocked, id=18691, stack(0x0000700009346000,0x0000700009446000)]
  0x00007ffe8e04d800 JavaThread "C1 CompilerThread2" daemon [_thread_blocked, id=18179, stack(0x0000700009243000,0x0000700009343000)]
  0x00007ffe8e059800 JavaThread "C2 CompilerThread1" daemon [_thread_blocked, id=17667, stack(0x0000700009140000,0x0000700009240000)]
  0x00007ffe8e04c000 JavaThread "C2 CompilerThread0" daemon [_thread_blocked, id=17155, stack(0x000070000903d000,0x000070000913d000)]
  0x00007ffe8e059000 JavaThread "Signal Dispatcher" daemon [_thread_blocked, id=16643, stack(0x0000700008f3a000,0x000070000903a000)]
  0x00007ffe8f023800 JavaThread "Finalizer" daemon [_thread_blocked, id=12547, stack(0x0000700008e37000,0x0000700008f37000)]
  0x00007ffe8f022800 JavaThread "Reference Handler" daemon [_thread_blocked, id=12035, stack(0x0000700008d34000,0x0000700008e34000)]

Other Threads:
  0x00007ffe8d829800 VMThread [stack: 0x0000700008c31000,0x0000700008d31000] [id=11523]
  0x00007ffe8e80c000 WatcherThread [stack: 0x0000700009449000,0x0000700009549000] [id=19203]

VM state:not at safepoint (normal execution)

VM Mutex/Monitor currently owned by a thread: None

Heap:
 PSYoungGen      total 38400K, used 20435K [0x0000000795580000, 0x0000000798000000, 0x00000007c0000000)
  eden space 33280K, 61% used [0x0000000795580000,0x0000000796974e38,0x0000000797600000)
  from space 5120K, 0% used [0x0000000797b00000,0x0000000797b00000,0x0000000798000000)
  to   space 5120K, 0% used [0x0000000797600000,0x0000000797600000,0x0000000797b00000)
 ParOldGen       total 87552K, used 0K [0x0000000740000000, 0x0000000745580000, 0x0000000795580000)
  object space 87552K, 0% used [0x0000000740000000,0x0000000740000000,0x0000000745580000)
 Metaspace       used 11169K, capacity 11394K, committed 11648K, reserved 1058816K
  class space    used 1306K, capacity 1383K, committed 1408K, reserved 1048576K

Card table byte_map: [0x0000000110162000,0x0000000110563000] byte_map_base: 0x000000010c762000

Marking Bits: (ParMarkBitMap*) 0x000000010f6f0d30
 Begin Bits: [0x000000012062e000, 0x000000012262e000)
 End Bits:   [0x000000012262e000, 0x000000012462e000)

Polling page: 0x000000010e5a0000

CodeCache: size=245760Kb used=3756Kb max_used=3765Kb free=242003Kb
 bounds [0x000000011162e000, 0x00000001119de000, 0x000000012062e000]
 total_blobs=1601 nmethods=1097 adapters=418
 compilation: enabled

Compilation events (10 events):
Event: 9.379 Thread 0x00007ffe8e059800 1093       4       javax.swing.JComponent::getWidth (5 bytes)
Event: 9.380 Thread 0x00007ffe8e059800 nmethod 1093 0x0000000111981c10 code [0x0000000111981d60, 0x0000000111981db8]
Event: 9.625 Thread 0x00007ffe8e04d800 1094       3       java.util.concurrent.locks.AbstractQueuedSynchronizer$ConditionObject::addConditionWaiter (64 bytes)
Event: 9.626 Thread 0x00007ffe8e04d800 nmethod 1094 0x00000001119dadd0 code [0x00000001119daf60, 0x00000001119db3a8]
Event: 9.626 Thread 0x00007ffe8e04d800 1095   !   3       java.util.concurrent.locks.AbstractQueuedSynchronizer::fullyRelease (54 bytes)
Event: 9.627 Thread 0x00007ffe8e04d800 nmethod 1095 0x00000001119da350 code [0x00000001119da500, 0x00000001119daae8]
Event: 9.715 Thread 0x00007ffe8e04c000 1096       4       java.util.IdentityHashMap::clear (39 bytes)
Event: 9.719 Thread 0x00007ffe8e04c000 nmethod 1096 0x00000001119d8b50 code [0x00000001119d8ca0, 0x00000001119d8db8]
Event: 9.722 Thread 0x00007ffe8e04d800 1097       3       java.util.Formatter$FormatSpecifier::getZero (36 bytes)
Event: 9.722 Thread 0x00007ffe8e04d800 nmethod 1097 0x00000001119d99d0 code [0x00000001119d9b80, 0x00000001119da0c8]

GC Heap History (0 events):
No events

Deoptimization events (0 events):
No events

Internal exceptions (10 events):
Event: 0.136 Thread 0x00007ffe8f002000 Exception <a 'java/security/PrivilegedActionException'> (0x00000007956212d0) thrown at [/Users/java_re/workspace/8-2-build-macosx-x86_64/jdk8u112/7935/hotspot/src/share/vm/prims/jvm.cpp, line 1390]
Event: 0.136 Thread 0x00007ffe8f002000 Exception <a 'java/security/PrivilegedActionException'> (0x00000007956214e0) thrown at [/Users/java_re/workspace/8-2-build-macosx-x86_64/jdk8u112/7935/hotspot/src/share/vm/prims/jvm.cpp, line 1390]
Event: 0.138 Thread 0x00007ffe8f002000 Exception <a 'java/security/PrivilegedActionException'> (0x00000007956247e8) thrown at [/Users/java_re/workspace/8-2-build-macosx-x86_64/jdk8u112/7935/hotspot/src/share/vm/prims/jvm.cpp, line 1390]
Event: 0.138 Thread 0x00007ffe8f002000 Exception <a 'java/security/PrivilegedActionException'> (0x00000007956249f8) thrown at [/Users/java_re/workspace/8-2-build-macosx-x86_64/jdk8u112/7935/hotspot/src/share/vm/prims/jvm.cpp, line 1390]
Event: 0.225 Thread 0x00007ffe8f002000 Exception <a 'java/lang/NoSuchFieldError': method resolution failed> (0x00000007957a5328) thrown at [/Users/java_re/workspace/8-2-build-macosx-x86_64/jdk8u112/7935/hotspot/src/share/vm/prims/methodHandles.cpp, line 1146]
Event: 0.227 Thread 0x00007ffe8f002000 Exception <a 'java/lang/NoSuchFieldError': method resolution failed> (0x00000007957b2af8) thrown at [/Users/java_re/workspace/8-2-build-macosx-x86_64/jdk8u112/7935/hotspot/src/share/vm/prims/methodHandles.cpp, line 1146]
Event: 0.719 Thread 0x00007ffe8f002000 Exception <a 'java/io/FileNotFoundException'> (0x000000079582da58) thrown at [/Users/java_re/workspace/8-2-build-macosx-x86_64/jdk8u112/7935/hotspot/src/share/vm/prims/jni.cpp, line 709]
Event: 0.719 Thread 0x00007ffe8f002000 Exception <a 'java/io/FileNotFoundException'> (0x000000079582e5e0) thrown at [/Users/java_re/workspace/8-2-build-macosx-x86_64/jdk8u112/7935/hotspot/src/share/vm/prims/jni.cpp, line 709]
Event: 1.107 Thread 0x00007ffe8e99d000 Exception <a 'java/io/FileNotFoundException'> (0x0000000795e1e0a0) thrown at [/Users/java_re/workspace/8-2-build-macosx-x86_64/jdk8u112/7935/hotspot/src/share/vm/prims/jni.cpp, line 709]
Event: 4.697 Thread 0x00007ffe8e101000 Exception <a 'java/lang/NullPointerException'> (0x00000007958eb220) thrown at [/Users/java_re/workspace/8-2-build-macosx-x86_64/jdk8u112/7935/hotspot/src/share/vm/prims/jni.cpp, line 1340]

Events (10 events):
Event: 4.803 loading class javax/swing/AbstractButton
Event: 4.805 loading class java/awt/ItemSelectable
Event: 4.805 loading class java/awt/ItemSelectable done
Event: 4.806 loading class javax/swing/AbstractButton done
Event: 4.806 loading class javax/swing/JMenuItem done
Event: 4.806 loading class javax/swing/JMenu done
Event: 6.071 loading class java/awt/LightweightDispatcher$2
Event: 6.071 loading class java/awt/LightweightDispatcher$2 done
Event: 9.715 Thread 0x00007ffe8e99d000 DEOPT PACKING pc=0x000000011188babe sp=0x00007000099d96e0
Event: 9.715 Thread 0x00007ffe8e99d000 DEOPT UNPACKING pc=0x0000000111675633 sp=0x00007000099d9420 mode 0


Dynamic libraries:
0x000000000d58d000 	/System/Library/Frameworks/Cocoa.framework/Versions/A/Cocoa
0x000000000d58d000 	/System/Library/Frameworks/Security.framework/Versions/A/Security
0x000000000d58d000 	/System/Library/Frameworks/ApplicationServices.framework/Versions/A/ApplicationServices
0x000000000d58d000 	/usr/lib/libz.1.dylib
0x000000000d58d000 	/usr/lib/libSystem.B.dylib
0x000000000d58d000 	/usr/lib/libobjc.A.dylib
0x000000000d58d000 	/System/Library/Frameworks/CoreFoundation.framework/Versions/A/CoreFoundation
0x000000000d58d000 	/System/Library/Frameworks/Foundation.framework/Versions/C/Foundation
0x000000000d58d000 	/System/Library/Frameworks/AppKit.framework/Versions/C/AppKit
0x000000000d58d000 	/System/Library/Frameworks/CoreData.framework/Versions/A/CoreData
0x000000000d58d000 	/System/Library/PrivateFrameworks/RemoteViewServices.framework/Versions/A/RemoteViewServices
0x000000000d58d000 	/System/Library/PrivateFrameworks/UIFoundation.framework/Versions/A/UIFoundation
0x000000000d58d000 	/usr/lib/libenergytrace.dylib
0x000000000d58d000 	/System/Library/PrivateFrameworks/SkyLight.framework/Versions/A/SkyLight
0x000000000d58d000 	/System/Library/Frameworks/CoreGraphics.framework/Versions/A/CoreGraphics
0x000000000d58d000 	/usr/lib/libScreenReader.dylib
0x000000000d58d000 	/System/Library/Frameworks/Accelerate.framework/Versions/A/Accelerate
0x000000000d58d000 	/System/Library/Frameworks/IOSurface.framework/Versions/A/IOSurface
0x000000000d58d000 	/System/Library/Frameworks/AudioToolbox.framework/Versions/A/AudioToolbox
0x000000000d58d000 	/System/Library/Frameworks/AudioUnit.framework/Versions/A/AudioUnit
0x000000000d58d000 	/System/Library/PrivateFrameworks/DataDetectorsCore.framework/Versions/A/DataDetectorsCore
0x000000000d58d000 	/System/Library/PrivateFrameworks/DesktopServicesPriv.framework/Versions/A/DesktopServicesPriv
0x000000000d58d000 	/System/Library/Frameworks/Carbon.framework/Versions/A/Frameworks/HIToolbox.framework/Versions/A/HIToolbox
0x000000000d58d000 	/usr/lib/libicucore.A.dylib
0x000000000d58d000 	/System/Library/Frameworks/QuartzCore.framework/Versions/A/QuartzCore
0x000000000d58d000 	/System/Library/Frameworks/Carbon.framework/Versions/A/Frameworks/SpeechRecognition.framework/Versions/A/SpeechRecognition
0x000000000d58d000 	/usr/lib/libauto.dylib
0x000000000d58d000 	/usr/lib/libxml2.2.dylib
0x000000000d58d000 	/System/Library/PrivateFrameworks/CoreUI.framework/Versions/A/CoreUI
0x000000000d58d000 	/System/Library/Frameworks/CoreAudio.framework/Versions/A/CoreAudio
0x000000000d58d000 	/System/Library/Frameworks/DiskArbitration.framework/Versions/A/DiskArbitration
0x000000000d58d000 	/usr/lib/liblangid.dylib
0x000000000d58d000 	/System/Library/PrivateFrameworks/MultitouchSupport.framework/Versions/A/MultitouchSupport
0x000000000d58d000 	/System/Library/Frameworks/IOKit.framework/Versions/A/IOKit
0x000000000d58d000 	/usr/lib/libDiagnosticMessagesClient.dylib
0x000000000d58d000 	/System/Library/Frameworks/CoreServices.framework/Versions/A/CoreServices
0x000000000d58d000 	/System/Library/PrivateFrameworks/PerformanceAnalysis.framework/Versions/A/PerformanceAnalysis
0x000000000d58d000 	/System/Library/PrivateFrameworks/GenerationalStorage.framework/Versions/A/GenerationalStorage
0x000000000d58d000 	/System/Library/Frameworks/OpenGL.framework/Versions/A/OpenGL
0x000000000d58d000 	/System/Library/Frameworks/CoreImage.framework/Versions/A/CoreImage
0x000000000d58d000 	/System/Library/Frameworks/CoreText.framework/Versions/A/CoreText
0x000000000d58d000 	/System/Library/Frameworks/ImageIO.framework/Versions/A/ImageIO
0x000000000d58d000 	/System/Library/PrivateFrameworks/Backup.framework/Versions/A/Backup
0x000000000d58d000 	/usr/lib/libarchive.2.dylib
0x000000000d58d000 	/System/Library/Frameworks/CFNetwork.framework/Versions/A/CFNetwork
0x000000000d58d000 	/System/Library/Frameworks/SystemConfiguration.framework/Versions/A/SystemConfiguration
0x000000000d58d000 	/usr/lib/libCRFSuite.dylib
0x000000000d58d000 	/usr/lib/libc++.1.dylib
0x000000000d58d000 	/usr/lib/libc++abi.dylib
0x000000000d58d000 	/usr/lib/system/libcache.dylib
0x000000000d58d000 	/usr/lib/system/libcommonCrypto.dylib
0x000000000d58d000 	/usr/lib/system/libcompiler_rt.dylib
0x000000000d58d000 	/usr/lib/system/libcopyfile.dylib
0x000000000d58d000 	/usr/lib/system/libcorecrypto.dylib
0x000000000d58d000 	/usr/lib/system/libdispatch.dylib
0x000000000d58d000 	/usr/lib/system/libdyld.dylib
0x000000000d58d000 	/usr/lib/system/libkeymgr.dylib
0x000000000d58d000 	/usr/lib/system/liblaunch.dylib
0x000000000d58d000 	/usr/lib/system/libmacho.dylib
0x000000000d58d000 	/usr/lib/system/libquarantine.dylib
0x000000000d58d000 	/usr/lib/system/libremovefile.dylib
0x000000000d58d000 	/usr/lib/system/libsystem_asl.dylib
0x000000000d58d000 	/usr/lib/system/libsystem_blocks.dylib
0x000000000d58d000 	/usr/lib/system/libsystem_c.dylib
0x000000000d58d000 	/usr/lib/system/libsystem_configuration.dylib
0x000000000d58d000 	/usr/lib/system/libsystem_coreservices.dylib
0x000000000d58d000 	/usr/lib/system/libsystem_coretls.dylib
0x000000000d58d000 	/usr/lib/system/libsystem_dnssd.dylib
0x000000000d58d000 	/usr/lib/system/libsystem_info.dylib
0x000000000d58d000 	/usr/lib/system/libsystem_kernel.dylib
0x000000000d58d000 	/usr/lib/system/libsystem_m.dylib
0x000000000d58d000 	/usr/lib/system/libsystem_malloc.dylib
0x000000000d58d000 	/usr/lib/system/libsystem_network.dylib
0x000000000d58d000 	/usr/lib/system/libsystem_networkextension.dylib
0x000000000d58d000 	/usr/lib/system/libsystem_notify.dylib
0x000000000d58d000 	/usr/lib/system/libsystem_platform.dylib
0x000000000d58d000 	/usr/lib/system/libsystem_pthread.dylib
0x000000000d58d000 	/usr/lib/system/libsystem_sandbox.dylib
0x000000000d58d000 	/usr/lib/system/libsystem_secinit.dylib
0x000000000d58d000 	/usr/lib/system/libsystem_symptoms.dylib
0x000000000d58d000 	/usr/lib/system/libsystem_trace.dylib
0x000000000d58d000 	/usr/lib/system/libunwind.dylib
0x000000000d58d000 	/usr/lib/system/libxpc.dylib
0x000000000d58d000 	/usr/lib/libbsm.0.dylib
0x000000000d58d000 	/usr/lib/system/libkxld.dylib
0x000000000d58d000 	/usr/lib/libcoretls.dylib
0x000000000d58d000 	/usr/lib/libcoretls_cfhelpers.dylib
0x000000000d58d000 	/usr/lib/libxar.1.dylib
0x000000000d58d000 	/usr/lib/libsqlite3.dylib
0x000000000d58d000 	/usr/lib/libpam.2.dylib
0x000000000d58d000 	/usr/lib/libOpenScriptingUtil.dylib
0x000000000d58d000 	/usr/lib/libbz2.1.0.dylib
0x000000000d58d000 	/usr/lib/liblzma.5.dylib
0x000000000d58d000 	/usr/lib/libnetwork.dylib
0x000000000d58d000 	/usr/lib/libpcap.A.dylib
0x000000000d58d000 	/System/Library/Frameworks/CoreServices.framework/Versions/A/Frameworks/FSEvents.framework/Versions/A/FSEvents
0x000000000d58d000 	/System/Library/Frameworks/CoreServices.framework/Versions/A/Frameworks/CarbonCore.framework/Versions/A/CarbonCore
0x000000000d58d000 	/System/Library/Frameworks/CoreServices.framework/Versions/A/Frameworks/Metadata.framework/Versions/A/Metadata
0x000000000d58d000 	/System/Library/Frameworks/CoreServices.framework/Versions/A/Frameworks/OSServices.framework/Versions/A/OSServices
0x000000000d58d000 	/System/Library/Frameworks/CoreServices.framework/Versions/A/Frameworks/SearchKit.framework/Versions/A/SearchKit
0x000000000d58d000 	/System/Library/Frameworks/CoreServices.framework/Versions/A/Frameworks/AE.framework/Versions/A/AE
0x000000000d58d000 	/System/Library/Frameworks/CoreServices.framework/Versions/A/Frameworks/LaunchServices.framework/Versions/A/LaunchServices
0x000000000d58d000 	/System/Library/Frameworks/CoreServices.framework/Versions/A/Frameworks/DictionaryServices.framework/Versions/A/DictionaryServices
0x000000000d58d000 	/System/Library/Frameworks/CoreServices.framework/Versions/A/Frameworks/SharedFileList.framework/Versions/A/SharedFileList
0x000000000d58d000 	/System/Library/Frameworks/NetFS.framework/Versions/A/NetFS
0x000000000d58d000 	/System/Library/PrivateFrameworks/NetAuth.framework/Versions/A/NetAuth
0x000000000d58d000 	/System/Library/PrivateFrameworks/login.framework/Versions/A/Frameworks/loginsupport.framework/Versions/A/loginsupport
0x000000000d58d000 	/System/Library/PrivateFrameworks/TCC.framework/Versions/A/TCC
0x000000000d58d000 	/usr/lib/libmecabra.dylib
0x000000000d58d000 	/System/Library/Frameworks/ApplicationServices.framework/Versions/A/Frameworks/ATS.framework/Versions/A/ATS
0x000000000d58d000 	/System/Library/Frameworks/ApplicationServices.framework/Versions/A/Frameworks/ColorSync.framework/Versions/A/ColorSync
0x000000000d58d000 	/System/Library/Frameworks/ApplicationServices.framework/Versions/A/Frameworks/HIServices.framework/Versions/A/HIServices
0x000000000d58d000 	/System/Library/Frameworks/ApplicationServices.framework/Versions/A/Frameworks/LangAnalysis.framework/Versions/A/LangAnalysis
0x000000000d58d000 	/System/Library/Frameworks/ApplicationServices.framework/Versions/A/Frameworks/PrintCore.framework/Versions/A/PrintCore
0x000000000d58d000 	/System/Library/Frameworks/ApplicationServices.framework/Versions/A/Frameworks/QD.framework/Versions/A/QD
0x000000000d58d000 	/System/Library/Frameworks/ApplicationServices.framework/Versions/A/Frameworks/SpeechSynthesis.framework/Versions/A/SpeechSynthesis
0x000000000d58d000 	/System/Library/Frameworks/Accelerate.framework/Versions/A/Frameworks/vImage.framework/Versions/A/vImage
0x000000000d58d000 	/System/Library/Frameworks/Accelerate.framework/Versions/A/Frameworks/vecLib.framework/Versions/A/vecLib
0x000000000d58d000 	/System/Library/Frameworks/Accelerate.framework/Versions/A/Frameworks/vecLib.framework/Versions/A/libvDSP.dylib
0x000000000d58d000 	/System/Library/Frameworks/Accelerate.framework/Versions/A/Frameworks/vecLib.framework/Versions/A/libBNNS.dylib
0x000000000d58d000 	/System/Library/Frameworks/Accelerate.framework/Versions/A/Frameworks/vecLib.framework/Versions/A/libQuadrature.dylib
0x000000000d58d000 	/System/Library/Frameworks/Accelerate.framework/Versions/A/Frameworks/vecLib.framework/Versions/A/libvMisc.dylib
0x000000000d58d000 	/System/Library/Frameworks/Accelerate.framework/Versions/A/Frameworks/vecLib.framework/Versions/A/libLAPACK.dylib
0x000000000d58d000 	/System/Library/Frameworks/Accelerate.framework/Versions/A/Frameworks/vecLib.framework/Versions/A/libBLAS.dylib
0x000000000d58d000 	/System/Library/Frameworks/Accelerate.framework/Versions/A/Frameworks/vecLib.framework/Versions/A/libLinearAlgebra.dylib
0x000000000d58d000 	/System/Library/Frameworks/Accelerate.framework/Versions/A/Frameworks/vecLib.framework/Versions/A/libSparseBLAS.dylib
0x000000000d58d000 	/System/Library/Frameworks/ApplicationServices.framework/Versions/A/Frameworks/ATS.framework/Versions/A/Resources/libFontParser.dylib
0x000000000d58d000 	/System/Library/Frameworks/ApplicationServices.framework/Versions/A/Frameworks/ATS.framework/Versions/A/Resources/libFontRegistry.dylib
0x000000000d58d000 	/System/Library/Frameworks/ImageIO.framework/Versions/A/Resources/libJPEG.dylib
0x000000000d58d000 	/System/Library/Frameworks/ImageIO.framework/Versions/A/Resources/libTIFF.dylib
0x000000000d58d000 	/System/Library/Frameworks/ImageIO.framework/Versions/A/Resources/libPng.dylib
0x000000000d58d000 	/System/Library/Frameworks/ImageIO.framework/Versions/A/Resources/libGIF.dylib
0x000000000d58d000 	/System/Library/Frameworks/ImageIO.framework/Versions/A/Resources/libJP2.dylib
0x000000000d58d000 	/System/Library/Frameworks/ImageIO.framework/Versions/A/Resources/libRadiance.dylib
0x000000000d58d000 	/usr/lib/libcompression.dylib
0x000000000d58d000 	/System/Library/PrivateFrameworks/AppleJPEG.framework/Versions/A/AppleJPEG
0x000000000d58d000 	/usr/lib/libcups.2.dylib
0x000000000d58d000 	/System/Library/Frameworks/Kerberos.framework/Versions/A/Kerberos
0x000000000d58d000 	/System/Library/Frameworks/GSS.framework/Versions/A/GSS
0x000000000d58d000 	/usr/lib/libresolv.9.dylib
0x000000000d58d000 	/usr/lib/libiconv.2.dylib
0x000000000d58d000 	/System/Library/PrivateFrameworks/Heimdal.framework/Versions/A/Heimdal
0x000000000d58d000 	/usr/lib/libheimdal-asn1.dylib
0x000000000d58d000 	/System/Library/Frameworks/OpenDirectory.framework/Versions/A/OpenDirectory
0x000000000d58d000 	/System/Library/PrivateFrameworks/CommonAuth.framework/Versions/A/CommonAuth
0x000000000d58d000 	/System/Library/Frameworks/OpenDirectory.framework/Versions/A/Frameworks/CFOpenDirectory.framework/Versions/A/CFOpenDirectory
0x000000000d58d000 	/System/Library/Frameworks/SecurityFoundation.framework/Versions/A/SecurityFoundation
0x000000000d58d000 	/System/Library/PrivateFrameworks/LanguageModeling.framework/Versions/A/LanguageModeling
0x000000000d58d000 	/usr/lib/libmarisa.dylib
0x000000000d58d000 	/usr/lib/libChineseTokenizer.dylib
0x000000000d58d000 	/usr/lib/libcmph.dylib
0x000000000d58d000 	/System/Library/PrivateFrameworks/CoreEmoji.framework/Versions/A/CoreEmoji
0x000000000d58d000 	/System/Library/Frameworks/ServiceManagement.framework/Versions/A/ServiceManagement
0x000000000d58d000 	/usr/lib/libxslt.1.dylib
0x000000000d58d000 	/System/Library/Frameworks/Carbon.framework/Versions/A/Frameworks/Ink.framework/Versions/A/Ink
0x000000000d58d000 	/System/Library/PrivateFrameworks/TextureIO.framework/Versions/A/TextureIO
0x000000000d58d000 	/System/Library/Frameworks/Metal.framework/Versions/A/Metal
0x000000000d58d000 	/usr/lib/libate.dylib
0x000000000d58d000 	/System/Library/PrivateFrameworks/GPUCompiler.framework/libmetal_timestamp.dylib
0x000000000d58d000 	/System/Library/Frameworks/OpenGL.framework/Versions/A/Libraries/libCoreFSCache.dylib
0x000000000d58d000 	/System/Library/PrivateFrameworks/IOAccelerator.framework/Versions/A/IOAccelerator
0x000000000d58d000 	/System/Library/Frameworks/CoreVideo.framework/Versions/A/CoreVideo
0x000000000d58d000 	/usr/lib/libFosl_dynamic.dylib
0x000000000d58d000 	/System/Library/PrivateFrameworks/MetalPerformanceShaders.framework/Versions/A/MetalPerformanceShaders
0x000000000d58d000 	/System/Library/PrivateFrameworks/FaceCore.framework/Versions/A/FaceCore
0x000000000d58d000 	/System/Library/Frameworks/OpenCL.framework/Versions/A/OpenCL
0x000000000d58d000 	/System/Library/Frameworks/OpenGL.framework/Versions/A/Libraries/libGLU.dylib
0x000000000d58d000 	/System/Library/Frameworks/OpenGL.framework/Versions/A/Libraries/libGFXShared.dylib
0x000000000d58d000 	/System/Library/Frameworks/OpenGL.framework/Versions/A/Libraries/libGL.dylib
0x000000000d58d000 	/System/Library/Frameworks/OpenGL.framework/Versions/A/Libraries/libGLImage.dylib
0x000000000d58d000 	/System/Library/Frameworks/OpenGL.framework/Versions/A/Libraries/libCVMSPluginSupport.dylib
0x000000000d58d000 	/System/Library/Frameworks/OpenGL.framework/Versions/A/Libraries/libCoreVMClient.dylib
0x000000000d58d000 	/System/Library/PrivateFrameworks/CrashReporterSupport.framework/Versions/A/CrashReporterSupport
0x000000000d58d000 	/System/Library/PrivateFrameworks/Sharing.framework/Versions/A/Sharing
0x000000000d58d000 	/System/Library/PrivateFrameworks/IconServices.framework/Versions/A/IconServices
0x000000000d58d000 	/System/Library/PrivateFrameworks/ProtocolBuffer.framework/Versions/A/ProtocolBuffer
0x000000000d58d000 	/System/Library/PrivateFrameworks/Apple80211.framework/Versions/A/Apple80211
0x000000000d58d000 	/System/Library/Frameworks/CoreWLAN.framework/Versions/A/CoreWLAN
0x000000000d58d000 	/System/Library/PrivateFrameworks/CoreUtils.framework/Versions/A/CoreUtils
0x000000000d58d000 	/System/Library/Frameworks/IOBluetooth.framework/Versions/A/IOBluetooth
0x000000000d58d000 	/System/Library/PrivateFrameworks/CoreWiFi.framework/Versions/A/CoreWiFi
0x000000000d58d000 	/System/Library/Frameworks/CoreBluetooth.framework/Versions/A/CoreBluetooth
0x000000000d58d000 	/System/Library/Frameworks/CoreDisplay.framework/Versions/A/CoreDisplay
0x000000000d58d000 	/System/Library/PrivateFrameworks/IOPresentment.framework/Versions/A/IOPresentment
0x000000000d58d000 	/System/Library/PrivateFrameworks/DebugSymbols.framework/Versions/A/DebugSymbols
0x000000000d58d000 	/System/Library/PrivateFrameworks/CoreSymbolication.framework/Versions/A/CoreSymbolication
0x000000000d58d000 	/System/Library/PrivateFrameworks/Symbolication.framework/Versions/A/Symbolication
0x000000000d58d000 	/System/Library/PrivateFrameworks/AppleFSCompression.framework/Versions/A/AppleFSCompression
0x000000000d58d000 	/System/Library/PrivateFrameworks/SpeechRecognitionCore.framework/Versions/A/SpeechRecognitionCore
0x000000000d58d000 	/System/Library/PrivateFrameworks/ChunkingLibrary.framework/Versions/A/ChunkingLibrary
0x000000010e516000 	/System/Library/CoreServices/Encodings/libTraditionalChineseConverter.dylib
0x000000010ee00000 	/Library/Java/JavaVirtualMachines/jdk1.8.0_112.jdk/Contents/Home/jre/lib/server/libjvm.dylib
0x000000000d58d000 	/usr/lib/libstdc++.6.dylib
0x000000010e55d000 	/Library/Java/JavaVirtualMachines/jdk1.8.0_112.jdk/Contents/Home/jre/lib/libverify.dylib
0x000000010e56b000 	/Library/Java/JavaVirtualMachines/jdk1.8.0_112.jdk/Contents/Home/jre/lib/libjava.dylib
0x000000010e5aa000 	/Library/Java/JavaVirtualMachines/jdk1.8.0_112.jdk/Contents/Home/jre/lib/libzip.dylib
0x0000000125752000 	/System/Library/Frameworks/JavaVM.framework/Frameworks/JavaRuntimeSupport.framework/JavaRuntimeSupport
0x000000012576c000 	/System/Library/Frameworks/JavaVM.framework/Versions/A/Frameworks/JavaNativeFoundation.framework/Versions/A/JavaNativeFoundation
0x0000000125781000 	/System/Library/Frameworks/JavaVM.framework/Versions/A/JavaVM
0x000000000d58d000 	/System/Library/Frameworks/Carbon.framework/Versions/A/Carbon
0x000000012578e000 	/System/Library/PrivateFrameworks/JavaLaunching.framework/Versions/A/JavaLaunching
0x000000000d58d000 	/System/Library/Frameworks/Carbon.framework/Versions/A/Frameworks/CommonPanels.framework/Versions/A/CommonPanels
0x000000000d58d000 	/System/Library/Frameworks/Carbon.framework/Versions/A/Frameworks/Help.framework/Versions/A/Help
0x000000000d58d000 	/System/Library/Frameworks/Carbon.framework/Versions/A/Frameworks/ImageCapture.framework/Versions/A/ImageCapture
0x000000000d58d000 	/System/Library/Frameworks/Carbon.framework/Versions/A/Frameworks/OpenScripting.framework/Versions/A/OpenScripting
0x000000000d58d000 	/System/Library/Frameworks/Carbon.framework/Versions/A/Frameworks/Print.framework/Versions/A/Print
0x000000000d58d000 	/System/Library/Frameworks/Carbon.framework/Versions/A/Frameworks/SecurityHI.framework/Versions/A/SecurityHI
0x0000000127095000 	/Library/Java/JavaVirtualMachines/jdk1.8.0_112.jdk/Contents/Home/jre/lib/libawt.dylib
0x000000012713d000 	/Library/Java/JavaVirtualMachines/jdk1.8.0_112.jdk/Contents/Home/jre/lib/./libmlib_image.dylib
0x0000000127209000 	/Library/Java/JavaVirtualMachines/jdk1.8.0_112.jdk/Contents/Home/jre/lib/libawt_lwawt.dylib
0x00000001272c0000 	/Library/Java/JavaVirtualMachines/jdk1.8.0_112.jdk/Contents/Home/jre/lib/./libosxapp.dylib
0x000000000d58d000 	/System/Library/Frameworks/ExceptionHandling.framework/Versions/A/ExceptionHandling
0x000000000d58d000 	/System/Library/PrivateFrameworks/CoreServicesInternal.framework/Versions/A/CoreServicesInternal
0x000000000d58d000 	/System/Library/CoreServices/RawCamera.bundle/Contents/MacOS/RawCamera
0x000000000d58d000 	/System/Library/Frameworks/Accelerate.framework/Versions/A/Frameworks/vImage.framework/Versions/A/Libraries/libCGInterfaces.dylib
0x000000000d58d000 	/System/Library/Frameworks/ApplicationServices.framework/Versions/A/Frameworks/ATS.framework/Versions/A/Resources/libTrueTypeScaler.dylib
0x000000000d58d000 	/System/Library/Frameworks/OpenGL.framework/Versions/A/Resources/GLEngine.bundle/GLEngine
0x000000000d58d000 	/System/Library/Frameworks/OpenGL.framework/Versions/A/Libraries/libGLProgrammability.dylib
0x0000000128f70000 	/System/Library/Extensions/AppleIntelBDWGraphicsGLDriver.bundle/Contents/MacOS/AppleIntelBDWGraphicsGLDriver
0x000000000d58d000 	/System/Library/PrivateFrameworks/GPUSupport.framework/Versions/A/Libraries/libGPUSupportMercury.dylib
0x000000000d58d000 	/System/Library/Frameworks/OpenGL.framework/Versions/A/Resources/GLRendererFloat.bundle/GLRendererFloat
0x000000000d58d000 	/System/Library/Frameworks/OpenCL.framework/Versions/A/Libraries/libcldcpuengine.dylib
0x000000000d58d000 	/usr/lib/libcrypto.0.9.8.dylib
0x000000000d58d000 	/System/Library/PrivateFrameworks/TrustEvaluationAgent.framework/Versions/A/TrustEvaluationAgent
0x00000001296ea000 	/System/Library/Extensions/AppleIntelBDWGraphicsMTLDriver.bundle/Contents/MacOS/AppleIntelBDWGraphicsMTLDriver
0x000000000d58d000 	/System/Library/PrivateFrameworks/FamilyControls.framework/Versions/A/FamilyControls
0x000000000d58d000 	/System/Library/PrivateFrameworks/CommerceKit.framework/Versions/A/Frameworks/CommerceCore.framework/Versions/A/CommerceCore
0x000000000d58d000 	/System/Library/PrivateFrameworks/SystemAdministration.framework/Versions/A/SystemAdministration
0x000000000d58d000 	/System/Library/PrivateFrameworks/AppContainer.framework/Versions/A/AppContainer
0x000000000d58d000 	/System/Library/PrivateFrameworks/SecCodeWrapper.framework/Versions/A/SecCodeWrapper
0x000000000d58d000 	/System/Library/Frameworks/DirectoryService.framework/Versions/A/DirectoryService
0x000000000d58d000 	/System/Library/PrivateFrameworks/DiskImages.framework/Versions/A/DiskImages
0x000000000d58d000 	/System/Library/PrivateFrameworks/LoginUIKit.framework/Versions/A/Frameworks/LoginUICore.framework/Versions/A/LoginUICore
0x000000000d58d000 	/usr/lib/libCoreStorage.dylib
0x000000000d58d000 	/usr/lib/libcsfde.dylib
0x000000000d58d000 	/usr/lib/libodfde.dylib
0x000000000d58d000 	/System/Library/Frameworks/DiscRecording.framework/Versions/A/DiscRecording
0x000000000d58d000 	/usr/lib/libcurl.4.dylib
0x000000000d58d000 	/System/Library/PrivateFrameworks/MediaKit.framework/Versions/A/MediaKit
0x000000000d58d000 	/System/Library/PrivateFrameworks/ProtectedCloudStorage.framework/Versions/A/ProtectedCloudStorage
0x000000000d58d000 	/System/Library/PrivateFrameworks/EFILogin.framework/Versions/A/EFILogin
0x000000000d58d000 	/usr/lib/libutil.dylib
0x000000000d58d000 	/System/Library/Frameworks/LDAP.framework/Versions/A/LDAP
0x000000000d58d000 	/usr/lib/libsasl2.2.dylib
0x000000000d58d000 	/System/Library/PrivateFrameworks/CoreDaemon.framework/Versions/B/CoreDaemon
0x000000000d58d000 	/System/Library/PrivateFrameworks/AppleSRP.framework/Versions/A/AppleSRP
0x000000000d58d000 	/System/Library/PrivateFrameworks/APFS.framework/Versions/A/APFS
0x00000001282bd000 	/Library/Java/JavaVirtualMachines/jdk1.8.0_112.jdk/Contents/Home/jre/lib/libnio.dylib
0x000000012ac21000 	/Library/Java/JavaVirtualMachines/jdk1.8.0_112.jdk/Contents/Home/jre/lib/./libnet.dylib
0x000000012ac38000 	/Library/Java/JavaVirtualMachines/jdk1.8.0_112.jdk/Contents/Home/jre/lib/libfontmanager.dylib
0x0000000128af5000 	/Library/Java/JavaVirtualMachines/jdk1.8.0_112.jdk/Contents/Home/jre/lib/libosxui.dylib
0x000000000d58d000 	/System/Library/PrivateFrameworks/ViewBridge.framework/Versions/A/ViewBridge
0x000000000d58d000 	/System/Library/PrivateFrameworks/XPCService.framework/Versions/A/XPCService
0x000000000d58d000 	/System/Library/PrivateFrameworks/AppSandbox.framework/Versions/A/AppSandbox
0x000000000d58d000 	/usr/lib/libsandbox.1.dylib
0x000000000d58d000 	/usr/lib/libMatch.1.dylib

VM Arguments:
jvm_args: -Dfile.encoding=UTF-8 
java_command: student.demo.GameDemo
java_class_path (initial): /Users/tamseelong/Desktop/RetroSpaceInvader/lib/GameConsole.ob.jar:/Users/tamseelong/Desktop/RetroSpaceInvader/build/classes
Launcher Type: SUN_STANDARD

Environment Variables:
PATH=/usr/bin:/bin:/usr/sbin:/sbin
LD_LIBRARY_PATH=/Library/Java/JavaVirtualMachines/jdk1.8.0_112.jdk/Contents/Home/jre/lib/amd64:/Library/Java/JavaVirtualMachines/jdk1.8.0_112.jdk/Contents/Home/jre/lib/i386:
SHELL=/bin/bash

Signal Handlers:
SIGSEGV: [libjvm.dylib+0x5b11a5], sa_mask[0]=11111111011111110111111111111111, sa_flags=SA_ONSTACK|SA_RESTART|SA_SIGINFO
SIGBUS: [libjvm.dylib+0x5b11a5], sa_mask[0]=11111111011111110111111111111111, sa_flags=SA_RESTART|SA_SIGINFO
SIGFPE: [libjvm.dylib+0x487dc0], sa_mask[0]=11111111011111110111111111111111, sa_flags=SA_RESTART|SA_SIGINFO
SIGPIPE: [libjvm.dylib+0x487dc0], sa_mask[0]=11111111011111110111111111111111, sa_flags=SA_RESTART|SA_SIGINFO
SIGXFSZ: [libjvm.dylib+0x487dc0], sa_mask[0]=11111111011111110111111111111111, sa_flags=SA_RESTART|SA_SIGINFO
SIGILL: [libjvm.dylib+0x487dc0], sa_mask[0]=11111111011111110111111111111111, sa_flags=SA_RESTART|SA_SIGINFO
SIGUSR1: SIG_DFL, sa_mask[0]=11011111011111100000000111000110, sa_flags=none
SIGUSR2: [libjvm.dylib+0x4878de], sa_mask[0]=00100000000000000000000000000000, sa_flags=SA_RESTART|SA_SIGINFO
SIGHUP: [libjvm.dylib+0x485eb5], sa_mask[0]=11111111011111110111111111111111, sa_flags=SA_RESTART|SA_SIGINFO
SIGINT: SIG_IGN, sa_mask[0]=00000000000000000000000000000000, sa_flags=none
SIGTERM: [libjvm.dylib+0x485eb5], sa_mask[0]=11111111011111110111111111111111, sa_flags=SA_RESTART|SA_SIGINFO
SIGQUIT: [libjvm.dylib+0x485eb5], sa_mask[0]=11111111011111110111111111111111, sa_flags=SA_RESTART|SA_SIGINFO


---------------  S Y S T E M  ---------------

OS:Bsduname:Darwin 16.0.0 Darwin Kernel Version 16.0.0: Mon Aug 29 17:56:20 PDT 2016; root:xnu-3789.1.32~3/RELEASE_X86_64 x86_64
rlimit: STACK 8192k, CORE 0k, NPROC 709, NOFILE 10240, AS infinity
load average:3.04 2.53 2.03

CPU:total 4 (2 cores per cpu, 2 threads per core) family 6 model 61 stepping 4, cmov, cx8, fxsr, mmx, sse, sse2, sse3, ssse3, sse4.1, sse4.2, popcnt, avx, avx2, aes, clmul, erms, 3dnowpref, lzcnt, ht, tsc, tscinvbit, bmi1, bmi2, adx

Memory: 4k page, physical 8388608k(29540k free)

/proc/meminfo:


vm_info: Java HotSpot(TM) 64-Bit Server VM (25.112-b16) for bsd-amd64 JRE (1.8.0_112-b16), built on Sep 30 2016 22:41:41 by "java_re" with gcc 4.2.1 (Based on Apple Inc. build 5658) (LLVM build 2336.11.00)

time: Thu Nov  9 17:55:09 2017
elapsed time: 10 seconds (0d 0h 0m 10s)

